

Microchip MPLAB XC8 Assembler V2.41 build 20230208172133 
                                                                                               Mon Aug 07 21:05:57 2023

Microchip MPLAB XC8 C Compiler v2.41 (Free license) build 20230208172133 Og1 
     1                           	processor	16F887
     2                           	pagewidth 120
     3                           	opt	flic
     4                           	psect	cinit,global,class=CODE,merge=1,delta=2
     5                           	psect	bssCOMMON,global,class=COMMON,space=1,delta=1,noexec
     6                           	psect	cstackCOMMON,global,class=COMMON,space=1,delta=1,noexec
     7                           	psect	cstackBANK0,global,class=BANK0,space=1,delta=1,noexec
     8                           	psect	maintext,global,class=CODE,split=1,delta=2
     9                           	psect	text1,local,class=CODE,merge=1,delta=2
    10                           	psect	text2,local,class=CODE,merge=1,delta=2
    11                           	psect	text3,local,class=CODE,merge=1,delta=2
    12                           	psect	text4,local,class=CODE,merge=1,delta=2
    13                           	psect	text5,local,class=CODE,merge=1,delta=2
    14                           	psect	intentry,global,class=CODE,delta=2
    15                           	psect	config,global,abs,ovrld,class=CONFIG,space=4,delta=2,noexec
    16                           	dabs	1,0x7E,2
    17     0000                     
    18                           ; Generated 22/03/2023 GMT
    19                           ; 
    20                           ; Copyright © 2023, Microchip Technology Inc. and its subsidiaries ("Microchip")
    21                           ; All rights reserved.
    22                           ; 
    23                           ; This software is developed by Microchip Technology Inc. and its subsidiaries ("Microch
      +                          ip").
    24                           ; 
    25                           ; Redistribution and use in source and binary forms, with or without modification, are
    26                           ; permitted provided that the following conditions are met:
    27                           ; 
    28                           ;     1. Redistributions of source code must retain the above copyright notice, this lis
      +                          t of
    29                           ;        conditions and the following disclaimer.
    30                           ; 
    31                           ;     2. Redistributions in binary form must reproduce the above copyright notice, this 
      +                          list
    32                           ;        of conditions and the following disclaimer in the documentation and/or other
    33                           ;        materials provided with the distribution. Publication is not required when
    34                           ;        this file is used in an embedded application.
    35                           ; 
    36                           ;     3. Microchip's name may not be used to endorse or promote products derived from th
      +                          is
    37                           ;        software without specific prior written permission.
    38                           ; 
    39                           ; THIS SOFTWARE IS PROVIDED BY MICROCHIP "AS IS" AND ANY EXPRESS OR IMPLIED WARRANTIES,
    40                           ; INCLUDING, BUT NOT LIMITED TO, THE IMPLIED WARRANTIES OF MERCHANTABILITY AND FITNESS F
      +                          OR
    41                           ; PURPOSE ARE DISCLAIMED.  IN NO EVENT SHALL MICROCHIP BE LIABLE FOR ANY DIRECT, INDIREC
      +                          T,
    42                           ; INCIDENTAL, SPECIAL, EXEMPLARY, OR CONSEQUENTIAL DAMAGES (INCLUDING BUT NOT LIMITED TO
    43                           ; PROCUREMENT OF SUBSTITUTE GOODS OR SERVICES; LOSS OF USE, DATA OR PROFITS; OR BUSINESS
    44                           ; INTERRUPTION) HOWSOEVER CAUSED AND ON ANY THEORY OF LIABILITY, WHETHER IN CONTRACT, ST
      +                          RICT
    45                           ; LIABILITY, OR TORT (INCLUDING NEGLIGENCE OR OTHERWISE) ARISING IN ANY WAY OUT OF THE U
      +                          SE OF
    46                           ; THIS SOFTWARE, EVEN IF ADVISED OF THE POSSIBILITY OF SUCH DAMAGE.
    47                           ; 
    48                           ; 
    49                           ; Code-generator required, PIC16F887 Definitions
    50                           ; 
    51                           ; SFR Addresses
    52     0000                     	;# 
    53     0001                     	;# 
    54     0002                     	;# 
    55     0003                     	;# 
    56     0004                     	;# 
    57     0005                     	;# 
    58     0006                     	;# 
    59     0007                     	;# 
    60     0008                     	;# 
    61     0009                     	;# 
    62     000A                     	;# 
    63     000B                     	;# 
    64     000C                     	;# 
    65     000D                     	;# 
    66     000E                     	;# 
    67     000E                     	;# 
    68     000F                     	;# 
    69     0010                     	;# 
    70     0011                     	;# 
    71     0012                     	;# 
    72     0013                     	;# 
    73     0014                     	;# 
    74     0015                     	;# 
    75     0015                     	;# 
    76     0016                     	;# 
    77     0017                     	;# 
    78     0018                     	;# 
    79     0019                     	;# 
    80     001A                     	;# 
    81     001B                     	;# 
    82     001B                     	;# 
    83     001C                     	;# 
    84     001D                     	;# 
    85     001E                     	;# 
    86     001F                     	;# 
    87     0081                     	;# 
    88     0085                     	;# 
    89     0086                     	;# 
    90     0087                     	;# 
    91     0088                     	;# 
    92     0089                     	;# 
    93     008C                     	;# 
    94     008D                     	;# 
    95     008E                     	;# 
    96     008F                     	;# 
    97     0090                     	;# 
    98     0091                     	;# 
    99     0092                     	;# 
   100     0093                     	;# 
   101     0093                     	;# 
   102     0093                     	;# 
   103     0094                     	;# 
   104     0095                     	;# 
   105     0096                     	;# 
   106     0097                     	;# 
   107     0098                     	;# 
   108     0099                     	;# 
   109     009A                     	;# 
   110     009B                     	;# 
   111     009C                     	;# 
   112     009D                     	;# 
   113     009E                     	;# 
   114     009F                     	;# 
   115     0105                     	;# 
   116     0107                     	;# 
   117     0108                     	;# 
   118     0109                     	;# 
   119     010C                     	;# 
   120     010C                     	;# 
   121     010D                     	;# 
   122     010E                     	;# 
   123     010F                     	;# 
   124     0185                     	;# 
   125     0187                     	;# 
   126     0188                     	;# 
   127     0189                     	;# 
   128     018C                     	;# 
   129     018D                     	;# 
   130     0000                     	;# 
   131     0001                     	;# 
   132     0002                     	;# 
   133     0003                     	;# 
   134     0004                     	;# 
   135     0005                     	;# 
   136     0006                     	;# 
   137     0007                     	;# 
   138     0008                     	;# 
   139     0009                     	;# 
   140     000A                     	;# 
   141     000B                     	;# 
   142     000C                     	;# 
   143     000D                     	;# 
   144     000E                     	;# 
   145     000E                     	;# 
   146     000F                     	;# 
   147     0010                     	;# 
   148     0011                     	;# 
   149     0012                     	;# 
   150     0013                     	;# 
   151     0014                     	;# 
   152     0015                     	;# 
   153     0015                     	;# 
   154     0016                     	;# 
   155     0017                     	;# 
   156     0018                     	;# 
   157     0019                     	;# 
   158     001A                     	;# 
   159     001B                     	;# 
   160     001B                     	;# 
   161     001C                     	;# 
   162     001D                     	;# 
   163     001E                     	;# 
   164     001F                     	;# 
   165     0081                     	;# 
   166     0085                     	;# 
   167     0086                     	;# 
   168     0087                     	;# 
   169     0088                     	;# 
   170     0089                     	;# 
   171     008C                     	;# 
   172     008D                     	;# 
   173     008E                     	;# 
   174     008F                     	;# 
   175     0090                     	;# 
   176     0091                     	;# 
   177     0092                     	;# 
   178     0093                     	;# 
   179     0093                     	;# 
   180     0093                     	;# 
   181     0094                     	;# 
   182     0095                     	;# 
   183     0096                     	;# 
   184     0097                     	;# 
   185     0098                     	;# 
   186     0099                     	;# 
   187     009A                     	;# 
   188     009B                     	;# 
   189     009C                     	;# 
   190     009D                     	;# 
   191     009E                     	;# 
   192     009F                     	;# 
   193     0105                     	;# 
   194     0107                     	;# 
   195     0108                     	;# 
   196     0109                     	;# 
   197     010C                     	;# 
   198     010C                     	;# 
   199     010D                     	;# 
   200     010E                     	;# 
   201     010F                     	;# 
   202     0185                     	;# 
   203     0187                     	;# 
   204     0188                     	;# 
   205     0189                     	;# 
   206     018C                     	;# 
   207     018D                     	;# 
   208     0000                     	;# 
   209     0001                     	;# 
   210     0002                     	;# 
   211     0003                     	;# 
   212     0004                     	;# 
   213     0005                     	;# 
   214     0006                     	;# 
   215     0007                     	;# 
   216     0008                     	;# 
   217     0009                     	;# 
   218     000A                     	;# 
   219     000B                     	;# 
   220     000C                     	;# 
   221     000D                     	;# 
   222     000E                     	;# 
   223     000E                     	;# 
   224     000F                     	;# 
   225     0010                     	;# 
   226     0011                     	;# 
   227     0012                     	;# 
   228     0013                     	;# 
   229     0014                     	;# 
   230     0015                     	;# 
   231     0015                     	;# 
   232     0016                     	;# 
   233     0017                     	;# 
   234     0018                     	;# 
   235     0019                     	;# 
   236     001A                     	;# 
   237     001B                     	;# 
   238     001B                     	;# 
   239     001C                     	;# 
   240     001D                     	;# 
   241     001E                     	;# 
   242     001F                     	;# 
   243     0081                     	;# 
   244     0085                     	;# 
   245     0086                     	;# 
   246     0087                     	;# 
   247     0088                     	;# 
   248     0089                     	;# 
   249     008C                     	;# 
   250     008D                     	;# 
   251     008E                     	;# 
   252     008F                     	;# 
   253     0090                     	;# 
   254     0091                     	;# 
   255     0092                     	;# 
   256     0093                     	;# 
   257     0093                     	;# 
   258     0093                     	;# 
   259     0094                     	;# 
   260     0095                     	;# 
   261     0096                     	;# 
   262     0097                     	;# 
   263     0098                     	;# 
   264     0099                     	;# 
   265     009A                     	;# 
   266     009B                     	;# 
   267     009C                     	;# 
   268     009D                     	;# 
   269     009E                     	;# 
   270     009F                     	;# 
   271     0105                     	;# 
   272     0107                     	;# 
   273     0108                     	;# 
   274     0109                     	;# 
   275     010C                     	;# 
   276     010C                     	;# 
   277     010D                     	;# 
   278     010E                     	;# 
   279     010F                     	;# 
   280     0185                     	;# 
   281     0187                     	;# 
   282     0188                     	;# 
   283     0189                     	;# 
   284     018C                     	;# 
   285     018D                     	;# 
   286     0000                     	;# 
   287     0001                     	;# 
   288     0002                     	;# 
   289     0003                     	;# 
   290     0004                     	;# 
   291     0005                     	;# 
   292     0006                     	;# 
   293     0007                     	;# 
   294     0008                     	;# 
   295     0009                     	;# 
   296     000A                     	;# 
   297     000B                     	;# 
   298     000C                     	;# 
   299     000D                     	;# 
   300     000E                     	;# 
   301     000E                     	;# 
   302     000F                     	;# 
   303     0010                     	;# 
   304     0011                     	;# 
   305     0012                     	;# 
   306     0013                     	;# 
   307     0014                     	;# 
   308     0015                     	;# 
   309     0015                     	;# 
   310     0016                     	;# 
   311     0017                     	;# 
   312     0018                     	;# 
   313     0019                     	;# 
   314     001A                     	;# 
   315     001B                     	;# 
   316     001B                     	;# 
   317     001C                     	;# 
   318     001D                     	;# 
   319     001E                     	;# 
   320     001F                     	;# 
   321     0081                     	;# 
   322     0085                     	;# 
   323     0086                     	;# 
   324     0087                     	;# 
   325     0088                     	;# 
   326     0089                     	;# 
   327     008C                     	;# 
   328     008D                     	;# 
   329     008E                     	;# 
   330     008F                     	;# 
   331     0090                     	;# 
   332     0091                     	;# 
   333     0092                     	;# 
   334     0093                     	;# 
   335     0093                     	;# 
   336     0093                     	;# 
   337     0094                     	;# 
   338     0095                     	;# 
   339     0096                     	;# 
   340     0097                     	;# 
   341     0098                     	;# 
   342     0099                     	;# 
   343     009A                     	;# 
   344     009B                     	;# 
   345     009C                     	;# 
   346     009D                     	;# 
   347     009E                     	;# 
   348     009F                     	;# 
   349     0105                     	;# 
   350     0107                     	;# 
   351     0108                     	;# 
   352     0109                     	;# 
   353     010C                     	;# 
   354     010C                     	;# 
   355     010D                     	;# 
   356     010E                     	;# 
   357     010F                     	;# 
   358     0185                     	;# 
   359     0187                     	;# 
   360     0188                     	;# 
   361     0189                     	;# 
   362     018C                     	;# 
   363     018D                     	;# 
   364     0006                     _PORTB	set	6
   365     0008                     _PORTD	set	8
   366     0014                     _SSPCONbits	set	20
   367     000C                     _PIR1bits	set	12
   368     001E                     _ADRESH	set	30
   369     001F                     _ADCON0bits	set	31
   370     0013                     _SSPBUF	set	19
   371     0014                     _SSPCON	set	20
   372     0063                     _SSPIF	set	99
   373     005E                     _PEIE	set	94
   374     005F                     _GIE	set	95
   375     0088                     _TRISD	set	136
   376     0086                     _TRISB	set	134
   377     0094                     _SSPSTATbits	set	148
   378     009F                     _ADCON1bits	set	159
   379     0091                     _SSPCON2bits	set	145
   380     0087                     _TRISCbits	set	135
   381     0094                     _SSPSTAT	set	148
   382     0093                     _SSPADD	set	147
   383     0091                     _SSPCON2	set	145
   384     04A0                     _BF	set	1184
   385     0463                     _SSPIE	set	1123
   386     043C                     _TRISC4	set	1084
   387     043B                     _TRISC3	set	1083
   388     0189                     _ANSELH	set	393
   389     0188                     _ANSEL	set	392
   390                           
   391                           	psect	cinit
   392     000F                     start_initialization:	
   393                           ; #config settings
   394                           
   395     000F                     __initialization:
   396                           
   397                           ; Clear objects allocated to COMMON
   398     000F  01F0               	clrf	__pbssCOMMON& (0+127)
   399     0010  01F1               	clrf	(__pbssCOMMON+1)& (0+127)
   400     0011  01F2               	clrf	(__pbssCOMMON+2)& (0+127)
   401     0012  01F3               	clrf	(__pbssCOMMON+3)& (0+127)
   402     0013  01F4               	clrf	(__pbssCOMMON+4)& (0+127)
   403     0014  01F5               	clrf	(__pbssCOMMON+5)& (0+127)
   404     0015  01F6               	clrf	(__pbssCOMMON+6)& (0+127)
   405     0016                     end_of_initialization:	
   406                           ;End of C runtime variable initialization code
   407                           
   408     0016                     __end_of__initialization:
   409     0016  0183               	clrf	3
   410     0017  120A  118A  28EC   	ljmp	_main	;jump to C main() function
   411                           
   412                           	psect	bssCOMMON
   413     0070                     __pbssCOMMON:
   414     0070                     _channel:
   415     0070                     	ds	2
   416     0072                     _adc_result:
   417     0072                     	ds	2
   418     0074                     _dato:
   419     0074                     	ds	1
   420     0075                     _ADC:
   421     0075                     	ds	1
   422     0076                     _z:
   423     0076                     	ds	1
   424                           
   425                           	psect	cstackCOMMON
   426     0077                     __pcstackCOMMON:
   427     0077                     ?_setup:
   428     0077                     ?_I2C_Slave_Init:	
   429                           ; 1 bytes @ 0x0
   430                           
   431     0077                     ?_isr:	
   432                           ; 1 bytes @ 0x0
   433                           
   434     0077                     ??_isr:	
   435                           ; 1 bytes @ 0x0
   436                           
   437     0077                     ?_main:	
   438                           ; 1 bytes @ 0x0
   439                           
   440                           
   441                           ; 1 bytes @ 0x0
   442     0077                     	ds	3
   443     007A                     ??_I2C_Slave_Init:
   444     007A                     ??_adc_init:	
   445                           ; 1 bytes @ 0x3
   446                           
   447     007A                     I2C_Slave_Init@address:	
   448                           ; 1 bytes @ 0x3
   449                           
   450                           
   451                           ; 1 bytes @ 0x3
   452     007A                     	ds	1
   453     007B                     ??_setup:
   454     007B                     ??_main:	
   455                           ; 1 bytes @ 0x4
   456                           
   457                           
   458                           	psect	cstackBANK0
   459     0020                     __pcstackBANK0:	
   460                           ; 1 bytes @ 0x4
   461                           
   462     0020                     ?_adc_init:
   463     0020                     ?_adc_read:	
   464                           ; 1 bytes @ 0x0
   465                           
   466     0020                     adc_init@channel:	
   467                           ; 2 bytes @ 0x0
   468                           
   469     0020                     adc_read@channel:	
   470                           ; 2 bytes @ 0x0
   471                           
   472                           
   473                           ; 2 bytes @ 0x0
   474     0020                     	ds	2
   475     0022                     ??_adc_read:
   476                           
   477                           ; 1 bytes @ 0x2
   478     0022                     	ds	2
   479                           
   480                           	psect	maintext
   481     00EC                     __pmaintext:	
   482 ;;
   483 ;;Main: autosize = 0, tempsize = 0, incstack = 0, save=0
   484 ;;
   485 ;; *************** function _main *****************
   486 ;; Defined at:
   487 ;;		line 86 in file "main.c"
   488 ;; Parameters:    Size  Location     Type
   489 ;;		None
   490 ;; Auto vars:     Size  Location     Type
   491 ;;		None
   492 ;; Return value:  Size  Location     Type
   493 ;;                  1    wreg      void 
   494 ;; Registers used:
   495 ;;		wreg, status,2, status,0, pclath, cstack
   496 ;; Tracked objects:
   497 ;;		On entry : B00/0
   498 ;;		On exit  : 0/0
   499 ;;		Unchanged: 0/0
   500 ;; Data sizes:     COMMON   BANK0   BANK1   BANK3   BANK2
   501 ;;      Params:         0       0       0       0       0
   502 ;;      Locals:         0       0       0       0       0
   503 ;;      Temps:          0       0       0       0       0
   504 ;;      Totals:         0       0       0       0       0
   505 ;;Total ram usage:        0 bytes
   506 ;; Hardware stack levels required when called: 3
   507 ;; This function calls:
   508 ;;		_adc_read
   509 ;;		_setup
   510 ;; This function is called by:
   511 ;;		Startup code after reset
   512 ;; This function uses a non-reentrant model
   513 ;;
   514                           
   515     00EC                     _main:	
   516                           ;psect for function _main
   517                           
   518     00EC                     l958:	
   519                           ;incstack = 0
   520                           ; Regs used in _main: [wreg+status,2+status,0+pclath+cstack]
   521                           
   522                           
   523                           ;main.c: 87:     setup();
   524     00EC  120A  118A  2098  120A  118A  	fcall	_setup
   525     00F1                     l148:	
   526                           ;main.c: 91:     while(1){
   527                           
   528                           
   529                           ;main.c: 92:         ADC = adc_read(0);
   530     00F1  3000               	movlw	0
   531     00F2  1283               	bcf	3,5	;RP0=0, select bank0
   532     00F3  1303               	bcf	3,6	;RP1=0, select bank0
   533     00F4  00A0               	movwf	adc_read@channel
   534     00F5  00A1               	movwf	adc_read@channel+1
   535     00F6  120A  118A  2077  120A  118A  	fcall	_adc_read
   536     00FB  1283               	bcf	3,5	;RP0=0, select bank0
   537     00FC  1303               	bcf	3,6	;RP1=0, select bank0
   538     00FD  0820               	movf	?_adc_read,w
   539     00FE  00F5               	movwf	_ADC
   540     00FF  28F1               	goto	l148
   541     0100  120A  118A  280C   	ljmp	start
   542     0103                     __end_of_main:
   543                           
   544                           	psect	text1
   545     0098                     __ptext1:	
   546 ;; *************** function _setup *****************
   547 ;; Defined at:
   548 ;;		line 99 in file "main.c"
   549 ;; Parameters:    Size  Location     Type
   550 ;;		None
   551 ;; Auto vars:     Size  Location     Type
   552 ;;		None
   553 ;; Return value:  Size  Location     Type
   554 ;;                  1    wreg      void 
   555 ;; Registers used:
   556 ;;		wreg, status,2, status,0, pclath, cstack
   557 ;; Tracked objects:
   558 ;;		On entry : 0/0
   559 ;;		On exit  : 0/0
   560 ;;		Unchanged: 0/0
   561 ;; Data sizes:     COMMON   BANK0   BANK1   BANK3   BANK2
   562 ;;      Params:         0       0       0       0       0
   563 ;;      Locals:         0       0       0       0       0
   564 ;;      Temps:          0       0       0       0       0
   565 ;;      Totals:         0       0       0       0       0
   566 ;;Total ram usage:        0 bytes
   567 ;; Hardware stack levels used: 1
   568 ;; Hardware stack levels required when called: 2
   569 ;; This function calls:
   570 ;;		_I2C_Slave_Init
   571 ;;		_adc_init
   572 ;; This function is called by:
   573 ;;		_main
   574 ;; This function uses a non-reentrant model
   575 ;;
   576                           
   577     0098                     _setup:	
   578                           ;psect for function _setup
   579                           
   580     0098                     l942:	
   581                           ;incstack = 0
   582                           ; Regs used in _setup: [wreg+status,2+status,0+pclath+cstack]
   583                           
   584                           
   585                           ;main.c: 100:     ANSEL = 0x01;
   586     0098  3001               	movlw	1
   587     0099  1683               	bsf	3,5	;RP0=1, select bank3
   588     009A  1703               	bsf	3,6	;RP1=1, select bank3
   589     009B  0088               	movwf	8	;volatile
   590     009C                     l944:
   591                           
   592                           ;main.c: 101:     ANSELH = 0;
   593     009C  0189               	clrf	9	;volatile
   594     009D                     l946:
   595                           
   596                           ;main.c: 103:     adc_init(0);
   597     009D  3000               	movlw	0
   598     009E  1283               	bcf	3,5	;RP0=0, select bank0
   599     009F  1303               	bcf	3,6	;RP1=0, select bank0
   600     00A0  00A0               	movwf	adc_init@channel
   601     00A1  00A1               	movwf	adc_init@channel+1
   602     00A2  120A  118A  20B6  120A  118A  	fcall	_adc_init
   603     00A7                     l948:
   604                           
   605                           ;main.c: 105:     TRISB = 0;
   606     00A7  1683               	bsf	3,5	;RP0=1, select bank1
   607     00A8  1303               	bcf	3,6	;RP1=0, select bank1
   608     00A9  0186               	clrf	6	;volatile
   609     00AA                     l950:
   610                           
   611                           ;main.c: 106:     TRISD = 0;
   612     00AA  0188               	clrf	8	;volatile
   613     00AB                     l952:
   614                           
   615                           ;main.c: 108:     PORTB = 0;
   616     00AB  1283               	bcf	3,5	;RP0=0, select bank0
   617     00AC  1303               	bcf	3,6	;RP1=0, select bank0
   618     00AD  0186               	clrf	6	;volatile
   619     00AE                     l954:
   620                           
   621                           ;main.c: 109:     PORTD = 0;
   622     00AE  0188               	clrf	8	;volatile
   623     00AF                     l956:
   624                           
   625                           ;main.c: 110:     I2C_Slave_Init(0x50);
   626     00AF  3050               	movlw	80
   627     00B0  120A  118A  20D2  120A  118A  	fcall	_I2C_Slave_Init
   628     00B5                     l154:
   629     00B5  0008               	return
   630     00B6                     __end_of_setup:
   631                           
   632                           	psect	text2
   633     00B6                     __ptext2:	
   634 ;; *************** function _adc_init *****************
   635 ;; Defined at:
   636 ;;		line 7 in file "adc.c"
   637 ;; Parameters:    Size  Location     Type
   638 ;;  channel         2    0[BANK0 ] int 
   639 ;; Auto vars:     Size  Location     Type
   640 ;;		None
   641 ;; Return value:  Size  Location     Type
   642 ;;                  1    wreg      void 
   643 ;; Registers used:
   644 ;;		wreg, status,2, status,0
   645 ;; Tracked objects:
   646 ;;		On entry : 0/0
   647 ;;		On exit  : 0/0
   648 ;;		Unchanged: 0/0
   649 ;; Data sizes:     COMMON   BANK0   BANK1   BANK3   BANK2
   650 ;;      Params:         0       2       0       0       0
   651 ;;      Locals:         0       0       0       0       0
   652 ;;      Temps:          1       0       0       0       0
   653 ;;      Totals:         1       2       0       0       0
   654 ;;Total ram usage:        3 bytes
   655 ;; Hardware stack levels used: 1
   656 ;; Hardware stack levels required when called: 1
   657 ;; This function calls:
   658 ;;		Nothing
   659 ;; This function is called by:
   660 ;;		_setup
   661 ;; This function uses a non-reentrant model
   662 ;;
   663                           
   664     00B6                     _adc_init:	
   665                           ;psect for function _adc_init
   666                           
   667     00B6                     l924:	
   668                           ;incstack = 0
   669                           ; Regs used in _adc_init: [wreg+status,2+status,0]
   670                           
   671                           
   672                           ;adc.c: 8:     ADCON1bits.ADFM = 0;
   673     00B6  1683               	bsf	3,5	;RP0=1, select bank1
   674     00B7  1303               	bcf	3,6	;RP1=0, select bank1
   675     00B8  139F               	bcf	31,7	;volatile
   676                           
   677                           ;adc.c: 9:     ADCON1bits.VCFG0 = 0;
   678     00B9  121F               	bcf	31,4	;volatile
   679                           
   680                           ;adc.c: 10:     ADCON1bits.VCFG1 = 0;
   681     00BA  129F               	bcf	31,5	;volatile
   682                           
   683                           ;adc.c: 12:     ADCON0bits.ADCS0 = 0;
   684     00BB  1283               	bcf	3,5	;RP0=0, select bank0
   685     00BC  1303               	bcf	3,6	;RP1=0, select bank0
   686     00BD  131F               	bcf	31,6	;volatile
   687                           
   688                           ;adc.c: 13:     ADCON0bits.ADCS1 = 1;
   689     00BE  179F               	bsf	31,7	;volatile
   690     00BF                     l926:
   691                           
   692                           ;adc.c: 14:     ADCON0bits.CHS = channel;
   693     00BF  0820               	movf	adc_init@channel,w
   694     00C0  00FA               	movwf	??_adc_init
   695     00C1  0DFA               	rlf	??_adc_init,f
   696     00C2  0DFA               	rlf	??_adc_init,f
   697     00C3  081F               	movf	31,w	;volatile
   698     00C4  067A               	xorwf	??_adc_init,w
   699     00C5  39C3               	andlw	-61
   700     00C6  067A               	xorwf	??_adc_init,w
   701     00C7  009F               	movwf	31	;volatile
   702     00C8                     l928:
   703                           
   704                           ;adc.c: 15:     _delay((unsigned long)((100)*(8000000/4000000.0)));
   705     00C8  3042               	movlw	66
   706     00C9  00FA               	movwf	??_adc_init
   707     00CA                     u197:
   708     00CA  0BFA               	decfsz	??_adc_init,f
   709     00CB  28CA               	goto	u197
   710     00CC  0000               	nop
   711     00CD                     l930:
   712                           
   713                           ;adc.c: 16:     ADCON0bits.ADON = 1;
   714     00CD  1283               	bcf	3,5	;RP0=0, select bank0
   715     00CE  1303               	bcf	3,6	;RP1=0, select bank0
   716     00CF  141F               	bsf	31,0	;volatile
   717     00D0                     l932:
   718                           
   719                           ;adc.c: 18:     ADCON0bits.GO = 1;
   720     00D0  149F               	bsf	31,1	;volatile
   721     00D1                     l72:
   722     00D1  0008               	return
   723     00D2                     __end_of_adc_init:
   724                           
   725                           	psect	text3
   726     00D2                     __ptext3:	
   727 ;; *************** function _I2C_Slave_Init *****************
   728 ;; Defined at:
   729 ;;		line 93 in file "I2C.c"
   730 ;; Parameters:    Size  Location     Type
   731 ;;  address         1    wreg     unsigned char 
   732 ;; Auto vars:     Size  Location     Type
   733 ;;  address         1    3[COMMON] unsigned char 
   734 ;; Return value:  Size  Location     Type
   735 ;;                  1    wreg      void 
   736 ;; Registers used:
   737 ;;		wreg
   738 ;; Tracked objects:
   739 ;;		On entry : 0/0
   740 ;;		On exit  : 0/0
   741 ;;		Unchanged: 0/0
   742 ;; Data sizes:     COMMON   BANK0   BANK1   BANK3   BANK2
   743 ;;      Params:         0       0       0       0       0
   744 ;;      Locals:         1       0       0       0       0
   745 ;;      Temps:          0       0       0       0       0
   746 ;;      Totals:         1       0       0       0       0
   747 ;;Total ram usage:        1 bytes
   748 ;; Hardware stack levels used: 1
   749 ;; Hardware stack levels required when called: 1
   750 ;; This function calls:
   751 ;;		Nothing
   752 ;; This function is called by:
   753 ;;		_setup
   754 ;; This function uses a non-reentrant model
   755 ;;
   756                           
   757     00D2                     _I2C_Slave_Init:	
   758                           ;psect for function _I2C_Slave_Init
   759                           
   760                           
   761                           ;incstack = 0
   762                           ; Regs used in _I2C_Slave_Init: [wreg]
   763                           ;I2C_Slave_Init@address stored from wreg
   764     00D2  00FA               	movwf	I2C_Slave_Init@address
   765     00D3                     l746:
   766                           
   767                           ;I2C.c: 93: void I2C_Slave_Init(uint8_t address);I2C.c: 94: {;I2C.c: 95:     SSPADD = ad
      +                          dress;
   768     00D3  087A               	movf	I2C_Slave_Init@address,w
   769     00D4  1683               	bsf	3,5	;RP0=1, select bank1
   770     00D5  1303               	bcf	3,6	;RP1=0, select bank1
   771     00D6  0093               	movwf	19	;volatile
   772                           
   773                           ;I2C.c: 96:     SSPCON = 0x36;
   774     00D7  3036               	movlw	54
   775     00D8  1283               	bcf	3,5	;RP0=0, select bank0
   776     00D9  1303               	bcf	3,6	;RP1=0, select bank0
   777     00DA  0094               	movwf	20	;volatile
   778                           
   779                           ;I2C.c: 97:     SSPSTAT = 0x80;
   780     00DB  3080               	movlw	128
   781     00DC  1683               	bsf	3,5	;RP0=1, select bank1
   782     00DD  1303               	bcf	3,6	;RP1=0, select bank1
   783     00DE  0094               	movwf	20	;volatile
   784                           
   785                           ;I2C.c: 98:     SSPCON2 = 0x01;
   786     00DF  3001               	movlw	1
   787     00E0  0091               	movwf	17	;volatile
   788     00E1                     l748:
   789                           
   790                           ;I2C.c: 99:     TRISC3 = 1;
   791     00E1  1587               	bsf	7,3	;volatile
   792     00E2                     l750:
   793                           
   794                           ;I2C.c: 100:     TRISC4 = 1;
   795     00E2  1607               	bsf	7,4	;volatile
   796     00E3                     l752:
   797                           
   798                           ;I2C.c: 101:     GIE = 1;
   799     00E3  178B               	bsf	11,7	;volatile
   800     00E4                     l754:
   801                           
   802                           ;I2C.c: 102:     PEIE = 1;
   803     00E4  170B               	bsf	11,6	;volatile
   804     00E5                     l756:
   805                           
   806                           ;I2C.c: 103:     SSPIF = 0;
   807     00E5  1283               	bcf	3,5	;RP0=0, select bank0
   808     00E6  1303               	bcf	3,6	;RP1=0, select bank0
   809     00E7  118C               	bcf	12,3	;volatile
   810     00E8                     l758:
   811                           
   812                           ;I2C.c: 104:     SSPIE = 1;
   813     00E8  1683               	bsf	3,5	;RP0=1, select bank1
   814     00E9  1303               	bcf	3,6	;RP1=0, select bank1
   815     00EA  158C               	bsf	12,3	;volatile
   816     00EB                     l55:
   817     00EB  0008               	return
   818     00EC                     __end_of_I2C_Slave_Init:
   819                           
   820                           	psect	text4
   821     0077                     __ptext4:	
   822 ;; *************** function _adc_read *****************
   823 ;; Defined at:
   824 ;;		line 21 in file "adc.c"
   825 ;; Parameters:    Size  Location     Type
   826 ;;  channel         2    0[BANK0 ] unsigned int 
   827 ;; Auto vars:     Size  Location     Type
   828 ;;		None
   829 ;; Return value:  Size  Location     Type
   830 ;;                  2    0[BANK0 ] unsigned int 
   831 ;; Registers used:
   832 ;;		wreg, status,2, status,0
   833 ;; Tracked objects:
   834 ;;		On entry : 0/0
   835 ;;		On exit  : 0/0
   836 ;;		Unchanged: 0/0
   837 ;; Data sizes:     COMMON   BANK0   BANK1   BANK3   BANK2
   838 ;;      Params:         0       2       0       0       0
   839 ;;      Locals:         0       0       0       0       0
   840 ;;      Temps:          0       2       0       0       0
   841 ;;      Totals:         0       4       0       0       0
   842 ;;Total ram usage:        4 bytes
   843 ;; Hardware stack levels used: 1
   844 ;; Hardware stack levels required when called: 1
   845 ;; This function calls:
   846 ;;		Nothing
   847 ;; This function is called by:
   848 ;;		_main
   849 ;; This function uses a non-reentrant model
   850 ;;
   851                           
   852     0077                     _adc_read:	
   853                           ;psect for function _adc_read
   854                           
   855     0077                     l934:	
   856                           ;incstack = 0
   857                           ; Regs used in _adc_read: [wreg+status,2+status,0]
   858                           
   859                           
   860                           ;adc.c: 22:     ADCON0bits.CHS = channel;
   861     0077  1283               	bcf	3,5	;RP0=0, select bank0
   862     0078  1303               	bcf	3,6	;RP1=0, select bank0
   863     0079  0820               	movf	adc_read@channel,w
   864     007A  00A2               	movwf	??_adc_read
   865     007B  0DA2               	rlf	??_adc_read,f
   866     007C  0DA2               	rlf	??_adc_read,f
   867     007D  081F               	movf	31,w	;volatile
   868     007E  0622               	xorwf	??_adc_read,w
   869     007F  39C3               	andlw	-61
   870     0080  0622               	xorwf	??_adc_read,w
   871     0081  009F               	movwf	31	;volatile
   872     0082                     l936:
   873                           
   874                           ;adc.c: 23:     ADCON0bits.GO = 1;
   875     0082  149F               	bsf	31,1	;volatile
   876     0083                     l75:	
   877                           ;adc.c: 24:     while(ADCON0bits.GO);
   878                           
   879     0083  189F               	btfsc	31,1	;volatile
   880     0084  2886               	goto	u181
   881     0085  2887               	goto	u180
   882     0086                     u181:
   883     0086  2883               	goto	l75
   884     0087                     u180:
   885     0087                     l938:
   886                           
   887                           ;adc.c: 25:     _delay((unsigned long)((100)*(8000000/4000000.0)));
   888     0087  3041               	movlw	65
   889     0088  1283               	bcf	3,5	;RP0=0, select bank0
   890     0089  1303               	bcf	3,6	;RP1=0, select bank0
   891     008A  00A2               	movwf	??_adc_read
   892     008B                     u207:
   893     008B  0BA2               	decfsz	??_adc_read,f
   894     008C  288B               	goto	u207
   895     008D  288E               	nop2
   896                           
   897                           ;adc.c: 26:     return (ADRESH);
   898     008E  1283               	bcf	3,5	;RP0=0, select bank0
   899     008F  1303               	bcf	3,6	;RP1=0, select bank0
   900     0090  081E               	movf	30,w	;volatile
   901     0091  00A2               	movwf	??_adc_read
   902     0092  01A3               	clrf	??_adc_read+1
   903     0093  0822               	movf	??_adc_read,w
   904     0094  00A0               	movwf	?_adc_read
   905     0095  0823               	movf	??_adc_read+1,w
   906     0096  00A1               	movwf	?_adc_read+1
   907     0097                     l78:
   908     0097  0008               	return
   909     0098                     __end_of_adc_read:
   910                           
   911                           	psect	text5
   912     001A                     __ptext5:	
   913 ;; *************** function _isr *****************
   914 ;; Defined at:
   915 ;;		line 49 in file "main.c"
   916 ;; Parameters:    Size  Location     Type
   917 ;;		None
   918 ;; Auto vars:     Size  Location     Type
   919 ;;		None
   920 ;; Return value:  Size  Location     Type
   921 ;;                  1    wreg      void 
   922 ;; Registers used:
   923 ;;		wreg
   924 ;; Tracked objects:
   925 ;;		On entry : 0/0
   926 ;;		On exit  : 0/0
   927 ;;		Unchanged: 0/0
   928 ;; Data sizes:     COMMON   BANK0   BANK1   BANK3   BANK2
   929 ;;      Params:         0       0       0       0       0
   930 ;;      Locals:         0       0       0       0       0
   931 ;;      Temps:          3       0       0       0       0
   932 ;;      Totals:         3       0       0       0       0
   933 ;;Total ram usage:        3 bytes
   934 ;; Hardware stack levels used: 1
   935 ;; This function calls:
   936 ;;		Nothing
   937 ;; This function is called by:
   938 ;;		Interrupt level 1
   939 ;; This function uses a non-reentrant model
   940 ;;
   941                           
   942     001A                     _isr:	
   943                           ;psect for function _isr
   944                           
   945     001A                     i1l852:
   946                           
   947                           ;main.c: 50:    if(PIR1bits.SSPIF == 1){
   948     001A  1283               	bcf	3,5	;RP0=0, select bank0
   949     001B  1303               	bcf	3,6	;RP1=0, select bank0
   950     001C  1D8C               	btfss	12,3	;volatile
   951     001D  281F               	goto	u8_21
   952     001E  2820               	goto	u8_20
   953     001F                     u8_21:
   954     001F  2870               	goto	i1l143
   955     0020                     u8_20:
   956     0020                     i1l854:
   957                           
   958                           ;main.c: 52:         SSPCONbits.CKP = 0;
   959     0020  1214               	bcf	20,4	;volatile
   960                           
   961                           ;main.c: 54:         if ((SSPCONbits.SSPOV) || (SSPCONbits.WCOL)){
   962     0021  1B14               	btfsc	20,6	;volatile
   963     0022  2824               	goto	u9_21
   964     0023  2825               	goto	u9_20
   965     0024                     u9_21:
   966     0024  2829               	goto	i1l858
   967     0025                     u9_20:
   968     0025                     i1l856:
   969     0025  1F94               	btfss	20,7	;volatile
   970     0026  2828               	goto	u10_21
   971     0027  2829               	goto	u10_20
   972     0028                     u10_21:
   973     0028  282E               	goto	i1l866
   974     0029                     u10_20:
   975     0029                     i1l858:
   976                           
   977                           ;main.c: 55:             z = SSPBUF;
   978     0029  0813               	movf	19,w	;volatile
   979     002A  00F6               	movwf	_z
   980     002B                     i1l860:
   981                           
   982                           ;main.c: 56:             SSPCONbits.SSPOV = 0;
   983     002B  1314               	bcf	20,6	;volatile
   984     002C                     i1l862:
   985                           
   986                           ;main.c: 57:             SSPCONbits.WCOL = 0;
   987     002C  1394               	bcf	20,7	;volatile
   988     002D                     i1l864:
   989                           
   990                           ;main.c: 58:             SSPCONbits.CKP = 1;
   991     002D  1614               	bsf	20,4	;volatile
   992     002E                     i1l866:
   993                           
   994                           ;main.c: 61:         if(!SSPSTATbits.D_nA && !SSPSTATbits.R_nW) {
   995     002E  1683               	bsf	3,5	;RP0=1, select bank1
   996     002F  1303               	bcf	3,6	;RP1=0, select bank1
   997     0030  1A94               	btfsc	20,5	;volatile
   998     0031  2833               	goto	u11_21
   999     0032  2834               	goto	u11_20
  1000     0033                     u11_21:
  1001     0033  284E               	goto	i1l134
  1002     0034                     u11_20:
  1003     0034                     i1l868:
  1004     0034  1914               	btfsc	20,2	;volatile
  1005     0035  2837               	goto	u12_21
  1006     0036  2838               	goto	u12_20
  1007     0037                     u12_21:
  1008     0037  284E               	goto	i1l134
  1009     0038                     u12_20:
  1010     0038                     i1l870:
  1011                           
  1012                           ;main.c: 63:             z = SSPBUF;
  1013     0038  1283               	bcf	3,5	;RP0=0, select bank0
  1014     0039  1303               	bcf	3,6	;RP1=0, select bank0
  1015     003A  0813               	movf	19,w	;volatile
  1016     003B  00F6               	movwf	_z
  1017     003C                     i1l872:
  1018                           
  1019                           ;main.c: 65:             PIR1bits.SSPIF = 0;
  1020     003C  118C               	bcf	12,3	;volatile
  1021     003D                     i1l874:
  1022                           
  1023                           ;main.c: 66:             SSPCONbits.CKP = 1;
  1024     003D  1614               	bsf	20,4	;volatile
  1025     003E                     i1l135:	
  1026                           ;main.c: 67:             while(!SSPSTATbits.BF);
  1027                           
  1028     003E  1683               	bsf	3,5	;RP0=1, select bank1
  1029     003F  1303               	bcf	3,6	;RP1=0, select bank1
  1030     0040  1C14               	btfss	20,0	;volatile
  1031     0041  2843               	goto	u13_21
  1032     0042  2844               	goto	u13_20
  1033     0043                     u13_21:
  1034     0043  283E               	goto	i1l135
  1035     0044                     u13_20:
  1036     0044                     i1l876:
  1037                           
  1038                           ;main.c: 68:             PORTD = SSPBUF;
  1039     0044  1283               	bcf	3,5	;RP0=0, select bank0
  1040     0045  1303               	bcf	3,6	;RP1=0, select bank0
  1041     0046  0813               	movf	19,w	;volatile
  1042     0047  0088               	movwf	8	;volatile
  1043                           
  1044                           ;main.c: 69:             _delay((unsigned long)((250)*(8000000/4000000.0)));
  1045     0048  30A6               	movlw	166
  1046     0049  00F7               	movwf	??_isr
  1047     004A                     u21_27:
  1048     004A  0BF7               	decfsz	??_isr,f
  1049     004B  284A               	goto	u21_27
  1050     004C  0000               	nop
  1051                           
  1052                           ;main.c: 71:         }else if(!SSPSTATbits.D_nA && SSPSTATbits.R_nW){
  1053     004D  286D               	goto	i1l138
  1054     004E                     i1l134:
  1055     004E  1A94               	btfsc	20,5	;volatile
  1056     004F  2851               	goto	u14_21
  1057     0050  2852               	goto	u14_20
  1058     0051                     u14_21:
  1059     0051  286D               	goto	i1l138
  1060     0052                     u14_20:
  1061     0052                     i1l878:
  1062     0052  1D14               	btfss	20,2	;volatile
  1063     0053  2855               	goto	u15_21
  1064     0054  2856               	goto	u15_20
  1065     0055                     u15_21:
  1066     0055  286D               	goto	i1l138
  1067     0056                     u15_20:
  1068     0056                     i1l880:
  1069                           
  1070                           ;main.c: 72:             z = SSPBUF;
  1071     0056  1283               	bcf	3,5	;RP0=0, select bank0
  1072     0057  1303               	bcf	3,6	;RP1=0, select bank0
  1073     0058  0813               	movf	19,w	;volatile
  1074     0059  00F6               	movwf	_z
  1075     005A                     i1l882:
  1076                           
  1077                           ;main.c: 73:             BF = 0;
  1078     005A  1683               	bsf	3,5	;RP0=1, select bank1
  1079     005B  1303               	bcf	3,6	;RP1=0, select bank1
  1080     005C  1014               	bcf	20,0	;volatile
  1081                           
  1082                           ;main.c: 74:             SSPBUF = ADC;
  1083     005D  0875               	movf	_ADC,w
  1084     005E  1283               	bcf	3,5	;RP0=0, select bank0
  1085     005F  1303               	bcf	3,6	;RP1=0, select bank0
  1086     0060  0093               	movwf	19	;volatile
  1087     0061                     i1l884:
  1088                           
  1089                           ;main.c: 75:             SSPCONbits.CKP = 1;
  1090     0061  1614               	bsf	20,4	;volatile
  1091                           
  1092                           ;main.c: 76:             _delay((unsigned long)((250)*(8000000/4000000.0)));
  1093     0062  30A6               	movlw	166
  1094     0063  00F7               	movwf	??_isr
  1095     0064                     u22_27:
  1096     0064  0BF7               	decfsz	??_isr,f
  1097     0065  2864               	goto	u22_27
  1098     0066  0000               	nop
  1099     0067                     i1l140:	
  1100                           ;main.c: 77:             while(SSPSTATbits.BF);
  1101                           
  1102     0067  1683               	bsf	3,5	;RP0=1, select bank1
  1103     0068  1303               	bcf	3,6	;RP1=0, select bank1
  1104     0069  1814               	btfsc	20,0	;volatile
  1105     006A  286C               	goto	u16_21
  1106     006B  286D               	goto	u16_20
  1107     006C                     u16_21:
  1108     006C  2867               	goto	i1l140
  1109     006D                     u16_20:
  1110     006D                     i1l138:
  1111                           
  1112                           ;main.c: 80:         PIR1bits.SSPIF = 0;
  1113     006D  1283               	bcf	3,5	;RP0=0, select bank0
  1114     006E  1303               	bcf	3,6	;RP1=0, select bank0
  1115     006F  118C               	bcf	12,3	;volatile
  1116     0070                     i1l143:
  1117     0070  0879               	movf	??_isr+2,w
  1118     0071  008A               	movwf	10
  1119     0072  0E78               	swapf	??_isr+1,w
  1120     0073  0083               	movwf	3
  1121     0074  0EFE               	swapf	btemp,f
  1122     0075  0E7E               	swapf	btemp,w
  1123     0076  0009               	retfie
  1124     0077                     __end_of_isr:
  1125     007E                     btemp	set	126	;btemp
  1126     007E                     wtemp0	set	126
  1127                           
  1128                           	psect	intentry
  1129     0004                     __pintentry:	
  1130                           ;incstack = 0
  1131                           ; Regs used in _isr: [wreg]
  1132                           
  1133     0004                     interrupt_function:
  1134     007E                     saved_w	set	btemp
  1135     0004  00FE               	movwf	btemp
  1136     0005  0E03               	swapf	3,w
  1137     0006  00F8               	movwf	??_isr+1
  1138     0007  080A               	movf	10,w
  1139     0008  00F9               	movwf	??_isr+2
  1140     0009  120A  118A  281A   	ljmp	_isr
  1141                           
  1142                           	psect	config
  1143                           
  1144                           ;Config register CONFIG1 @ 0x2007
  1145                           ;	Oscillator Selection bits
  1146                           ;	FOSC = INTRC_NOCLKOUT, INTOSCIO oscillator: I/O function on RA6/OSC2/CLKOUT pin, I/O f
      +                          unction on RA7/OSC1/CLKIN
  1147                           ;	Watchdog Timer Enable bit
  1148                           ;	WDTE = OFF, WDT disabled and can be enabled by SWDTEN bit of the WDTCON register
  1149                           ;	Power-up Timer Enable bit
  1150                           ;	PWRTE = OFF, PWRT disabled
  1151                           ;	RE3/MCLR pin function select bit
  1152                           ;	MCLRE = OFF, RE3/MCLR pin function is digital input, MCLR internally tied to VDD
  1153                           ;	Code Protection bit
  1154                           ;	CP = OFF, Program memory code protection is disabled
  1155                           ;	Data Code Protection bit
  1156                           ;	CPD = OFF, Data memory code protection is disabled
  1157                           ;	Brown Out Reset Selection bits
  1158                           ;	BOREN = OFF, BOR disabled
  1159                           ;	Internal External Switchover bit
  1160                           ;	IESO = OFF, Internal/External Switchover mode is disabled
  1161                           ;	Fail-Safe Clock Monitor Enabled bit
  1162                           ;	FCMEN = OFF, Fail-Safe Clock Monitor is disabled
  1163                           ;	Low Voltage Programming Enable bit
  1164                           ;	LVP = OFF, RB3 pin has digital I/O, HV on MCLR must be used for programming
  1165                           ;	In-Circuit Debugger Mode bit
  1166                           ;	DEBUG = 0x1, unprogrammed default
  1167     2007                     	org	8199
  1168     2007  20D4               	dw	8404
  1169                           
  1170                           ;Config register CONFIG2 @ 0x2008
  1171                           ;	Brown-out Reset Selection bit
  1172                           ;	BOR4V = BOR40V, Brown-out Reset set to 4.0V
  1173                           ;	Flash Program Memory Self Write Enable bits
  1174                           ;	WRT = OFF, Write protection off
  1175     2008                     	org	8200
  1176     2008  3FFF               	dw	16383

Data Sizes:
    Strings     0
    Constant    0
    Data        0
    BSS         7
    Persistent  0
    Stack       0

Auto Spaces:
    Space          Size  Autos    Used
    COMMON           14      4      11
    BANK0            80      4       4
    BANK1            80      0       0
    BANK3            96      0       0
    BANK2            96      0       0

Pointer List with Targets:

    None.

Critical Paths under _main in COMMON

    _setup->_I2C_Slave_Init
    _setup->_adc_init

Critical Paths under _isr in COMMON

    None.

Critical Paths under _main in BANK0

    _main->_adc_read
    _setup->_adc_init

Critical Paths under _isr in BANK0

    None.

Critical Paths under _main in BANK1

    None.

Critical Paths under _isr in BANK1

    None.

Critical Paths under _main in BANK3

    None.

Critical Paths under _isr in BANK3

    None.

Critical Paths under _main in BANK2

    None.

Critical Paths under _isr in BANK2

    None.

Call Graph Tables:

 ---------------------------------------------------------------------------------
 (Depth) Function   	        Calls       Base Space   Used Autos Params    Refs
 ---------------------------------------------------------------------------------
 (0) _main                                                 0     0      0     257
                           _adc_read
                              _setup
 ---------------------------------------------------------------------------------
 (1) _setup                                                0     0      0     136
                     _I2C_Slave_Init
                           _adc_init
 ---------------------------------------------------------------------------------
 (2) _adc_init                                             3     1      2     121
                                              3 COMMON     1     1      0
                                              0 BANK0      2     0      2
 ---------------------------------------------------------------------------------
 (2) _I2C_Slave_Init                                       1     1      0      15
                                              3 COMMON     1     1      0
 ---------------------------------------------------------------------------------
 (1) _adc_read                                             4     2      2     121
                                              0 BANK0      4     2      2
 ---------------------------------------------------------------------------------
 Estimated maximum stack depth 2
 ---------------------------------------------------------------------------------
 (Depth) Function   	        Calls       Base Space   Used Autos Params    Refs
 ---------------------------------------------------------------------------------
 (3) _isr                                                  3     3      0       0
                                              0 COMMON     3     3      0
 ---------------------------------------------------------------------------------
 Estimated maximum stack depth 3
 ---------------------------------------------------------------------------------

 Call Graph Graphs:

 _main (ROOT)
   _adc_read
   _setup
     _I2C_Slave_Init
     _adc_init

 _isr (ROOT)

 Address spaces:
Name               Size   Autos  Total    Cost      Usage
BITCOMMON            E      0       0       0        0.0%
EEDATA             100      0       0       0        0.0%
NULL                 0      0       0       0        0.0%
CODE                 0      0       0       0        0.0%
COMMON               E      4       B       1       78.6%
BITSFR0              0      0       0       1        0.0%
SFR0                 0      0       0       1        0.0%
BITSFR1              0      0       0       2        0.0%
SFR1                 0      0       0       2        0.0%
STACK                0      0       0       2        0.0%
ABS                  0      0       F       3        0.0%
BITBANK0            50      0       0       4        0.0%
BITSFR3              0      0       0       4        0.0%
SFR3                 0      0       0       4        0.0%
BANK0               50      4       4       5        5.0%
BITSFR2              0      0       0       5        0.0%
SFR2                 0      0       0       5        0.0%
BITBANK1            50      0       0       6        0.0%
BANK1               50      0       0       7        0.0%
BITBANK3            60      0       0       8        0.0%
BANK3               60      0       0       9        0.0%
BITBANK2            60      0       0      10        0.0%
BANK2               60      0       0      11        0.0%
DATA                 0      0       F      12        0.0%


Microchip Technology PIC Macro Assembler V2.41 build 20230208172133 
Symbol Table                                                                                   Mon Aug 07 21:05:57 2023

                      _z 0076              _SSPSTATbits 0094                       _BF 04A0  
                     l55 00EB                       l72 00D1                       l75 0083  
                     l78 0097                      l154 00B5                      l148 00F1  
                    _ADC 0075                      l750 00E2                      l752 00E3  
                    l754 00E4                      l746 00D3                      l930 00CD  
                    l756 00E5                      l748 00E1                      l932 00D0  
                    l924 00B6                      l934 0077                      l758 00E8  
                    l926 00BF                      l950 00AA                      l942 0098  
                    l936 0082                      l928 00C8                      l952 00AB  
                    l944 009C                      l938 0087                      l954 00AE  
                    l946 009D                      l956 00AF                      l948 00A7  
                    l958 00EC                      _GIE 005F                      u207 008B  
                    u180 0087                      u181 0086                      u197 00CA  
                    _isr 001A                     ?_isr 0077                     _PEIE 005E  
                   u8_20 0020                     u8_21 001F                     u9_20 0025  
                   u9_21 0024                     _dato 0074                     _main 00EC  
                   btemp 007E                     start 000C                    ??_isr 0077  
                  ?_main 0077                    _ANSEL 0188                    i1l140 0067  
                  i1l134 004E                    i1l135 003E                    i1l143 0070  
                  i1l138 006D                    i1l860 002B                    i1l852 001A  
                  i1l870 0038                    i1l862 002C                    i1l854 0020  
                  i1l880 0056                    i1l872 003C                    i1l864 002D  
                  i1l856 0025                    i1l882 005A                    i1l874 003D  
                  i1l866 002E                    i1l858 0029                    i1l884 0061  
                  i1l876 0044                    i1l868 0034                    i1l878 0052  
                  u10_20 0029                    u10_21 0028                    u11_20 0034  
                  u11_21 0033                    u12_20 0038                    u12_21 0037  
                  u13_20 0044                    u13_21 0043                    u21_27 004A  
                  u14_20 0052                    u14_21 0051                    u22_27 0064  
                  u15_20 0056                    u15_21 0055                    u16_20 006D  
                  u16_21 006C                    _PORTB 0006                    _PORTD 0008  
                  _TRISB 0086                    _TRISD 0088                    _SSPIE 0463  
                  _SSPIF 0063                    _setup 0098                    pclath 000A  
                  status 0003                    wtemp0 007E          __initialization 000F  
           __end_of_main 0103                   ??_main 007B                   _ADRESH 001E  
                 ?_setup 0077                   _ANSELH 0189         __end_of_adc_init 00D2  
       __end_of_adc_read 0098                   _SSPADD 0093                   _TRISC3 043B  
                 _TRISC4 043C                   _SSPCON 0014                   _SSPBUF 0013  
                 saved_w 007E  __end_of__initialization 0016           __pcstackCOMMON 0077  
          __end_of_setup 00B6               _adc_result 0072                  ??_setup 007B  
  I2C_Slave_Init@address 007A               __pmaintext 00EC               __pintentry 0004  
              ?_adc_init 0020                ?_adc_read 0020                  _SSPCON2 0091  
                _SSPSTAT 0094                  _channel 0070               ??_adc_init 007A  
             ??_adc_read 0022                  __ptext1 0098                  __ptext2 00B6  
                __ptext3 00D2                  __ptext4 0077                  __ptext5 001A  
   end_of_initialization 0016           _I2C_Slave_Init 00D2                _TRISCbits 0087  
 __end_of_I2C_Slave_Init 00EC      start_initialization 000F              __end_of_isr 0077  
        ?_I2C_Slave_Init 0077          adc_init@channel 0020              __pbssCOMMON 0070  
        adc_read@channel 0020                ___latbits 0002            __pcstackBANK0 0020  
      interrupt_function 0004                 _PIR1bits 000C               _ADCON0bits 001F  
             _ADCON1bits 009F                 _adc_init 00B6                 _adc_read 0077  
       ??_I2C_Slave_Init 007A                 intlevel1 0000              _SSPCON2bits 0091  
             _SSPCONbits 0014  
