

Microchip MPLAB XC8 Assembler V2.41 build 20230208172133 
                                                                                               Tue Aug 01 19:02:12 2023

Microchip MPLAB XC8 C Compiler v2.41 (Free license) build 20230208172133 Og1 
     1                           	processor	16F887
     2                           	pagewidth 120
     3                           	opt	flic
     4                           	psect	cinit,global,class=CODE,merge=1,delta=2
     5                           	psect	bssCOMMON,global,class=COMMON,space=1,delta=1,noexec
     6                           	psect	cstackCOMMON,global,class=COMMON,space=1,delta=1,noexec
     7                           	psect	cstackBANK0,global,class=BANK0,space=1,delta=1,noexec
     8                           	psect	maintext,global,class=CODE,split=1,delta=2
     9                           	psect	text1,local,class=CODE,merge=1,delta=2
    10                           	psect	text2,local,class=CODE,merge=1,delta=2
    11                           	psect	text3,local,class=CODE,merge=1,delta=2
    12                           	psect	text4,local,class=CODE,merge=1,delta=2
    13                           	psect	intentry,global,class=CODE,delta=2
    14                           	psect	text5,local,class=CODE,merge=1,delta=2
    15                           	psect	text6,local,class=CODE,merge=1,delta=2
    16                           	psect	text7,local,class=CODE,merge=1,delta=2
    17                           	psect	config,global,abs,ovrld,class=CONFIG,space=4,delta=2,noexec
    18                           	dabs	1,0x7E,2
    19     0000                     
    20                           ; Generated 22/03/2023 GMT
    21                           ; 
    22                           ; Copyright © 2023, Microchip Technology Inc. and its subsidiaries ("Microchip")
    23                           ; All rights reserved.
    24                           ; 
    25                           ; This software is developed by Microchip Technology Inc. and its subsidiaries ("Microch
      +                          ip").
    26                           ; 
    27                           ; Redistribution and use in source and binary forms, with or without modification, are
    28                           ; permitted provided that the following conditions are met:
    29                           ; 
    30                           ;     1. Redistributions of source code must retain the above copyright notice, this lis
      +                          t of
    31                           ;        conditions and the following disclaimer.
    32                           ; 
    33                           ;     2. Redistributions in binary form must reproduce the above copyright notice, this 
      +                          list
    34                           ;        of conditions and the following disclaimer in the documentation and/or other
    35                           ;        materials provided with the distribution. Publication is not required when
    36                           ;        this file is used in an embedded application.
    37                           ; 
    38                           ;     3. Microchip's name may not be used to endorse or promote products derived from th
      +                          is
    39                           ;        software without specific prior written permission.
    40                           ; 
    41                           ; THIS SOFTWARE IS PROVIDED BY MICROCHIP "AS IS" AND ANY EXPRESS OR IMPLIED WARRANTIES,
    42                           ; INCLUDING, BUT NOT LIMITED TO, THE IMPLIED WARRANTIES OF MERCHANTABILITY AND FITNESS F
      +                          OR
    43                           ; PURPOSE ARE DISCLAIMED.  IN NO EVENT SHALL MICROCHIP BE LIABLE FOR ANY DIRECT, INDIREC
      +                          T,
    44                           ; INCIDENTAL, SPECIAL, EXEMPLARY, OR CONSEQUENTIAL DAMAGES (INCLUDING BUT NOT LIMITED TO
    45                           ; PROCUREMENT OF SUBSTITUTE GOODS OR SERVICES; LOSS OF USE, DATA OR PROFITS; OR BUSINESS
    46                           ; INTERRUPTION) HOWSOEVER CAUSED AND ON ANY THEORY OF LIABILITY, WHETHER IN CONTRACT, ST
      +                          RICT
    47                           ; LIABILITY, OR TORT (INCLUDING NEGLIGENCE OR OTHERWISE) ARISING IN ANY WAY OUT OF THE U
      +                          SE OF
    48                           ; THIS SOFTWARE, EVEN IF ADVISED OF THE POSSIBILITY OF SUCH DAMAGE.
    49                           ; 
    50                           ; 
    51                           ; Code-generator required, PIC16F887 Definitions
    52                           ; 
    53                           ; SFR Addresses
    54     0000                     	;# 
    55     0001                     	;# 
    56     0002                     	;# 
    57     0003                     	;# 
    58     0004                     	;# 
    59     0005                     	;# 
    60     0006                     	;# 
    61     0007                     	;# 
    62     0008                     	;# 
    63     0009                     	;# 
    64     000A                     	;# 
    65     000B                     	;# 
    66     000C                     	;# 
    67     000D                     	;# 
    68     000E                     	;# 
    69     000E                     	;# 
    70     000F                     	;# 
    71     0010                     	;# 
    72     0011                     	;# 
    73     0012                     	;# 
    74     0013                     	;# 
    75     0014                     	;# 
    76     0015                     	;# 
    77     0015                     	;# 
    78     0016                     	;# 
    79     0017                     	;# 
    80     0018                     	;# 
    81     0019                     	;# 
    82     001A                     	;# 
    83     001B                     	;# 
    84     001B                     	;# 
    85     001C                     	;# 
    86     001D                     	;# 
    87     001E                     	;# 
    88     001F                     	;# 
    89     0081                     	;# 
    90     0085                     	;# 
    91     0086                     	;# 
    92     0087                     	;# 
    93     0088                     	;# 
    94     0089                     	;# 
    95     008C                     	;# 
    96     008D                     	;# 
    97     008E                     	;# 
    98     008F                     	;# 
    99     0090                     	;# 
   100     0091                     	;# 
   101     0092                     	;# 
   102     0093                     	;# 
   103     0093                     	;# 
   104     0093                     	;# 
   105     0094                     	;# 
   106     0095                     	;# 
   107     0096                     	;# 
   108     0097                     	;# 
   109     0098                     	;# 
   110     0099                     	;# 
   111     009A                     	;# 
   112     009B                     	;# 
   113     009C                     	;# 
   114     009D                     	;# 
   115     009E                     	;# 
   116     009F                     	;# 
   117     0105                     	;# 
   118     0107                     	;# 
   119     0108                     	;# 
   120     0109                     	;# 
   121     010C                     	;# 
   122     010C                     	;# 
   123     010D                     	;# 
   124     010E                     	;# 
   125     010F                     	;# 
   126     0185                     	;# 
   127     0187                     	;# 
   128     0188                     	;# 
   129     0189                     	;# 
   130     018C                     	;# 
   131     018D                     	;# 
   132     0000                     	;# 
   133     0001                     	;# 
   134     0002                     	;# 
   135     0003                     	;# 
   136     0004                     	;# 
   137     0005                     	;# 
   138     0006                     	;# 
   139     0007                     	;# 
   140     0008                     	;# 
   141     0009                     	;# 
   142     000A                     	;# 
   143     000B                     	;# 
   144     000C                     	;# 
   145     000D                     	;# 
   146     000E                     	;# 
   147     000E                     	;# 
   148     000F                     	;# 
   149     0010                     	;# 
   150     0011                     	;# 
   151     0012                     	;# 
   152     0013                     	;# 
   153     0014                     	;# 
   154     0015                     	;# 
   155     0015                     	;# 
   156     0016                     	;# 
   157     0017                     	;# 
   158     0018                     	;# 
   159     0019                     	;# 
   160     001A                     	;# 
   161     001B                     	;# 
   162     001B                     	;# 
   163     001C                     	;# 
   164     001D                     	;# 
   165     001E                     	;# 
   166     001F                     	;# 
   167     0081                     	;# 
   168     0085                     	;# 
   169     0086                     	;# 
   170     0087                     	;# 
   171     0088                     	;# 
   172     0089                     	;# 
   173     008C                     	;# 
   174     008D                     	;# 
   175     008E                     	;# 
   176     008F                     	;# 
   177     0090                     	;# 
   178     0091                     	;# 
   179     0092                     	;# 
   180     0093                     	;# 
   181     0093                     	;# 
   182     0093                     	;# 
   183     0094                     	;# 
   184     0095                     	;# 
   185     0096                     	;# 
   186     0097                     	;# 
   187     0098                     	;# 
   188     0099                     	;# 
   189     009A                     	;# 
   190     009B                     	;# 
   191     009C                     	;# 
   192     009D                     	;# 
   193     009E                     	;# 
   194     009F                     	;# 
   195     0105                     	;# 
   196     0107                     	;# 
   197     0108                     	;# 
   198     0109                     	;# 
   199     010C                     	;# 
   200     010C                     	;# 
   201     010D                     	;# 
   202     010E                     	;# 
   203     010F                     	;# 
   204     0185                     	;# 
   205     0187                     	;# 
   206     0188                     	;# 
   207     0189                     	;# 
   208     018C                     	;# 
   209     018D                     	;# 
   210     0000                     	;# 
   211     0001                     	;# 
   212     0002                     	;# 
   213     0003                     	;# 
   214     0004                     	;# 
   215     0005                     	;# 
   216     0006                     	;# 
   217     0007                     	;# 
   218     0008                     	;# 
   219     0009                     	;# 
   220     000A                     	;# 
   221     000B                     	;# 
   222     000C                     	;# 
   223     000D                     	;# 
   224     000E                     	;# 
   225     000E                     	;# 
   226     000F                     	;# 
   227     0010                     	;# 
   228     0011                     	;# 
   229     0012                     	;# 
   230     0013                     	;# 
   231     0014                     	;# 
   232     0015                     	;# 
   233     0015                     	;# 
   234     0016                     	;# 
   235     0017                     	;# 
   236     0018                     	;# 
   237     0019                     	;# 
   238     001A                     	;# 
   239     001B                     	;# 
   240     001B                     	;# 
   241     001C                     	;# 
   242     001D                     	;# 
   243     001E                     	;# 
   244     001F                     	;# 
   245     0081                     	;# 
   246     0085                     	;# 
   247     0086                     	;# 
   248     0087                     	;# 
   249     0088                     	;# 
   250     0089                     	;# 
   251     008C                     	;# 
   252     008D                     	;# 
   253     008E                     	;# 
   254     008F                     	;# 
   255     0090                     	;# 
   256     0091                     	;# 
   257     0092                     	;# 
   258     0093                     	;# 
   259     0093                     	;# 
   260     0093                     	;# 
   261     0094                     	;# 
   262     0095                     	;# 
   263     0096                     	;# 
   264     0097                     	;# 
   265     0098                     	;# 
   266     0099                     	;# 
   267     009A                     	;# 
   268     009B                     	;# 
   269     009C                     	;# 
   270     009D                     	;# 
   271     009E                     	;# 
   272     009F                     	;# 
   273     0105                     	;# 
   274     0107                     	;# 
   275     0108                     	;# 
   276     0109                     	;# 
   277     010C                     	;# 
   278     010C                     	;# 
   279     010D                     	;# 
   280     010E                     	;# 
   281     010F                     	;# 
   282     0185                     	;# 
   283     0187                     	;# 
   284     0188                     	;# 
   285     0189                     	;# 
   286     018C                     	;# 
   287     018D                     	;# 
   288     0000                     	;# 
   289     0001                     	;# 
   290     0002                     	;# 
   291     0003                     	;# 
   292     0004                     	;# 
   293     0005                     	;# 
   294     0006                     	;# 
   295     0007                     	;# 
   296     0008                     	;# 
   297     0009                     	;# 
   298     000A                     	;# 
   299     000B                     	;# 
   300     000C                     	;# 
   301     000D                     	;# 
   302     000E                     	;# 
   303     000E                     	;# 
   304     000F                     	;# 
   305     0010                     	;# 
   306     0011                     	;# 
   307     0012                     	;# 
   308     0013                     	;# 
   309     0014                     	;# 
   310     0015                     	;# 
   311     0015                     	;# 
   312     0016                     	;# 
   313     0017                     	;# 
   314     0018                     	;# 
   315     0019                     	;# 
   316     001A                     	;# 
   317     001B                     	;# 
   318     001B                     	;# 
   319     001C                     	;# 
   320     001D                     	;# 
   321     001E                     	;# 
   322     001F                     	;# 
   323     0081                     	;# 
   324     0085                     	;# 
   325     0086                     	;# 
   326     0087                     	;# 
   327     0088                     	;# 
   328     0089                     	;# 
   329     008C                     	;# 
   330     008D                     	;# 
   331     008E                     	;# 
   332     008F                     	;# 
   333     0090                     	;# 
   334     0091                     	;# 
   335     0092                     	;# 
   336     0093                     	;# 
   337     0093                     	;# 
   338     0093                     	;# 
   339     0094                     	;# 
   340     0095                     	;# 
   341     0096                     	;# 
   342     0097                     	;# 
   343     0098                     	;# 
   344     0099                     	;# 
   345     009A                     	;# 
   346     009B                     	;# 
   347     009C                     	;# 
   348     009D                     	;# 
   349     009E                     	;# 
   350     009F                     	;# 
   351     0105                     	;# 
   352     0107                     	;# 
   353     0108                     	;# 
   354     0109                     	;# 
   355     010C                     	;# 
   356     010C                     	;# 
   357     010D                     	;# 
   358     010E                     	;# 
   359     010F                     	;# 
   360     0185                     	;# 
   361     0187                     	;# 
   362     0188                     	;# 
   363     0189                     	;# 
   364     018C                     	;# 
   365     018D                     	;# 
   366     000C                     _PIR1bits	set	12
   367     000B                     _INTCONbits	set	11
   368     0006                     _PORTB	set	6
   369     001E                     _ADRESH	set	30
   370     001F                     _ADCON0bits	set	31
   371     0013                     _SSPBUF	set	19
   372     0014                     _SSPCON	set	20
   373     0063                     _SSPIF	set	99
   374     0085                     _TRISAbits	set	133
   375     008C                     _PIE1bits	set	140
   376     0086                     _TRISB	set	134
   377     009F                     _ADCON1bits	set	159
   378     0094                     _SSPSTATbits	set	148
   379     0094                     _SSPSTAT	set	148
   380     043B                     _TRISC3	set	1083
   381     043D                     _TRISC5	set	1085
   382     0189                     _ANSELH	set	393
   383     0188                     _ANSEL	set	392
   384                           
   385                           	psect	cinit
   386     000F                     start_initialization:	
   387                           ; #config settings
   388                           
   389     000F                     __initialization:
   390                           
   391                           ; Clear objects allocated to COMMON
   392     000F  01F0               	clrf	__pbssCOMMON& (0+127)
   393     0010  01F1               	clrf	(__pbssCOMMON+1)& (0+127)
   394     0011  01F2               	clrf	(__pbssCOMMON+2)& (0+127)
   395     0012  01F3               	clrf	(__pbssCOMMON+3)& (0+127)
   396     0013  01F4               	clrf	(__pbssCOMMON+4)& (0+127)
   397     0014  01F5               	clrf	(__pbssCOMMON+5)& (0+127)
   398     0015                     end_of_initialization:	
   399                           ;End of C runtime variable initialization code
   400                           
   401     0015                     __end_of__initialization:
   402     0015  0183               	clrf	3
   403     0016  120A  118A  2819   	ljmp	_main	;jump to C main() function
   404                           
   405                           	psect	bssCOMMON
   406     0070                     __pbssCOMMON:
   407     0070                     _channel:
   408     0070                     	ds	2
   409     0072                     _adc_result:
   410     0072                     	ds	2
   411     0074                     _pot_slave1:
   412     0074                     	ds	1
   413     0075                     _z:
   414     0075                     	ds	1
   415                           
   416                           	psect	cstackCOMMON
   417     0076                     __pcstackCOMMON:
   418     0076                     ?_setup:
   419     0076                     ?_spiReceiveWait:	
   420                           ; 1 bytes @ 0x0
   421                           
   422     0076                     ??_spiReceiveWait:	
   423                           ; 1 bytes @ 0x0
   424                           
   425     0076                     ?_spiWrite:	
   426                           ; 1 bytes @ 0x0
   427                           
   428     0076                     ??_spiWrite:	
   429                           ; 1 bytes @ 0x0
   430                           
   431     0076                     ?_spiRead:	
   432                           ; 1 bytes @ 0x0
   433                           
   434     0076                     ??_spiRead:	
   435                           ; 1 bytes @ 0x0
   436                           
   437     0076                     ?_isr:	
   438                           ; 1 bytes @ 0x0
   439                           
   440     0076                     ?_main:	
   441                           ; 1 bytes @ 0x0
   442                           
   443     0076                     spiWrite@dat:	
   444                           ; 1 bytes @ 0x0
   445                           
   446                           
   447                           ; 1 bytes @ 0x0
   448     0076                     	ds	1
   449     0077                     ??_isr:
   450                           
   451                           ; 1 bytes @ 0x1
   452     0077                     	ds	2
   453     0079                     ??_spiInit:
   454     0079                     ?_adc_init:	
   455                           ; 1 bytes @ 0x3
   456                           
   457     0079                     spiInit@sType:	
   458                           ; 1 bytes @ 0x3
   459                           
   460     0079                     adc_init@channel:	
   461                           ; 1 bytes @ 0x3
   462                           
   463                           
   464                           ; 2 bytes @ 0x3
   465     0079                     	ds	1
   466     007A                     ??_setup:
   467                           
   468                           ; 1 bytes @ 0x4
   469     007A                     	ds	1
   470                           
   471                           	psect	cstackBANK0
   472     0020                     __pcstackBANK0:
   473     0020                     ?_spiInit:
   474     0020                     ??_adc_init:	
   475                           ; 1 bytes @ 0x0
   476                           
   477     0020                     spiInit@sDataSample:	
   478                           ; 1 bytes @ 0x0
   479                           
   480                           
   481                           ; 1 bytes @ 0x0
   482     0020                     	ds	1
   483     0021                     spiInit@sClockIdle:
   484                           
   485                           ; 1 bytes @ 0x1
   486     0021                     	ds	1
   487     0022                     spiInit@sTransmitEdge:
   488                           
   489                           ; 1 bytes @ 0x2
   490     0022                     	ds	1
   491     0023                     ??_main:
   492                           
   493                           ; 1 bytes @ 0x3
   494     0023                     	ds	1
   495                           
   496                           	psect	maintext
   497     0019                     __pmaintext:	
   498 ;;
   499 ;;Main: autosize = 0, tempsize = 1, incstack = 0, save=0
   500 ;;
   501 ;; *************** function _main *****************
   502 ;; Defined at:
   503 ;;		line 57 in file "postlab_slave1.c"
   504 ;; Parameters:    Size  Location     Type
   505 ;;		None
   506 ;; Auto vars:     Size  Location     Type
   507 ;;		None
   508 ;; Return value:  Size  Location     Type
   509 ;;                  1    wreg      void 
   510 ;; Registers used:
   511 ;;		wreg, status,2, status,0, pclath, cstack
   512 ;; Tracked objects:
   513 ;;		On entry : B00/0
   514 ;;		On exit  : 0/0
   515 ;;		Unchanged: 0/0
   516 ;; Data sizes:     COMMON   BANK0   BANK1   BANK3   BANK2
   517 ;;      Params:         0       0       0       0       0
   518 ;;      Locals:         0       0       0       0       0
   519 ;;      Temps:          0       1       0       0       0
   520 ;;      Totals:         0       1       0       0       0
   521 ;;Total ram usage:        1 bytes
   522 ;; Hardware stack levels required when called: 5
   523 ;; This function calls:
   524 ;;		_adc_init
   525 ;;		_setup
   526 ;; This function is called by:
   527 ;;		Startup code after reset
   528 ;; This function uses a non-reentrant model
   529 ;;
   530                           
   531     0019                     _main:	
   532                           ;psect for function _main
   533                           
   534     0019                     l887:	
   535                           ;incstack = 0
   536                           ; Regs used in _main: [wreg+status,2+status,0+pclath+cstack]
   537                           
   538                           
   539                           ;postlab_slave1.c: 58:     setup();
   540     0019  120A  118A  203C  120A  118A  	fcall	_setup
   541                           
   542                           ;postlab_slave1.c: 59:     adc_init(0);
   543     001E  3000               	movlw	0
   544     001F  00F9               	movwf	adc_init@channel
   545     0020  00FA               	movwf	adc_init@channel+1
   546     0021  120A  118A  2078  120A  118A  	fcall	_adc_init
   547     0026                     l889:
   548                           
   549                           ;postlab_slave1.c: 62:         if(ADCON0bits.GO == 0)
   550     0026  1283               	bcf	3,5	;RP0=0, select bank0
   551     0027  1303               	bcf	3,6	;RP1=0, select bank0
   552     0028  189F               	btfsc	31,1	;volatile
   553     0029  282B               	goto	u101
   554     002A  282C               	goto	u100
   555     002B                     u101:
   556     002B  2826               	goto	l889
   557     002C                     u100:
   558     002C                     l891:
   559                           
   560                           ;postlab_slave1.c: 63:         {;postlab_slave1.c: 64:             pot_slave1 = ADRESH;
   561     002C  081E               	movf	30,w	;volatile
   562     002D  00F4               	movwf	_pot_slave1
   563                           
   564                           ;postlab_slave1.c: 65:             _delay((unsigned long)((50)*(8000000/4000000.0)));
   565     002E  3020               	movlw	32
   566     002F  1283               	bcf	3,5	;RP0=0, select bank0
   567     0030  1303               	bcf	3,6	;RP1=0, select bank0
   568     0031  00A3               	movwf	??_main
   569     0032                     u117:
   570     0032  0BA3               	decfsz	??_main,f
   571     0033  2832               	goto	u117
   572     0034  0000               	nop
   573     0035                     l893:
   574                           
   575                           ;postlab_slave1.c: 66:             ADCON0bits.GO = 1;
   576     0035  1283               	bcf	3,5	;RP0=0, select bank0
   577     0036  1303               	bcf	3,6	;RP1=0, select bank0
   578     0037  149F               	bsf	31,1	;volatile
   579     0038  2826               	goto	l889
   580     0039  120A  118A  280C   	ljmp	start
   581     003C                     __end_of_main:
   582                           
   583                           	psect	text1
   584     003C                     __ptext1:	
   585 ;; *************** function _setup *****************
   586 ;; Defined at:
   587 ;;		line 75 in file "postlab_slave1.c"
   588 ;; Parameters:    Size  Location     Type
   589 ;;		None
   590 ;; Auto vars:     Size  Location     Type
   591 ;;		None
   592 ;; Return value:  Size  Location     Type
   593 ;;                  1    wreg      void 
   594 ;; Registers used:
   595 ;;		wreg, status,2, status,0, pclath, cstack
   596 ;; Tracked objects:
   597 ;;		On entry : 0/0
   598 ;;		On exit  : 0/0
   599 ;;		Unchanged: 0/0
   600 ;; Data sizes:     COMMON   BANK0   BANK1   BANK3   BANK2
   601 ;;      Params:         0       0       0       0       0
   602 ;;      Locals:         0       0       0       0       0
   603 ;;      Temps:          0       0       0       0       0
   604 ;;      Totals:         0       0       0       0       0
   605 ;;Total ram usage:        0 bytes
   606 ;; Hardware stack levels used: 1
   607 ;; Hardware stack levels required when called: 4
   608 ;; This function calls:
   609 ;;		_spiInit
   610 ;; This function is called by:
   611 ;;		_main
   612 ;; This function uses a non-reentrant model
   613 ;;
   614                           
   615     003C                     _setup:	
   616                           ;psect for function _setup
   617                           
   618     003C                     l867:	
   619                           ;incstack = 0
   620                           ; Regs used in _setup: [wreg+status,2+status,0+pclath+cstack]
   621                           
   622                           
   623                           ;postlab_slave1.c: 76:     ANSEL = 0x01;
   624     003C  3001               	movlw	1
   625     003D  1683               	bsf	3,5	;RP0=1, select bank3
   626     003E  1703               	bsf	3,6	;RP1=1, select bank3
   627     003F  0088               	movwf	8	;volatile
   628     0040                     l869:
   629                           
   630                           ;postlab_slave1.c: 77:     ANSELH = 0;
   631     0040  0189               	clrf	9	;volatile
   632     0041                     l871:
   633                           
   634                           ;postlab_slave1.c: 79:     TRISB = 0;
   635     0041  1683               	bsf	3,5	;RP0=1, select bank1
   636     0042  1303               	bcf	3,6	;RP1=0, select bank1
   637     0043  0186               	clrf	6	;volatile
   638     0044                     l873:
   639                           
   640                           ;postlab_slave1.c: 80:     PORTB = 0;
   641     0044  1283               	bcf	3,5	;RP0=0, select bank0
   642     0045  1303               	bcf	3,6	;RP1=0, select bank0
   643     0046  0186               	clrf	6	;volatile
   644     0047                     l875:
   645                           
   646                           ;postlab_slave1.c: 82:     INTCONbits.GIE = 1;
   647     0047  178B               	bsf	11,7	;volatile
   648     0048                     l877:
   649                           
   650                           ;postlab_slave1.c: 83:     INTCONbits.PEIE = 1;
   651     0048  170B               	bsf	11,6	;volatile
   652     0049                     l879:
   653                           
   654                           ;postlab_slave1.c: 84:     PIR1bits.SSPIF = 0;
   655     0049  118C               	bcf	12,3	;volatile
   656     004A                     l881:
   657                           
   658                           ;postlab_slave1.c: 85:     PIE1bits.SSPIE = 1;
   659     004A  1683               	bsf	3,5	;RP0=1, select bank1
   660     004B  1303               	bcf	3,6	;RP1=0, select bank1
   661     004C  158C               	bsf	12,3	;volatile
   662     004D                     l883:
   663                           
   664                           ;postlab_slave1.c: 86:     TRISAbits.TRISA5 = 1;
   665     004D  1685               	bsf	5,5	;volatile
   666     004E                     l885:
   667                           
   668                           ;postlab_slave1.c: 88:     spiInit(SPI_SLAVE_SS_EN, SPI_DATA_SAMPLE_MIDDLE, SPI_CLOCK_ID
      +                          LE_LOW, SPI_IDLE_2_ACTIVE);
   669     004E  1283               	bcf	3,5	;RP0=0, select bank0
   670     004F  1303               	bcf	3,6	;RP1=0, select bank0
   671     0050  01A0               	clrf	spiInit@sDataSample
   672     0051  01A1               	clrf	spiInit@sClockIdle
   673     0052  01A2               	clrf	spiInit@sTransmitEdge
   674     0053  3024               	movlw	36
   675     0054  120A  118A  205A  120A  118A  	fcall	_spiInit
   676     0059                     l119:
   677     0059  0008               	return
   678     005A                     __end_of_setup:
   679                           
   680                           	psect	text2
   681     005A                     __ptext2:	
   682 ;; *************** function _spiInit *****************
   683 ;; Defined at:
   684 ;;		line 12 in file "SPI.c"
   685 ;; Parameters:    Size  Location     Type
   686 ;;  sType           1    wreg     enum E1292
   687 ;;  sDataSample     1    0[BANK0 ] enum E1300
   688 ;;  sClockIdle      1    1[BANK0 ] enum E1304
   689 ;;  sTransmitEdg    1    2[BANK0 ] enum E1308
   690 ;; Auto vars:     Size  Location     Type
   691 ;;  sType           1    3[COMMON] enum E1292
   692 ;; Return value:  Size  Location     Type
   693 ;;                  1    wreg      void 
   694 ;; Registers used:
   695 ;;		wreg, status,2, status,0
   696 ;; Tracked objects:
   697 ;;		On entry : 0/0
   698 ;;		On exit  : 0/0
   699 ;;		Unchanged: 0/0
   700 ;; Data sizes:     COMMON   BANK0   BANK1   BANK3   BANK2
   701 ;;      Params:         0       3       0       0       0
   702 ;;      Locals:         1       0       0       0       0
   703 ;;      Temps:          0       0       0       0       0
   704 ;;      Totals:         1       3       0       0       0
   705 ;;Total ram usage:        4 bytes
   706 ;; Hardware stack levels used: 1
   707 ;; Hardware stack levels required when called: 3
   708 ;; This function calls:
   709 ;;		Nothing
   710 ;; This function is called by:
   711 ;;		_setup
   712 ;; This function uses a non-reentrant model
   713 ;;
   714                           
   715     005A                     _spiInit:	
   716                           ;psect for function _spiInit
   717                           
   718                           
   719                           ;incstack = 0
   720                           ; Regs used in _spiInit: [wreg+status,2+status,0]
   721                           ;spiInit@sType stored from wreg
   722     005A  00F9               	movwf	spiInit@sType
   723     005B                     l847:
   724                           
   725                           ;SPI.c: 12: void spiInit(Spi_Type sType, Spi_Data_Sample sDataSample, Spi_Clock_Idle sCl
      +                          ockIdle, Spi_Transmit_Edge sTransmitEdge);SPI.c: 13: {;SPI.c: 14:     TRISC5 = 0;
   726     005B  1683               	bsf	3,5	;RP0=1, select bank1
   727     005C  1303               	bcf	3,6	;RP1=0, select bank1
   728     005D  1287               	bcf	7,5	;volatile
   729                           
   730                           ;SPI.c: 15:     if(sType & 0b00000100)
   731     005E  1D79               	btfss	spiInit@sType,2
   732     005F  2861               	goto	u91
   733     0060  2862               	goto	u90
   734     0061                     u91:
   735     0061  286A               	goto	l853
   736     0062                     u90:
   737     0062                     l849:
   738                           
   739                           ;SPI.c: 16:     {;SPI.c: 17:         SSPSTAT = sTransmitEdge;
   740     0062  1283               	bcf	3,5	;RP0=0, select bank0
   741     0063  1303               	bcf	3,6	;RP1=0, select bank0
   742     0064  0822               	movf	spiInit@sTransmitEdge,w
   743     0065  1683               	bsf	3,5	;RP0=1, select bank1
   744     0066  1303               	bcf	3,6	;RP1=0, select bank1
   745     0067  0094               	movwf	20	;volatile
   746     0068                     l851:
   747                           
   748                           ;SPI.c: 18:         TRISC3 = 1;
   749     0068  1587               	bsf	7,3	;volatile
   750                           
   751                           ;SPI.c: 19:     }
   752     0069  2872               	goto	l16
   753     006A                     l853:
   754                           
   755                           ;SPI.c: 21:     {;SPI.c: 22:         SSPSTAT = sDataSample | sTransmitEdge;
   756     006A  1283               	bcf	3,5	;RP0=0, select bank0
   757     006B  1303               	bcf	3,6	;RP1=0, select bank0
   758     006C  0820               	movf	spiInit@sDataSample,w
   759     006D  0422               	iorwf	spiInit@sTransmitEdge,w
   760     006E  1683               	bsf	3,5	;RP0=1, select bank1
   761     006F  1303               	bcf	3,6	;RP1=0, select bank1
   762     0070  0094               	movwf	20	;volatile
   763     0071                     l855:
   764                           
   765                           ;SPI.c: 23:         TRISC3 = 0;
   766     0071  1187               	bcf	7,3	;volatile
   767     0072                     l16:	
   768                           ;SPI.c: 24:     }
   769                           
   770                           
   771                           ;SPI.c: 26:     SSPCON = sType | sClockIdle;
   772     0072  0879               	movf	spiInit@sType,w
   773     0073  1283               	bcf	3,5	;RP0=0, select bank0
   774     0074  1303               	bcf	3,6	;RP1=0, select bank0
   775     0075  0421               	iorwf	spiInit@sClockIdle,w
   776     0076  0094               	movwf	20	;volatile
   777     0077                     l17:
   778     0077  0008               	return
   779     0078                     __end_of_spiInit:
   780                           
   781                           	psect	text3
   782     0078                     __ptext3:	
   783 ;; *************** function _adc_init *****************
   784 ;; Defined at:
   785 ;;		line 7 in file "adc.c"
   786 ;; Parameters:    Size  Location     Type
   787 ;;  channel         2    3[COMMON] int 
   788 ;; Auto vars:     Size  Location     Type
   789 ;;		None
   790 ;; Return value:  Size  Location     Type
   791 ;;                  1    wreg      void 
   792 ;; Registers used:
   793 ;;		wreg, status,2, status,0
   794 ;; Tracked objects:
   795 ;;		On entry : 0/0
   796 ;;		On exit  : 0/0
   797 ;;		Unchanged: 0/0
   798 ;; Data sizes:     COMMON   BANK0   BANK1   BANK3   BANK2
   799 ;;      Params:         2       0       0       0       0
   800 ;;      Locals:         0       0       0       0       0
   801 ;;      Temps:          0       1       0       0       0
   802 ;;      Totals:         2       1       0       0       0
   803 ;;Total ram usage:        3 bytes
   804 ;; Hardware stack levels used: 1
   805 ;; Hardware stack levels required when called: 3
   806 ;; This function calls:
   807 ;;		Nothing
   808 ;; This function is called by:
   809 ;;		_main
   810 ;; This function uses a non-reentrant model
   811 ;;
   812                           
   813     0078                     _adc_init:	
   814                           ;psect for function _adc_init
   815                           
   816     0078                     l857:	
   817                           ;incstack = 0
   818                           ; Regs used in _adc_init: [wreg+status,2+status,0]
   819                           
   820                           
   821                           ;adc.c: 8:     ADCON1bits.ADFM = 0;
   822     0078  1683               	bsf	3,5	;RP0=1, select bank1
   823     0079  1303               	bcf	3,6	;RP1=0, select bank1
   824     007A  139F               	bcf	31,7	;volatile
   825                           
   826                           ;adc.c: 9:     ADCON1bits.VCFG0 = 0;
   827     007B  121F               	bcf	31,4	;volatile
   828                           
   829                           ;adc.c: 10:     ADCON1bits.VCFG1 = 0;
   830     007C  129F               	bcf	31,5	;volatile
   831                           
   832                           ;adc.c: 12:     ADCON0bits.ADCS0 = 0;
   833     007D  1283               	bcf	3,5	;RP0=0, select bank0
   834     007E  1303               	bcf	3,6	;RP1=0, select bank0
   835     007F  131F               	bcf	31,6	;volatile
   836                           
   837                           ;adc.c: 13:     ADCON0bits.ADCS1 = 1;
   838     0080  179F               	bsf	31,7	;volatile
   839     0081                     l859:
   840                           
   841                           ;adc.c: 14:     ADCON0bits.CHS = channel;
   842     0081  0879               	movf	adc_init@channel,w
   843     0082  00A0               	movwf	??_adc_init
   844     0083  0DA0               	rlf	??_adc_init,f
   845     0084  0DA0               	rlf	??_adc_init,f
   846     0085  081F               	movf	31,w	;volatile
   847     0086  0620               	xorwf	??_adc_init,w
   848     0087  39C3               	andlw	-61
   849     0088  0620               	xorwf	??_adc_init,w
   850     0089  009F               	movwf	31	;volatile
   851     008A                     l861:
   852                           
   853                           ;adc.c: 15:     _delay((unsigned long)((100)*(8000000/4000000.0)));
   854     008A  3041               	movlw	65
   855     008B  1283               	bcf	3,5	;RP0=0, select bank0
   856     008C  1303               	bcf	3,6	;RP1=0, select bank0
   857     008D  00A0               	movwf	??_adc_init
   858     008E                     u127:
   859     008E  0BA0               	decfsz	??_adc_init,f
   860     008F  288E               	goto	u127
   861     0090  2891               	nop2
   862     0091                     l863:
   863                           
   864                           ;adc.c: 16:     ADCON0bits.ADON = 1;
   865     0091  1283               	bcf	3,5	;RP0=0, select bank0
   866     0092  1303               	bcf	3,6	;RP1=0, select bank0
   867     0093  141F               	bsf	31,0	;volatile
   868     0094                     l865:
   869                           
   870                           ;adc.c: 18:     ADCON0bits.GO = 1;
   871     0094  149F               	bsf	31,1	;volatile
   872     0095                     l51:
   873     0095  0008               	return
   874     0096                     __end_of_adc_init:
   875                           
   876                           	psect	text4
   877     0096                     __ptext4:	
   878 ;; *************** function _isr *****************
   879 ;; Defined at:
   880 ;;		line 41 in file "postlab_slave1.c"
   881 ;; Parameters:    Size  Location     Type
   882 ;;		None
   883 ;; Auto vars:     Size  Location     Type
   884 ;;		None
   885 ;; Return value:  Size  Location     Type
   886 ;;                  1    wreg      void 
   887 ;; Registers used:
   888 ;;		wreg, status,2, status,0, pclath, cstack
   889 ;; Tracked objects:
   890 ;;		On entry : 0/0
   891 ;;		On exit  : 0/0
   892 ;;		Unchanged: 0/0
   893 ;; Data sizes:     COMMON   BANK0   BANK1   BANK3   BANK2
   894 ;;      Params:         0       0       0       0       0
   895 ;;      Locals:         0       0       0       0       0
   896 ;;      Temps:          2       0       0       0       0
   897 ;;      Totals:         2       0       0       0       0
   898 ;;Total ram usage:        2 bytes
   899 ;; Hardware stack levels used: 1
   900 ;; Hardware stack levels required when called: 2
   901 ;; This function calls:
   902 ;;		_spiRead
   903 ;;		_spiWrite
   904 ;; This function is called by:
   905 ;;		Interrupt level 1
   906 ;; This function uses a non-reentrant model
   907 ;;
   908                           
   909     0096                     _isr:	
   910                           ;psect for function _isr
   911                           
   912     0096                     i1l785:
   913                           
   914                           ;postlab_slave1.c: 42:     if(SSPIF == 1){
   915     0096  1283               	bcf	3,5	;RP0=0, select bank0
   916     0097  1303               	bcf	3,6	;RP1=0, select bank0
   917     0098  1D8C               	btfss	12,3	;volatile
   918     0099  289B               	goto	u5_21
   919     009A  289C               	goto	u5_20
   920     009B                     u5_21:
   921     009B  28AB               	goto	i1l107
   922     009C                     u5_20:
   923     009C                     i1l787:
   924                           
   925                           ;postlab_slave1.c: 43:         z = spiRead();
   926     009C  120A  118A  20B2  120A  118A  	fcall	_spiRead
   927     00A1  00F5               	movwf	_z
   928                           
   929                           ;postlab_slave1.c: 44:         spiWrite(pot_slave1);
   930     00A2  0874               	movf	_pot_slave1,w
   931     00A3  120A  118A  20C2  120A  118A  	fcall	_spiWrite
   932     00A8                     i1l789:
   933                           
   934                           ;postlab_slave1.c: 45:         SSPIF = 0;
   935     00A8  1283               	bcf	3,5	;RP0=0, select bank0
   936     00A9  1303               	bcf	3,6	;RP1=0, select bank0
   937     00AA  118C               	bcf	12,3	;volatile
   938     00AB                     i1l107:
   939     00AB  0878               	movf	??_isr+1,w
   940     00AC  008A               	movwf	10
   941     00AD  0E77               	swapf	??_isr,w
   942     00AE  0083               	movwf	3
   943     00AF  0EFE               	swapf	btemp,f
   944     00B0  0E7E               	swapf	btemp,w
   945     00B1  0009               	retfie
   946     00B2                     __end_of_isr:
   947                           
   948                           	psect	intentry
   949     0004                     __pintentry:	
   950                           ;incstack = 0
   951                           ; Regs used in _isr: [wreg+status,2+status,0+pclath+cstack]
   952                           
   953     0004                     interrupt_function:
   954     007E                     saved_w	set	btemp
   955     0004  00FE               	movwf	btemp
   956     0005  0E03               	swapf	3,w
   957     0006  00F7               	movwf	??_isr
   958     0007  080A               	movf	10,w
   959     0008  00F8               	movwf	??_isr+1
   960     0009  120A  118A  2896   	ljmp	_isr
   961                           
   962                           	psect	text5
   963     00C2                     __ptext5:	
   964 ;; *************** function _spiWrite *****************
   965 ;; Defined at:
   966 ;;		line 34 in file "SPI.c"
   967 ;; Parameters:    Size  Location     Type
   968 ;;  dat             1    wreg     unsigned char 
   969 ;; Auto vars:     Size  Location     Type
   970 ;;  dat             1    0[COMMON] unsigned char 
   971 ;; Return value:  Size  Location     Type
   972 ;;                  1    wreg      void 
   973 ;; Registers used:
   974 ;;		wreg
   975 ;; Tracked objects:
   976 ;;		On entry : 0/0
   977 ;;		On exit  : 0/0
   978 ;;		Unchanged: 0/0
   979 ;; Data sizes:     COMMON   BANK0   BANK1   BANK3   BANK2
   980 ;;      Params:         0       0       0       0       0
   981 ;;      Locals:         1       0       0       0       0
   982 ;;      Temps:          0       0       0       0       0
   983 ;;      Totals:         1       0       0       0       0
   984 ;;Total ram usage:        1 bytes
   985 ;; Hardware stack levels used: 1
   986 ;; This function calls:
   987 ;;		Nothing
   988 ;; This function is called by:
   989 ;;		_isr
   990 ;; This function uses a non-reentrant model
   991 ;;
   992                           
   993     00C2                     _spiWrite:	
   994                           ;psect for function _spiWrite
   995                           
   996                           
   997                           ;incstack = 0
   998                           ; Regs used in _spiWrite: [wreg]
   999                           ;spiWrite@dat stored from wreg
  1000     00C2  00F6               	movwf	spiWrite@dat
  1001     00C3                     i1l723:
  1002                           
  1003                           ;SPI.c: 34: void spiWrite(char dat);SPI.c: 35: {;SPI.c: 36:     SSPBUF = dat;
  1004     00C3  0876               	movf	spiWrite@dat,w
  1005     00C4  1283               	bcf	3,5	;RP0=0, select bank0
  1006     00C5  1303               	bcf	3,6	;RP1=0, select bank0
  1007     00C6  0093               	movwf	19	;volatile
  1008     00C7                     i1l26:
  1009     00C7  0008               	return
  1010     00C8                     __end_of_spiWrite:
  1011                           
  1012                           	psect	text6
  1013     00B2                     __ptext6:	
  1014 ;; *************** function _spiRead *****************
  1015 ;; Defined at:
  1016 ;;		line 47 in file "SPI.c"
  1017 ;; Parameters:    Size  Location     Type
  1018 ;;		None
  1019 ;; Auto vars:     Size  Location     Type
  1020 ;;		None
  1021 ;; Return value:  Size  Location     Type
  1022 ;;                  1    wreg      unsigned char 
  1023 ;; Registers used:
  1024 ;;		wreg, status,2, status,0, pclath, cstack
  1025 ;; Tracked objects:
  1026 ;;		On entry : 0/0
  1027 ;;		On exit  : 0/0
  1028 ;;		Unchanged: 0/0
  1029 ;; Data sizes:     COMMON   BANK0   BANK1   BANK3   BANK2
  1030 ;;      Params:         0       0       0       0       0
  1031 ;;      Locals:         0       0       0       0       0
  1032 ;;      Temps:          0       0       0       0       0
  1033 ;;      Totals:         0       0       0       0       0
  1034 ;;Total ram usage:        0 bytes
  1035 ;; Hardware stack levels used: 1
  1036 ;; Hardware stack levels required when called: 1
  1037 ;; This function calls:
  1038 ;;		_spiReceiveWait
  1039 ;; This function is called by:
  1040 ;;		_isr
  1041 ;; This function uses a non-reentrant model
  1042 ;;
  1043                           
  1044     00B2                     _spiRead:	
  1045                           ;psect for function _spiRead
  1046                           
  1047     00B2                     i1l725:	
  1048                           ;incstack = 0
  1049                           ; Regs used in _spiRead: [wreg+status,2+status,0+pclath+cstack]
  1050                           
  1051                           
  1052                           ;SPI.c: 49:     spiReceiveWait();
  1053     00B2  120A  118A  20BB  120A  118A  	fcall	_spiReceiveWait
  1054     00B7                     i1l727:
  1055                           
  1056                           ;SPI.c: 50:     return(SSPBUF);
  1057     00B7  1283               	bcf	3,5	;RP0=0, select bank0
  1058     00B8  1303               	bcf	3,6	;RP1=0, select bank0
  1059     00B9  0813               	movf	19,w	;volatile
  1060     00BA                     i1l34:
  1061     00BA  0008               	return
  1062     00BB                     __end_of_spiRead:
  1063                           
  1064                           	psect	text7
  1065     00BB                     __ptext7:	
  1066 ;; *************** function _spiReceiveWait *****************
  1067 ;; Defined at:
  1068 ;;		line 29 in file "SPI.c"
  1069 ;; Parameters:    Size  Location     Type
  1070 ;;		None
  1071 ;; Auto vars:     Size  Location     Type
  1072 ;;		None
  1073 ;; Return value:  Size  Location     Type
  1074 ;;                  1    wreg      void 
  1075 ;; Registers used:
  1076 ;;		None
  1077 ;; Tracked objects:
  1078 ;;		On entry : 0/0
  1079 ;;		On exit  : 0/0
  1080 ;;		Unchanged: 0/0
  1081 ;; Data sizes:     COMMON   BANK0   BANK1   BANK3   BANK2
  1082 ;;      Params:         0       0       0       0       0
  1083 ;;      Locals:         0       0       0       0       0
  1084 ;;      Temps:          0       0       0       0       0
  1085 ;;      Totals:         0       0       0       0       0
  1086 ;;Total ram usage:        0 bytes
  1087 ;; Hardware stack levels used: 1
  1088 ;; This function calls:
  1089 ;;		Nothing
  1090 ;; This function is called by:
  1091 ;;		_spiRead
  1092 ;; This function uses a non-reentrant model
  1093 ;;
  1094                           
  1095     00BB                     _spiReceiveWait:	
  1096                           ;psect for function _spiReceiveWait
  1097                           
  1098     00BB                     i1l721:	
  1099                           ;incstack = 0
  1100                           ; Regs used in _spiReceiveWait: []
  1101                           
  1102     00BB                     i1l20:	
  1103                           ;SPI.c: 31:     while ( !SSPSTATbits.BF );
  1104                           
  1105     00BB  1683               	bsf	3,5	;RP0=1, select bank1
  1106     00BC  1303               	bcf	3,6	;RP1=0, select bank1
  1107     00BD  1C14               	btfss	20,0	;volatile
  1108     00BE  28C0               	goto	u2_21
  1109     00BF  28C1               	goto	u2_20
  1110     00C0                     u2_21:
  1111     00C0  28BB               	goto	i1l20
  1112     00C1                     u2_20:
  1113     00C1                     i1l23:
  1114     00C1  0008               	return
  1115     00C2                     __end_of_spiReceiveWait:
  1116     007E                     btemp	set	126	;btemp
  1117     007E                     wtemp0	set	126
  1118                           
  1119                           	psect	config
  1120                           
  1121                           ;Config register CONFIG1 @ 0x2007
  1122                           ;	Oscillator Selection bits
  1123                           ;	FOSC = INTRC_NOCLKOUT, INTOSCIO oscillator: I/O function on RA6/OSC2/CLKOUT pin, I/O f
      +                          unction on RA7/OSC1/CLKIN
  1124                           ;	Watchdog Timer Enable bit
  1125                           ;	WDTE = OFF, WDT disabled and can be enabled by SWDTEN bit of the WDTCON register
  1126                           ;	Power-up Timer Enable bit
  1127                           ;	PWRTE = OFF, PWRT disabled
  1128                           ;	RE3/MCLR pin function select bit
  1129                           ;	MCLRE = OFF, RE3/MCLR pin function is digital input, MCLR internally tied to VDD
  1130                           ;	Code Protection bit
  1131                           ;	CP = OFF, Program memory code protection is disabled
  1132                           ;	Data Code Protection bit
  1133                           ;	CPD = OFF, Data memory code protection is disabled
  1134                           ;	Brown Out Reset Selection bits
  1135                           ;	BOREN = OFF, BOR disabled
  1136                           ;	Internal External Switchover bit
  1137                           ;	IESO = OFF, Internal/External Switchover mode is disabled
  1138                           ;	Fail-Safe Clock Monitor Enabled bit
  1139                           ;	FCMEN = OFF, Fail-Safe Clock Monitor is disabled
  1140                           ;	Low Voltage Programming Enable bit
  1141                           ;	LVP = OFF, RB3 pin has digital I/O, HV on MCLR must be used for programming
  1142                           ;	In-Circuit Debugger Mode bit
  1143                           ;	DEBUG = 0x1, unprogrammed default
  1144     2007                     	org	8199
  1145     2007  20D4               	dw	8404
  1146                           
  1147                           ;Config register CONFIG2 @ 0x2008
  1148                           ;	Brown-out Reset Selection bit
  1149                           ;	BOR4V = BOR40V, Brown-out Reset set to 4.0V
  1150                           ;	Flash Program Memory Self Write Enable bits
  1151                           ;	WRT = OFF, Write protection off
  1152     2008                     	org	8200
  1153     2008  3FFF               	dw	16383

Data Sizes:
    Strings     0
    Constant    0
    Data        0
    BSS         6
    Persistent  0
    Stack       0

Auto Spaces:
    Space          Size  Autos    Used
    COMMON           14      5      11
    BANK0            80      4       4
    BANK1            80      0       0
    BANK3            96      0       0
    BANK2            96      0       0

Pointer List with Targets:

    None.

Critical Paths under _main in COMMON

    _main->_adc_init
    _setup->_spiInit

Critical Paths under _isr in COMMON

    _isr->_spiWrite

Critical Paths under _main in BANK0

    _setup->_spiInit

Critical Paths under _isr in BANK0

    None.

Critical Paths under _main in BANK1

    None.

Critical Paths under _isr in BANK1

    None.

Critical Paths under _main in BANK3

    None.

Critical Paths under _isr in BANK3

    None.

Critical Paths under _main in BANK2

    None.

Critical Paths under _isr in BANK2

    None.

Call Graph Tables:

 ---------------------------------------------------------------------------------
 (Depth) Function   	        Calls       Base Space   Used Autos Params    Refs
 ---------------------------------------------------------------------------------
 (0) _main                                                 1     1      0     577
                                              3 BANK0      1     1      0
                           _adc_init
                              _setup
 ---------------------------------------------------------------------------------
 (1) _setup                                                0     0      0     456
                            _spiInit
 ---------------------------------------------------------------------------------
 (2) _spiInit                                              4     1      3     456
                                              3 COMMON     1     1      0
                                              0 BANK0      3     0      3
 ---------------------------------------------------------------------------------
 (1) _adc_init                                             3     1      2     121
                                              3 COMMON     2     0      2
                                              0 BANK0      1     1      0
 ---------------------------------------------------------------------------------
 Estimated maximum stack depth 2
 ---------------------------------------------------------------------------------
 (Depth) Function   	        Calls       Base Space   Used Autos Params    Refs
 ---------------------------------------------------------------------------------
 (3) _isr                                                  2     2      0      15
                                              1 COMMON     2     2      0
                            _spiRead
                           _spiWrite
 ---------------------------------------------------------------------------------
 (4) _spiWrite                                             1     1      0      15
                                              0 COMMON     1     1      0
 ---------------------------------------------------------------------------------
 (4) _spiRead                                              0     0      0       0
                     _spiReceiveWait
 ---------------------------------------------------------------------------------
 (5) _spiReceiveWait                                       0     0      0       0
 ---------------------------------------------------------------------------------
 Estimated maximum stack depth 5
 ---------------------------------------------------------------------------------

 Call Graph Graphs:

 _main (ROOT)
   _adc_init
   _setup
     _spiInit

 _isr (ROOT)
   _spiRead
     _spiReceiveWait
   _spiWrite

 Address spaces:
Name               Size   Autos  Total    Cost      Usage
BITCOMMON            E      0       0       0        0.0%
EEDATA             100      0       0       0        0.0%
NULL                 0      0       0       0        0.0%
CODE                 0      0       0       0        0.0%
COMMON               E      5       B       1       78.6%
BITSFR0              0      0       0       1        0.0%
SFR0                 0      0       0       1        0.0%
BITSFR1              0      0       0       2        0.0%
SFR1                 0      0       0       2        0.0%
STACK                0      0       0       2        0.0%
ABS                  0      0       F       3        0.0%
BITBANK0            50      0       0       4        0.0%
BITSFR3              0      0       0       4        0.0%
SFR3                 0      0       0       4        0.0%
BANK0               50      4       4       5        5.0%
BITSFR2              0      0       0       5        0.0%
SFR2                 0      0       0       5        0.0%
BITBANK1            50      0       0       6        0.0%
BANK1               50      0       0       7        0.0%
BITBANK3            60      0       0       8        0.0%
BANK3               60      0       0       9        0.0%
BITBANK2            60      0       0      10        0.0%
BANK2               60      0       0      11        0.0%
DATA                 0      0       F      12        0.0%


Microchip Technology PIC Macro Assembler V2.41 build 20230208172133 
Symbol Table                                                                                   Tue Aug 01 19:02:12 2023

                      _z 0075              _SSPSTATbits 0094                       l16 0072  
                     l17 0077                       l51 0095                       u90 0062  
                     u91 0061                      l119 0059                      l851 0068  
                    l861 008A                      l853 006A                      l863 0091  
                    l855 0071                      l847 005B                      l871 0041  
                    l865 0094                      l857 0078                      l849 0062  
                    l881 004A                      l873 0044                      l859 0081  
                    l883 004D                      l875 0047                      l867 003C  
                    l891 002C                      l885 004E                      l877 0048  
                    l869 0040                      l893 0035                      l879 0049  
                    l887 0019                      l889 0026                      u100 002C  
                    u101 002B                      u117 0032                      u127 008E  
                    _isr 0096                     ?_isr 0076                     i1l20 00BB  
                   i1l23 00C1                     i1l34 00BA                     i1l26 00C7  
                   u2_20 00C1                     u2_21 00C0                     u5_20 009C  
                   u5_21 009B                     _main 0019                     btemp 007E  
                   start 000C                    ??_isr 0077                    ?_main 0076  
                  _ANSEL 0188                    i1l107 00AB                    i1l721 00BB  
                  i1l723 00C3                    i1l725 00B2                    i1l727 00B7  
                  i1l785 0096                    i1l787 009C                    i1l789 00A8  
                  _PORTB 0006                    _TRISB 0086                    _SSPIF 0063  
                  _setup 003C                    pclath 000A          __end_of_spiInit 0078  
        __end_of_spiRead 00BB                    status 0003                    wtemp0 007E  
        __initialization 000F             __end_of_main 003C                   ??_main 0023  
                 _ADRESH 001E                   ?_setup 0076                   _ANSELH 0189  
       __end_of_adc_init 0096                   _TRISC3 043B                   _TRISC5 043D  
                 _SSPCON 0014                   _SSPBUF 0013                   saved_w 007E  
       __end_of_spiWrite 00C8                ??_spiInit 0079                ??_spiRead 0076  
__end_of__initialization 0015           __pcstackCOMMON 0076            __end_of_setup 005A  
             _adc_result 0072                  ??_setup 007A               __pmaintext 0019  
             __pintentry 0004                ?_adc_init 0079                  _SSPSTAT 0094  
              ?_spiWrite 0076                  _channel 0070               ??_adc_init 0020  
                __ptext1 003C                  __ptext2 005A                  __ptext3 0078  
                __ptext4 0096                  __ptext5 00C2                  __ptext6 00B2  
                __ptext7 00BB                  _spiInit 005A                  _spiRead 00B2  
   end_of_initialization 0015               ??_spiWrite 0076               _pot_slave1 0074  
              _TRISAbits 0085              spiWrite@dat 0076           _spiReceiveWait 00BB  
    start_initialization 000F              __end_of_isr 00B2   __end_of_spiReceiveWait 00C2  
        adc_init@channel 0079              __pbssCOMMON 0070                ___latbits 0002  
          __pcstackBANK0 0020          ?_spiReceiveWait 0076                 ?_spiInit 0020  
               ?_spiRead 0076     spiInit@sTransmitEdge 0022        interrupt_function 0004  
               _PIE1bits 008C       spiInit@sDataSample 0020                 _PIR1bits 000C  
             _ADCON0bits 001F               _ADCON1bits 009F                 _adc_init 0078  
               _spiWrite 00C2             spiInit@sType 0079        spiInit@sClockIdle 0021  
             _INTCONbits 000B                 intlevel1 0000         ??_spiReceiveWait 0076  
