

Microchip MPLAB XC8 Assembler V2.41 build 20230208172133 
                                                                                               Tue Aug 01 19:02:07 2023

Microchip MPLAB XC8 C Compiler v2.41 (Free license) build 20230208172133 Og1 
     1                           	processor	16F887
     2                           	pagewidth 120
     3                           	opt	flic
     4                           	psect	cinit,global,class=CODE,merge=1,delta=2
     5                           	psect	bssCOMMON,global,class=COMMON,space=1,delta=1,noexec
     6                           	psect	bssBANK0,global,class=BANK0,space=1,delta=1,noexec
     7                           	psect	cstackCOMMON,global,class=COMMON,space=1,delta=1,noexec
     8                           	psect	cstackBANK0,global,class=BANK0,space=1,delta=1,noexec
     9                           	psect	maintext,global,class=CODE,split=1,delta=2
    10                           	psect	text1,local,class=CODE,merge=1,delta=2
    11                           	psect	text2,local,class=CODE,merge=1,delta=2
    12                           	psect	text3,local,class=CODE,merge=1,delta=2
    13                           	psect	text4,local,class=CODE,merge=1,delta=2
    14                           	psect	text5,local,class=CODE,merge=1,delta=2
    15                           	psect	intentry,global,class=CODE,delta=2
    16                           	psect	text6,local,class=CODE,merge=1,delta=2
    17                           	psect	text7,local,class=CODE,merge=1,delta=2
    18                           	psect	text8,local,class=CODE,merge=1,delta=2
    19                           	psect	config,global,abs,ovrld,class=CONFIG,space=4,delta=2,noexec
    20                           	dabs	1,0x7E,2
    21     0000                     
    22                           ; Generated 22/03/2023 GMT
    23                           ; 
    24                           ; Copyright © 2023, Microchip Technology Inc. and its subsidiaries ("Microchip")
    25                           ; All rights reserved.
    26                           ; 
    27                           ; This software is developed by Microchip Technology Inc. and its subsidiaries ("Microch
      +                          ip").
    28                           ; 
    29                           ; Redistribution and use in source and binary forms, with or without modification, are
    30                           ; permitted provided that the following conditions are met:
    31                           ; 
    32                           ;     1. Redistributions of source code must retain the above copyright notice, this lis
      +                          t of
    33                           ;        conditions and the following disclaimer.
    34                           ; 
    35                           ;     2. Redistributions in binary form must reproduce the above copyright notice, this 
      +                          list
    36                           ;        of conditions and the following disclaimer in the documentation and/or other
    37                           ;        materials provided with the distribution. Publication is not required when
    38                           ;        this file is used in an embedded application.
    39                           ; 
    40                           ;     3. Microchip's name may not be used to endorse or promote products derived from th
      +                          is
    41                           ;        software without specific prior written permission.
    42                           ; 
    43                           ; THIS SOFTWARE IS PROVIDED BY MICROCHIP "AS IS" AND ANY EXPRESS OR IMPLIED WARRANTIES,
    44                           ; INCLUDING, BUT NOT LIMITED TO, THE IMPLIED WARRANTIES OF MERCHANTABILITY AND FITNESS F
      +                          OR
    45                           ; PURPOSE ARE DISCLAIMED.  IN NO EVENT SHALL MICROCHIP BE LIABLE FOR ANY DIRECT, INDIREC
      +                          T,
    46                           ; INCIDENTAL, SPECIAL, EXEMPLARY, OR CONSEQUENTIAL DAMAGES (INCLUDING BUT NOT LIMITED TO
    47                           ; PROCUREMENT OF SUBSTITUTE GOODS OR SERVICES; LOSS OF USE, DATA OR PROFITS; OR BUSINESS
    48                           ; INTERRUPTION) HOWSOEVER CAUSED AND ON ANY THEORY OF LIABILITY, WHETHER IN CONTRACT, ST
      +                          RICT
    49                           ; LIABILITY, OR TORT (INCLUDING NEGLIGENCE OR OTHERWISE) ARISING IN ANY WAY OUT OF THE U
      +                          SE OF
    50                           ; THIS SOFTWARE, EVEN IF ADVISED OF THE POSSIBILITY OF SUCH DAMAGE.
    51                           ; 
    52                           ; 
    53                           ; Code-generator required, PIC16F887 Definitions
    54                           ; 
    55                           ; SFR Addresses
    56     0000                     	;# 
    57     0001                     	;# 
    58     0002                     	;# 
    59     0003                     	;# 
    60     0004                     	;# 
    61     0005                     	;# 
    62     0006                     	;# 
    63     0007                     	;# 
    64     0008                     	;# 
    65     0009                     	;# 
    66     000A                     	;# 
    67     000B                     	;# 
    68     000C                     	;# 
    69     000D                     	;# 
    70     000E                     	;# 
    71     000E                     	;# 
    72     000F                     	;# 
    73     0010                     	;# 
    74     0011                     	;# 
    75     0012                     	;# 
    76     0013                     	;# 
    77     0014                     	;# 
    78     0015                     	;# 
    79     0015                     	;# 
    80     0016                     	;# 
    81     0017                     	;# 
    82     0018                     	;# 
    83     0019                     	;# 
    84     001A                     	;# 
    85     001B                     	;# 
    86     001B                     	;# 
    87     001C                     	;# 
    88     001D                     	;# 
    89     001E                     	;# 
    90     001F                     	;# 
    91     0081                     	;# 
    92     0085                     	;# 
    93     0086                     	;# 
    94     0087                     	;# 
    95     0088                     	;# 
    96     0089                     	;# 
    97     008C                     	;# 
    98     008D                     	;# 
    99     008E                     	;# 
   100     008F                     	;# 
   101     0090                     	;# 
   102     0091                     	;# 
   103     0092                     	;# 
   104     0093                     	;# 
   105     0093                     	;# 
   106     0093                     	;# 
   107     0094                     	;# 
   108     0095                     	;# 
   109     0096                     	;# 
   110     0097                     	;# 
   111     0098                     	;# 
   112     0099                     	;# 
   113     009A                     	;# 
   114     009B                     	;# 
   115     009C                     	;# 
   116     009D                     	;# 
   117     009E                     	;# 
   118     009F                     	;# 
   119     0105                     	;# 
   120     0107                     	;# 
   121     0108                     	;# 
   122     0109                     	;# 
   123     010C                     	;# 
   124     010C                     	;# 
   125     010D                     	;# 
   126     010E                     	;# 
   127     010F                     	;# 
   128     0185                     	;# 
   129     0187                     	;# 
   130     0188                     	;# 
   131     0189                     	;# 
   132     018C                     	;# 
   133     018D                     	;# 
   134     0000                     	;# 
   135     0001                     	;# 
   136     0002                     	;# 
   137     0003                     	;# 
   138     0004                     	;# 
   139     0005                     	;# 
   140     0006                     	;# 
   141     0007                     	;# 
   142     0008                     	;# 
   143     0009                     	;# 
   144     000A                     	;# 
   145     000B                     	;# 
   146     000C                     	;# 
   147     000D                     	;# 
   148     000E                     	;# 
   149     000E                     	;# 
   150     000F                     	;# 
   151     0010                     	;# 
   152     0011                     	;# 
   153     0012                     	;# 
   154     0013                     	;# 
   155     0014                     	;# 
   156     0015                     	;# 
   157     0015                     	;# 
   158     0016                     	;# 
   159     0017                     	;# 
   160     0018                     	;# 
   161     0019                     	;# 
   162     001A                     	;# 
   163     001B                     	;# 
   164     001B                     	;# 
   165     001C                     	;# 
   166     001D                     	;# 
   167     001E                     	;# 
   168     001F                     	;# 
   169     0081                     	;# 
   170     0085                     	;# 
   171     0086                     	;# 
   172     0087                     	;# 
   173     0088                     	;# 
   174     0089                     	;# 
   175     008C                     	;# 
   176     008D                     	;# 
   177     008E                     	;# 
   178     008F                     	;# 
   179     0090                     	;# 
   180     0091                     	;# 
   181     0092                     	;# 
   182     0093                     	;# 
   183     0093                     	;# 
   184     0093                     	;# 
   185     0094                     	;# 
   186     0095                     	;# 
   187     0096                     	;# 
   188     0097                     	;# 
   189     0098                     	;# 
   190     0099                     	;# 
   191     009A                     	;# 
   192     009B                     	;# 
   193     009C                     	;# 
   194     009D                     	;# 
   195     009E                     	;# 
   196     009F                     	;# 
   197     0105                     	;# 
   198     0107                     	;# 
   199     0108                     	;# 
   200     0109                     	;# 
   201     010C                     	;# 
   202     010C                     	;# 
   203     010D                     	;# 
   204     010E                     	;# 
   205     010F                     	;# 
   206     0185                     	;# 
   207     0187                     	;# 
   208     0188                     	;# 
   209     0189                     	;# 
   210     018C                     	;# 
   211     018D                     	;# 
   212     0000                     	;# 
   213     0001                     	;# 
   214     0002                     	;# 
   215     0003                     	;# 
   216     0004                     	;# 
   217     0005                     	;# 
   218     0006                     	;# 
   219     0007                     	;# 
   220     0008                     	;# 
   221     0009                     	;# 
   222     000A                     	;# 
   223     000B                     	;# 
   224     000C                     	;# 
   225     000D                     	;# 
   226     000E                     	;# 
   227     000E                     	;# 
   228     000F                     	;# 
   229     0010                     	;# 
   230     0011                     	;# 
   231     0012                     	;# 
   232     0013                     	;# 
   233     0014                     	;# 
   234     0015                     	;# 
   235     0015                     	;# 
   236     0016                     	;# 
   237     0017                     	;# 
   238     0018                     	;# 
   239     0019                     	;# 
   240     001A                     	;# 
   241     001B                     	;# 
   242     001B                     	;# 
   243     001C                     	;# 
   244     001D                     	;# 
   245     001E                     	;# 
   246     001F                     	;# 
   247     0081                     	;# 
   248     0085                     	;# 
   249     0086                     	;# 
   250     0087                     	;# 
   251     0088                     	;# 
   252     0089                     	;# 
   253     008C                     	;# 
   254     008D                     	;# 
   255     008E                     	;# 
   256     008F                     	;# 
   257     0090                     	;# 
   258     0091                     	;# 
   259     0092                     	;# 
   260     0093                     	;# 
   261     0093                     	;# 
   262     0093                     	;# 
   263     0094                     	;# 
   264     0095                     	;# 
   265     0096                     	;# 
   266     0097                     	;# 
   267     0098                     	;# 
   268     0099                     	;# 
   269     009A                     	;# 
   270     009B                     	;# 
   271     009C                     	;# 
   272     009D                     	;# 
   273     009E                     	;# 
   274     009F                     	;# 
   275     0105                     	;# 
   276     0107                     	;# 
   277     0108                     	;# 
   278     0109                     	;# 
   279     010C                     	;# 
   280     010C                     	;# 
   281     010D                     	;# 
   282     010E                     	;# 
   283     010F                     	;# 
   284     0185                     	;# 
   285     0187                     	;# 
   286     0188                     	;# 
   287     0189                     	;# 
   288     018C                     	;# 
   289     018D                     	;# 
   290     0000                     	;# 
   291     0001                     	;# 
   292     0002                     	;# 
   293     0003                     	;# 
   294     0004                     	;# 
   295     0005                     	;# 
   296     0006                     	;# 
   297     0007                     	;# 
   298     0008                     	;# 
   299     0009                     	;# 
   300     000A                     	;# 
   301     000B                     	;# 
   302     000C                     	;# 
   303     000D                     	;# 
   304     000E                     	;# 
   305     000E                     	;# 
   306     000F                     	;# 
   307     0010                     	;# 
   308     0011                     	;# 
   309     0012                     	;# 
   310     0013                     	;# 
   311     0014                     	;# 
   312     0015                     	;# 
   313     0015                     	;# 
   314     0016                     	;# 
   315     0017                     	;# 
   316     0018                     	;# 
   317     0019                     	;# 
   318     001A                     	;# 
   319     001B                     	;# 
   320     001B                     	;# 
   321     001C                     	;# 
   322     001D                     	;# 
   323     001E                     	;# 
   324     001F                     	;# 
   325     0081                     	;# 
   326     0085                     	;# 
   327     0086                     	;# 
   328     0087                     	;# 
   329     0088                     	;# 
   330     0089                     	;# 
   331     008C                     	;# 
   332     008D                     	;# 
   333     008E                     	;# 
   334     008F                     	;# 
   335     0090                     	;# 
   336     0091                     	;# 
   337     0092                     	;# 
   338     0093                     	;# 
   339     0093                     	;# 
   340     0093                     	;# 
   341     0094                     	;# 
   342     0095                     	;# 
   343     0096                     	;# 
   344     0097                     	;# 
   345     0098                     	;# 
   346     0099                     	;# 
   347     009A                     	;# 
   348     009B                     	;# 
   349     009C                     	;# 
   350     009D                     	;# 
   351     009E                     	;# 
   352     009F                     	;# 
   353     0105                     	;# 
   354     0107                     	;# 
   355     0108                     	;# 
   356     0109                     	;# 
   357     010C                     	;# 
   358     010C                     	;# 
   359     010D                     	;# 
   360     010E                     	;# 
   361     010F                     	;# 
   362     0185                     	;# 
   363     0187                     	;# 
   364     0188                     	;# 
   365     0189                     	;# 
   366     018C                     	;# 
   367     018D                     	;# 
   368     0000                     	;# 
   369     0001                     	;# 
   370     0002                     	;# 
   371     0003                     	;# 
   372     0004                     	;# 
   373     0005                     	;# 
   374     0006                     	;# 
   375     0007                     	;# 
   376     0008                     	;# 
   377     0009                     	;# 
   378     000A                     	;# 
   379     000B                     	;# 
   380     000C                     	;# 
   381     000D                     	;# 
   382     000E                     	;# 
   383     000E                     	;# 
   384     000F                     	;# 
   385     0010                     	;# 
   386     0011                     	;# 
   387     0012                     	;# 
   388     0013                     	;# 
   389     0014                     	;# 
   390     0015                     	;# 
   391     0015                     	;# 
   392     0016                     	;# 
   393     0017                     	;# 
   394     0018                     	;# 
   395     0019                     	;# 
   396     001A                     	;# 
   397     001B                     	;# 
   398     001B                     	;# 
   399     001C                     	;# 
   400     001D                     	;# 
   401     001E                     	;# 
   402     001F                     	;# 
   403     0081                     	;# 
   404     0085                     	;# 
   405     0086                     	;# 
   406     0087                     	;# 
   407     0088                     	;# 
   408     0089                     	;# 
   409     008C                     	;# 
   410     008D                     	;# 
   411     008E                     	;# 
   412     008F                     	;# 
   413     0090                     	;# 
   414     0091                     	;# 
   415     0092                     	;# 
   416     0093                     	;# 
   417     0093                     	;# 
   418     0093                     	;# 
   419     0094                     	;# 
   420     0095                     	;# 
   421     0096                     	;# 
   422     0097                     	;# 
   423     0098                     	;# 
   424     0099                     	;# 
   425     009A                     	;# 
   426     009B                     	;# 
   427     009C                     	;# 
   428     009D                     	;# 
   429     009E                     	;# 
   430     009F                     	;# 
   431     0105                     	;# 
   432     0107                     	;# 
   433     0108                     	;# 
   434     0109                     	;# 
   435     010C                     	;# 
   436     010C                     	;# 
   437     010D                     	;# 
   438     010E                     	;# 
   439     010F                     	;# 
   440     0185                     	;# 
   441     0187                     	;# 
   442     0188                     	;# 
   443     0189                     	;# 
   444     018C                     	;# 
   445     018D                     	;# 
   446     000C                     _PIR1bits	set	12
   447     0008                     _PORTD	set	8
   448     0006                     _PORTB	set	6
   449     0006                     _PORTBbits	set	6
   450     000B                     _INTCONbits	set	11
   451     001E                     _ADRESH	set	30
   452     001F                     _ADCON0bits	set	31
   453     0013                     _SSPBUF	set	19
   454     0014                     _SSPCON	set	20
   455     0063                     _SSPIF	set	99
   456     0095                     _WPUBbits	set	149
   457     0096                     _IOCBbits	set	150
   458     0081                     _OPTION_REGbits	set	129
   459     0085                     _TRISAbits	set	133
   460     008C                     _PIE1bits	set	140
   461     008F                     _OSCCONbits	set	143
   462     0088                     _TRISD	set	136
   463     0086                     _TRISB	set	134
   464     009F                     _ADCON1bits	set	159
   465     0094                     _SSPSTATbits	set	148
   466     0094                     _SSPSTAT	set	148
   467     043B                     _TRISC3	set	1083
   468     043D                     _TRISC5	set	1085
   469     0189                     _ANSELH	set	393
   470     0188                     _ANSEL	set	392
   471                           
   472                           	psect	cinit
   473     0011                     start_initialization:	
   474                           ; #config settings
   475                           
   476     0011                     __initialization:
   477                           
   478                           ; Clear objects allocated to COMMON
   479     0011  01F6               	clrf	__pbssCOMMON& (0+127)
   480     0012  01F7               	clrf	(__pbssCOMMON+1)& (0+127)
   481     0013  01F8               	clrf	(__pbssCOMMON+2)& (0+127)
   482     0014  01F9               	clrf	(__pbssCOMMON+3)& (0+127)
   483                           
   484                           ; Clear objects allocated to BANK0
   485     0015  1283               	bcf	3,5	;RP0=0, select bank0
   486     0016  1303               	bcf	3,6	;RP1=0, select bank0
   487     0017  01A0               	clrf	__pbssBANK0& (0+127)
   488     0018  01A1               	clrf	(__pbssBANK0+1)& (0+127)
   489     0019  01A2               	clrf	(__pbssBANK0+2)& (0+127)
   490     001A  01A3               	clrf	(__pbssBANK0+3)& (0+127)
   491     001B                     end_of_initialization:	
   492                           ;End of C runtime variable initialization code
   493                           
   494     001B                     __end_of__initialization:
   495     001B  0183               	clrf	3
   496     001C  120A  118A  28B5   	ljmp	_main	;jump to C main() function
   497                           
   498                           	psect	bssCOMMON
   499     0076                     __pbssCOMMON:
   500     0076                     _turno:
   501     0076                     	ds	1
   502     0077                     _contador:
   503     0077                     	ds	1
   504     0078                     _pot_slave2:
   505     0078                     	ds	1
   506     0079                     _z:
   507     0079                     	ds	1
   508                           
   509                           	psect	bssBANK0
   510     0020                     __pbssBANK0:
   511     0020                     _channel:
   512     0020                     	ds	2
   513     0022                     _adc_result:
   514     0022                     	ds	2
   515                           
   516                           	psect	cstackCOMMON
   517     0070                     __pcstackCOMMON:
   518     0070                     ?_setup:
   519     0070                     ?_ioc_init:	
   520                           ; 1 bytes @ 0x0
   521                           
   522     0070                     ?_spiReceiveWait:	
   523                           ; 1 bytes @ 0x0
   524                           
   525     0070                     ??_spiReceiveWait:	
   526                           ; 1 bytes @ 0x0
   527                           
   528     0070                     ?_spiWrite:	
   529                           ; 1 bytes @ 0x0
   530                           
   531     0070                     ??_spiWrite:	
   532                           ; 1 bytes @ 0x0
   533                           
   534     0070                     ?_spiRead:	
   535                           ; 1 bytes @ 0x0
   536                           
   537     0070                     ??_spiRead:	
   538                           ; 1 bytes @ 0x0
   539                           
   540     0070                     ?_isr:	
   541                           ; 1 bytes @ 0x0
   542                           
   543     0070                     ?_main:	
   544                           ; 1 bytes @ 0x0
   545                           
   546     0070                     spiWrite@dat:	
   547                           ; 1 bytes @ 0x0
   548                           
   549                           
   550                           ; 1 bytes @ 0x0
   551     0070                     	ds	1
   552     0071                     ??_isr:
   553                           
   554                           ; 1 bytes @ 0x1
   555     0071                     	ds	3
   556     0074                     ??_ioc_init:
   557     0074                     ??_spiInit:	
   558                           ; 1 bytes @ 0x4
   559                           
   560     0074                     ?_adc_init:	
   561                           ; 1 bytes @ 0x4
   562                           
   563     0074                     spiInit@sType:	
   564                           ; 1 bytes @ 0x4
   565                           
   566     0074                     adc_init@channel:	
   567                           ; 1 bytes @ 0x4
   568                           
   569                           
   570                           ; 2 bytes @ 0x4
   571     0074                     	ds	1
   572     0075                     ??_setup:
   573                           
   574                           ; 1 bytes @ 0x5
   575     0075                     	ds	1
   576                           
   577                           	psect	cstackBANK0
   578     0024                     __pcstackBANK0:
   579     0024                     ?_spiInit:
   580     0024                     ??_adc_init:	
   581                           ; 1 bytes @ 0x0
   582                           
   583     0024                     spiInit@sDataSample:	
   584                           ; 1 bytes @ 0x0
   585                           
   586     0024                     ioc_init@pin:	
   587                           ; 1 bytes @ 0x0
   588                           
   589                           
   590                           ; 1 bytes @ 0x0
   591     0024                     	ds	1
   592     0025                     spiInit@sClockIdle:
   593                           
   594                           ; 1 bytes @ 0x1
   595     0025                     	ds	1
   596     0026                     spiInit@sTransmitEdge:
   597                           
   598                           ; 1 bytes @ 0x2
   599     0026                     	ds	1
   600     0027                     ??_main:
   601                           
   602                           ; 1 bytes @ 0x3
   603     0027                     	ds	1
   604                           
   605                           	psect	maintext
   606     00B5                     __pmaintext:	
   607 ;;
   608 ;;Main: autosize = 0, tempsize = 1, incstack = 0, save=0
   609 ;;
   610 ;; *************** function _main *****************
   611 ;; Defined at:
   612 ;;		line 77 in file "postlab_slave2.c"
   613 ;; Parameters:    Size  Location     Type
   614 ;;		None
   615 ;; Auto vars:     Size  Location     Type
   616 ;;		None
   617 ;; Return value:  Size  Location     Type
   618 ;;                  1    wreg      void 
   619 ;; Registers used:
   620 ;;		wreg, fsr0l, fsr0h, status,2, status,0, pclath, cstack
   621 ;; Tracked objects:
   622 ;;		On entry : B00/0
   623 ;;		On exit  : 0/0
   624 ;;		Unchanged: 0/0
   625 ;; Data sizes:     COMMON   BANK0   BANK1   BANK3   BANK2
   626 ;;      Params:         0       0       0       0       0
   627 ;;      Locals:         0       0       0       0       0
   628 ;;      Temps:          0       1       0       0       0
   629 ;;      Totals:         0       1       0       0       0
   630 ;;Total ram usage:        1 bytes
   631 ;; Hardware stack levels required when called: 5
   632 ;; This function calls:
   633 ;;		_adc_init
   634 ;;		_ioc_init
   635 ;;		_setup
   636 ;; This function is called by:
   637 ;;		Startup code after reset
   638 ;; This function uses a non-reentrant model
   639 ;;
   640                           
   641     00B5                     _main:	
   642                           ;psect for function _main
   643                           
   644     00B5                     l1030:	
   645                           ;incstack = 0
   646                           ; Regs used in _main: [wreg-fsr0h+status,2+status,0+pclath+cstack]
   647                           
   648                           
   649                           ;postlab_slave2.c: 78:     setup();
   650     00B5  120A  118A  20E4  120A  118A  	fcall	_setup
   651                           
   652                           ;postlab_slave2.c: 79:     adc_init(0);
   653     00BA  3000               	movlw	0
   654     00BB  00F4               	movwf	adc_init@channel
   655     00BC  00F5               	movwf	adc_init@channel+1
   656     00BD  120A  118A  2130  120A  118A  	fcall	_adc_init
   657     00C2                     l1032:
   658                           
   659                           ;postlab_slave2.c: 80:     ioc_init(0);
   660     00C2  3000               	movlw	0
   661     00C3  120A  118A  201F  120A  118A  	fcall	_ioc_init
   662     00C8                     l1034:
   663                           
   664                           ;postlab_slave2.c: 81:     ioc_init(1);
   665     00C8  3001               	movlw	1
   666     00C9  120A  118A  201F  120A  118A  	fcall	_ioc_init
   667     00CE                     l1036:
   668                           
   669                           ;postlab_slave2.c: 84:         if(ADCON0bits.GO == 0)
   670     00CE  1283               	bcf	3,5	;RP0=0, select bank0
   671     00CF  1303               	bcf	3,6	;RP1=0, select bank0
   672     00D0  189F               	btfsc	31,1	;volatile
   673     00D1  28D3               	goto	u141
   674     00D2  28D4               	goto	u140
   675     00D3                     u141:
   676     00D3  28CE               	goto	l1036
   677     00D4                     u140:
   678     00D4                     l1038:
   679                           
   680                           ;postlab_slave2.c: 85:         {;postlab_slave2.c: 86:             pot_slave2 = ADRESH;
   681     00D4  081E               	movf	30,w	;volatile
   682     00D5  00F8               	movwf	_pot_slave2
   683                           
   684                           ;postlab_slave2.c: 87:             _delay((unsigned long)((50)*(8000000/4000000.0)));
   685     00D6  3020               	movlw	32
   686     00D7  1283               	bcf	3,5	;RP0=0, select bank0
   687     00D8  1303               	bcf	3,6	;RP1=0, select bank0
   688     00D9  00A7               	movwf	??_main
   689     00DA                     u157:
   690     00DA  0BA7               	decfsz	??_main,f
   691     00DB  28DA               	goto	u157
   692     00DC  0000               	nop
   693     00DD                     l1040:
   694                           
   695                           ;postlab_slave2.c: 88:             ADCON0bits.GO = 1;
   696     00DD  1283               	bcf	3,5	;RP0=0, select bank0
   697     00DE  1303               	bcf	3,6	;RP1=0, select bank0
   698     00DF  149F               	bsf	31,1	;volatile
   699     00E0  28CE               	goto	l1036
   700     00E1  120A  118A  280E   	ljmp	start
   701     00E4                     __end_of_main:
   702                           
   703                           	psect	text1
   704     00E4                     __ptext1:	
   705 ;; *************** function _setup *****************
   706 ;; Defined at:
   707 ;;		line 98 in file "postlab_slave2.c"
   708 ;; Parameters:    Size  Location     Type
   709 ;;		None
   710 ;; Auto vars:     Size  Location     Type
   711 ;;		None
   712 ;; Return value:  Size  Location     Type
   713 ;;                  1    wreg      void 
   714 ;; Registers used:
   715 ;;		wreg, status,2, status,0, pclath, cstack
   716 ;; Tracked objects:
   717 ;;		On entry : 0/0
   718 ;;		On exit  : 0/0
   719 ;;		Unchanged: 0/0
   720 ;; Data sizes:     COMMON   BANK0   BANK1   BANK3   BANK2
   721 ;;      Params:         0       0       0       0       0
   722 ;;      Locals:         0       0       0       0       0
   723 ;;      Temps:          0       0       0       0       0
   724 ;;      Totals:         0       0       0       0       0
   725 ;;Total ram usage:        0 bytes
   726 ;; Hardware stack levels used: 1
   727 ;; Hardware stack levels required when called: 4
   728 ;; This function calls:
   729 ;;		_spiInit
   730 ;; This function is called by:
   731 ;;		_main
   732 ;; This function uses a non-reentrant model
   733 ;;
   734                           
   735     00E4                     _setup:	
   736                           ;psect for function _setup
   737                           
   738     00E4                     l994:	
   739                           ;incstack = 0
   740                           ; Regs used in _setup: [wreg+status,2+status,0+pclath+cstack]
   741                           
   742                           
   743                           ;postlab_slave2.c: 99:     ANSEL = 0x01;
   744     00E4  3001               	movlw	1
   745     00E5  1683               	bsf	3,5	;RP0=1, select bank3
   746     00E6  1703               	bsf	3,6	;RP1=1, select bank3
   747     00E7  0088               	movwf	8	;volatile
   748     00E8                     l996:
   749                           
   750                           ;postlab_slave2.c: 100:     ANSELH = 0;
   751     00E8  0189               	clrf	9	;volatile
   752     00E9                     l998:
   753                           
   754                           ;postlab_slave2.c: 102:     TRISB = 0x03;
   755     00E9  3003               	movlw	3
   756     00EA  1683               	bsf	3,5	;RP0=1, select bank1
   757     00EB  1303               	bcf	3,6	;RP1=0, select bank1
   758     00EC  0086               	movwf	6	;volatile
   759                           
   760                           ;postlab_slave2.c: 103:     PORTB = 0;
   761     00ED  1283               	bcf	3,5	;RP0=0, select bank0
   762     00EE  1303               	bcf	3,6	;RP1=0, select bank0
   763     00EF  0186               	clrf	6	;volatile
   764                           
   765                           ;postlab_slave2.c: 105:     TRISD = 0;
   766     00F0  1683               	bsf	3,5	;RP0=1, select bank1
   767     00F1  1303               	bcf	3,6	;RP1=0, select bank1
   768     00F2  0188               	clrf	8	;volatile
   769                           
   770                           ;postlab_slave2.c: 106:     PORTD = 0;
   771     00F3  1283               	bcf	3,5	;RP0=0, select bank0
   772     00F4  1303               	bcf	3,6	;RP1=0, select bank0
   773     00F5  0188               	clrf	8	;volatile
   774     00F6                     l1000:
   775                           
   776                           ;postlab_slave2.c: 108:     OSCCONbits.IRCF = 0b111;
   777     00F6  3070               	movlw	112
   778     00F7  1683               	bsf	3,5	;RP0=1, select bank1
   779     00F8  1303               	bcf	3,6	;RP1=0, select bank1
   780     00F9  048F               	iorwf	15,f	;volatile
   781     00FA                     l1002:
   782                           
   783                           ;postlab_slave2.c: 109:     OSCCONbits.SCS = 1;
   784     00FA  140F               	bsf	15,0	;volatile
   785     00FB                     l1004:
   786                           
   787                           ;postlab_slave2.c: 111:     INTCONbits.GIE = 1;
   788     00FB  178B               	bsf	11,7	;volatile
   789     00FC                     l1006:
   790                           
   791                           ;postlab_slave2.c: 112:     INTCONbits.PEIE = 1;
   792     00FC  170B               	bsf	11,6	;volatile
   793     00FD                     l1008:
   794                           
   795                           ;postlab_slave2.c: 113:     INTCONbits.RBIF = 0;
   796     00FD  100B               	bcf	11,0	;volatile
   797     00FE                     l1010:
   798                           
   799                           ;postlab_slave2.c: 114:     INTCONbits.RBIE = 1;
   800     00FE  158B               	bsf	11,3	;volatile
   801     00FF                     l1012:
   802                           
   803                           ;postlab_slave2.c: 115:     PIR1bits.SSPIF = 0;
   804     00FF  1283               	bcf	3,5	;RP0=0, select bank0
   805     0100  1303               	bcf	3,6	;RP1=0, select bank0
   806     0101  118C               	bcf	12,3	;volatile
   807     0102                     l1014:
   808                           
   809                           ;postlab_slave2.c: 116:     PIE1bits.SSPIE = 1;
   810     0102  1683               	bsf	3,5	;RP0=1, select bank1
   811     0103  1303               	bcf	3,6	;RP1=0, select bank1
   812     0104  158C               	bsf	12,3	;volatile
   813     0105                     l1016:
   814                           
   815                           ;postlab_slave2.c: 117:     TRISAbits.TRISA5 = 1;
   816     0105  1685               	bsf	5,5	;volatile
   817     0106                     l1018:
   818                           
   819                           ;postlab_slave2.c: 119:     spiInit(SPI_SLAVE_SS_EN, SPI_DATA_SAMPLE_MIDDLE, SPI_CLOCK_I
      +                          DLE_LOW, SPI_IDLE_2_ACTIVE);
   820     0106  1283               	bcf	3,5	;RP0=0, select bank0
   821     0107  1303               	bcf	3,6	;RP1=0, select bank0
   822     0108  01A4               	clrf	spiInit@sDataSample
   823     0109  01A5               	clrf	spiInit@sClockIdle
   824     010A  01A6               	clrf	spiInit@sTransmitEdge
   825     010B  3024               	movlw	36
   826     010C  120A  118A  2112  120A  118A  	fcall	_spiInit
   827     0111                     l138:
   828     0111  0008               	return
   829     0112                     __end_of_setup:
   830                           
   831                           	psect	text2
   832     0112                     __ptext2:	
   833 ;; *************** function _spiInit *****************
   834 ;; Defined at:
   835 ;;		line 12 in file "SPI.c"
   836 ;; Parameters:    Size  Location     Type
   837 ;;  sType           1    wreg     enum E1292
   838 ;;  sDataSample     1    0[BANK0 ] enum E1300
   839 ;;  sClockIdle      1    1[BANK0 ] enum E1304
   840 ;;  sTransmitEdg    1    2[BANK0 ] enum E1308
   841 ;; Auto vars:     Size  Location     Type
   842 ;;  sType           1    4[COMMON] enum E1292
   843 ;; Return value:  Size  Location     Type
   844 ;;                  1    wreg      void 
   845 ;; Registers used:
   846 ;;		wreg, status,2, status,0
   847 ;; Tracked objects:
   848 ;;		On entry : 0/0
   849 ;;		On exit  : 0/0
   850 ;;		Unchanged: 0/0
   851 ;; Data sizes:     COMMON   BANK0   BANK1   BANK3   BANK2
   852 ;;      Params:         0       3       0       0       0
   853 ;;      Locals:         1       0       0       0       0
   854 ;;      Temps:          0       0       0       0       0
   855 ;;      Totals:         1       3       0       0       0
   856 ;;Total ram usage:        4 bytes
   857 ;; Hardware stack levels used: 1
   858 ;; Hardware stack levels required when called: 3
   859 ;; This function calls:
   860 ;;		Nothing
   861 ;; This function is called by:
   862 ;;		_setup
   863 ;; This function uses a non-reentrant model
   864 ;;
   865                           
   866     0112                     _spiInit:	
   867                           ;psect for function _spiInit
   868                           
   869                           
   870                           ;incstack = 0
   871                           ; Regs used in _spiInit: [wreg+status,2+status,0]
   872                           ;spiInit@sType stored from wreg
   873     0112  00F4               	movwf	spiInit@sType
   874     0113                     l974:
   875                           
   876                           ;SPI.c: 12: void spiInit(Spi_Type sType, Spi_Data_Sample sDataSample, Spi_Clock_Idle sCl
      +                          ockIdle, Spi_Transmit_Edge sTransmitEdge);SPI.c: 13: {;SPI.c: 14:     TRISC5 = 0;
   877     0113  1683               	bsf	3,5	;RP0=1, select bank1
   878     0114  1303               	bcf	3,6	;RP1=0, select bank1
   879     0115  1287               	bcf	7,5	;volatile
   880                           
   881                           ;SPI.c: 15:     if(sType & 0b00000100)
   882     0116  1D74               	btfss	spiInit@sType,2
   883     0117  2919               	goto	u131
   884     0118  291A               	goto	u130
   885     0119                     u131:
   886     0119  2922               	goto	l980
   887     011A                     u130:
   888     011A                     l976:
   889                           
   890                           ;SPI.c: 16:     {;SPI.c: 17:         SSPSTAT = sTransmitEdge;
   891     011A  1283               	bcf	3,5	;RP0=0, select bank0
   892     011B  1303               	bcf	3,6	;RP1=0, select bank0
   893     011C  0826               	movf	spiInit@sTransmitEdge,w
   894     011D  1683               	bsf	3,5	;RP0=1, select bank1
   895     011E  1303               	bcf	3,6	;RP1=0, select bank1
   896     011F  0094               	movwf	20	;volatile
   897     0120                     l978:
   898                           
   899                           ;SPI.c: 18:         TRISC3 = 1;
   900     0120  1587               	bsf	7,3	;volatile
   901                           
   902                           ;SPI.c: 19:     }
   903     0121  292A               	goto	l16
   904     0122                     l980:
   905                           
   906                           ;SPI.c: 21:     {;SPI.c: 22:         SSPSTAT = sDataSample | sTransmitEdge;
   907     0122  1283               	bcf	3,5	;RP0=0, select bank0
   908     0123  1303               	bcf	3,6	;RP1=0, select bank0
   909     0124  0824               	movf	spiInit@sDataSample,w
   910     0125  0426               	iorwf	spiInit@sTransmitEdge,w
   911     0126  1683               	bsf	3,5	;RP0=1, select bank1
   912     0127  1303               	bcf	3,6	;RP1=0, select bank1
   913     0128  0094               	movwf	20	;volatile
   914     0129                     l982:
   915                           
   916                           ;SPI.c: 23:         TRISC3 = 0;
   917     0129  1187               	bcf	7,3	;volatile
   918     012A                     l16:	
   919                           ;SPI.c: 24:     }
   920                           
   921                           
   922                           ;SPI.c: 26:     SSPCON = sType | sClockIdle;
   923     012A  0874               	movf	spiInit@sType,w
   924     012B  1283               	bcf	3,5	;RP0=0, select bank0
   925     012C  1303               	bcf	3,6	;RP1=0, select bank0
   926     012D  0425               	iorwf	spiInit@sClockIdle,w
   927     012E  0094               	movwf	20	;volatile
   928     012F                     l17:
   929     012F  0008               	return
   930     0130                     __end_of_spiInit:
   931                           
   932                           	psect	text3
   933     001F                     __ptext3:	
   934 ;; *************** function _ioc_init *****************
   935 ;; Defined at:
   936 ;;		line 3 in file "iocb.c"
   937 ;; Parameters:    Size  Location     Type
   938 ;;  pin             1    wreg     unsigned char 
   939 ;; Auto vars:     Size  Location     Type
   940 ;;  pin             1    0[BANK0 ] unsigned char 
   941 ;; Return value:  Size  Location     Type
   942 ;;                  1    wreg      void 
   943 ;; Registers used:
   944 ;;		wreg, fsr0l, fsr0h, status,2, status,0
   945 ;; Tracked objects:
   946 ;;		On entry : 0/0
   947 ;;		On exit  : 0/0
   948 ;;		Unchanged: 0/0
   949 ;; Data sizes:     COMMON   BANK0   BANK1   BANK3   BANK2
   950 ;;      Params:         0       0       0       0       0
   951 ;;      Locals:         0       1       0       0       0
   952 ;;      Temps:          2       0       0       0       0
   953 ;;      Totals:         2       1       0       0       0
   954 ;;Total ram usage:        3 bytes
   955 ;; Hardware stack levels used: 1
   956 ;; Hardware stack levels required when called: 3
   957 ;; This function calls:
   958 ;;		Nothing
   959 ;; This function is called by:
   960 ;;		_main
   961 ;; This function uses a non-reentrant model
   962 ;;
   963                           
   964     001F                     _ioc_init:	
   965                           ;psect for function _ioc_init
   966                           
   967                           
   968                           ;incstack = 0
   969                           ; Regs used in _ioc_init: [wreg-fsr0h+status,2+status,0]
   970                           ;ioc_init@pin stored from wreg
   971     001F  1283               	bcf	3,5	;RP0=0, select bank0
   972     0020  1303               	bcf	3,6	;RP1=0, select bank0
   973     0021  00A4               	movwf	ioc_init@pin
   974     0022                     l1020:
   975                           
   976                           ;iocb.c: 4:     OPTION_REGbits.nRBPU = 0;
   977     0022  1683               	bsf	3,5	;RP0=1, select bank1
   978     0023  1303               	bcf	3,6	;RP1=0, select bank1
   979     0024  1381               	bcf	1,7	;volatile
   980                           
   981                           ;iocb.c: 5:     switch(pin)
   982     0025  2853               	goto	l1024
   983     0026                     l148:	
   984                           ;iocb.c: 6:     {;iocb.c: 7:         case 0:
   985                           
   986                           
   987                           ;iocb.c: 8:             IOCBbits.IOCB0 = 1;
   988     0026  1683               	bsf	3,5	;RP0=1, select bank1
   989     0027  1303               	bcf	3,6	;RP1=0, select bank1
   990     0028  1416               	bsf	22,0	;volatile
   991                           
   992                           ;iocb.c: 9:             WPUBbits.WPUB0 = 1;
   993     0029  1415               	bsf	21,0	;volatile
   994                           
   995                           ;iocb.c: 10:             break;
   996     002A  2877               	goto	l158
   997     002B                     l150:	
   998                           ;iocb.c: 11:         case 1:
   999                           
  1000                           
  1001                           ;iocb.c: 12:             IOCBbits.IOCB1 = 1;
  1002     002B  1683               	bsf	3,5	;RP0=1, select bank1
  1003     002C  1303               	bcf	3,6	;RP1=0, select bank1
  1004     002D  1496               	bsf	22,1	;volatile
  1005                           
  1006                           ;iocb.c: 13:             WPUBbits.WPUB1 = 1;
  1007     002E  1495               	bsf	21,1	;volatile
  1008                           
  1009                           ;iocb.c: 14:             break;
  1010     002F  2877               	goto	l158
  1011     0030                     l151:	
  1012                           ;iocb.c: 15:         case 2:
  1013                           
  1014                           
  1015                           ;iocb.c: 16:             IOCBbits.IOCB2 = 1;
  1016     0030  1683               	bsf	3,5	;RP0=1, select bank1
  1017     0031  1303               	bcf	3,6	;RP1=0, select bank1
  1018     0032  1516               	bsf	22,2	;volatile
  1019                           
  1020                           ;iocb.c: 17:             WPUBbits.WPUB2 = 1;
  1021     0033  1515               	bsf	21,2	;volatile
  1022                           
  1023                           ;iocb.c: 18:             break;
  1024     0034  2877               	goto	l158
  1025     0035                     l152:	
  1026                           ;iocb.c: 19:         case 3:
  1027                           
  1028                           
  1029                           ;iocb.c: 20:             IOCBbits.IOCB3 = 1;
  1030     0035  1683               	bsf	3,5	;RP0=1, select bank1
  1031     0036  1303               	bcf	3,6	;RP1=0, select bank1
  1032     0037  1596               	bsf	22,3	;volatile
  1033                           
  1034                           ;iocb.c: 21:             WPUBbits.WPUB3 = 1;
  1035     0038  1595               	bsf	21,3	;volatile
  1036                           
  1037                           ;iocb.c: 22:             break;
  1038     0039  2877               	goto	l158
  1039     003A                     l153:	
  1040                           ;iocb.c: 23:         case 4:
  1041                           
  1042                           
  1043                           ;iocb.c: 24:             IOCBbits.IOCB4 = 1;
  1044     003A  1683               	bsf	3,5	;RP0=1, select bank1
  1045     003B  1303               	bcf	3,6	;RP1=0, select bank1
  1046     003C  1616               	bsf	22,4	;volatile
  1047                           
  1048                           ;iocb.c: 25:             WPUBbits.WPUB4 = 1;
  1049     003D  1615               	bsf	21,4	;volatile
  1050                           
  1051                           ;iocb.c: 26:             break;
  1052     003E  2877               	goto	l158
  1053     003F                     l154:	
  1054                           ;iocb.c: 27:         case 5:
  1055                           
  1056                           
  1057                           ;iocb.c: 28:             IOCBbits.IOCB5 = 1;
  1058     003F  1683               	bsf	3,5	;RP0=1, select bank1
  1059     0040  1303               	bcf	3,6	;RP1=0, select bank1
  1060     0041  1696               	bsf	22,5	;volatile
  1061                           
  1062                           ;iocb.c: 29:             WPUBbits.WPUB5 = 1;
  1063     0042  1695               	bsf	21,5	;volatile
  1064                           
  1065                           ;iocb.c: 30:             break;
  1066     0043  2877               	goto	l158
  1067     0044                     l155:	
  1068                           ;iocb.c: 31:         case 6:
  1069                           
  1070                           
  1071                           ;iocb.c: 32:             IOCBbits.IOCB6 = 1;
  1072     0044  1683               	bsf	3,5	;RP0=1, select bank1
  1073     0045  1303               	bcf	3,6	;RP1=0, select bank1
  1074     0046  1716               	bsf	22,6	;volatile
  1075                           
  1076                           ;iocb.c: 33:             WPUBbits.WPUB6 = 1;
  1077     0047  1715               	bsf	21,6	;volatile
  1078                           
  1079                           ;iocb.c: 34:             break;
  1080     0048  2877               	goto	l158
  1081     0049                     l156:	
  1082                           ;iocb.c: 35:         case 7:
  1083                           
  1084                           
  1085                           ;iocb.c: 36:             IOCBbits.IOCB7 = 1;
  1086     0049  1683               	bsf	3,5	;RP0=1, select bank1
  1087     004A  1303               	bcf	3,6	;RP1=0, select bank1
  1088     004B  1796               	bsf	22,7	;volatile
  1089                           
  1090                           ;iocb.c: 37:             WPUBbits.WPUB7 = 1;
  1091     004C  1795               	bsf	21,7	;volatile
  1092                           
  1093                           ;iocb.c: 38:             break;
  1094     004D  2877               	goto	l158
  1095     004E                     l1022:
  1096                           
  1097                           ;iocb.c: 40:             IOCBbits.IOCB = 0;
  1098     004E  1683               	bsf	3,5	;RP0=1, select bank1
  1099     004F  1303               	bcf	3,6	;RP1=0, select bank1
  1100     0050  0196               	clrf	22	;volatile
  1101                           
  1102                           ;iocb.c: 41:             WPUBbits.WPUB = 0;
  1103     0051  0195               	clrf	21	;volatile
  1104                           
  1105                           ;iocb.c: 42:     }
  1106     0052  2877               	goto	l158
  1107     0053                     l1024:
  1108     0053  1283               	bcf	3,5	;RP0=0, select bank0
  1109     0054  1303               	bcf	3,6	;RP1=0, select bank0
  1110     0055  0824               	movf	ioc_init@pin,w
  1111     0056  00F4               	movwf	??_ioc_init
  1112     0057  01F5               	clrf	??_ioc_init+1
  1113                           
  1114                           ; Switch on 2 bytes has been partitioned into a top level switch of size 1, and 1 sub-sw
      +                          itches
  1115                           ; Switch size 1, requested type "simple"
  1116                           ; Number of cases is 1, Range of values is 0 to 0
  1117                           ; switch strategies available:
  1118                           ; Name         Instructions Cycles
  1119                           ; simple_byte            4     3 (average)
  1120                           ; direct_byte           11     8 (fixed)
  1121                           ; jumptable            260     6 (fixed)
  1122                           ;	Chosen strategy is simple_byte
  1123     0058  0875               	movf	??_ioc_init+1,w
  1124     0059  3A00               	xorlw	0	; case 0
  1125     005A  1903               	skipnz
  1126     005B  285D               	goto	l1062
  1127     005C  284E               	goto	l1022
  1128     005D                     l1062:
  1129                           
  1130                           ; Switch size 1, requested type "simple"
  1131                           ; Number of cases is 8, Range of values is 0 to 7
  1132                           ; switch strategies available:
  1133                           ; Name         Instructions Cycles
  1134                           ; simple_byte           25    13 (average)
  1135                           ; direct_byte           32     8 (fixed)
  1136                           ; jumptable            260     6 (fixed)
  1137                           ;	Chosen strategy is simple_byte
  1138     005D  0874               	movf	??_ioc_init,w
  1139     005E  3A00               	xorlw	0	; case 0
  1140     005F  1903               	skipnz
  1141     0060  2826               	goto	l148
  1142     0061  3A01               	xorlw	1	; case 1
  1143     0062  1903               	skipnz
  1144     0063  282B               	goto	l150
  1145     0064  3A03               	xorlw	3	; case 2
  1146     0065  1903               	skipnz
  1147     0066  2830               	goto	l151
  1148     0067  3A01               	xorlw	1	; case 3
  1149     0068  1903               	skipnz
  1150     0069  2835               	goto	l152
  1151     006A  3A07               	xorlw	7	; case 4
  1152     006B  1903               	skipnz
  1153     006C  283A               	goto	l153
  1154     006D  3A01               	xorlw	1	; case 5
  1155     006E  1903               	skipnz
  1156     006F  283F               	goto	l154
  1157     0070  3A03               	xorlw	3	; case 6
  1158     0071  1903               	skipnz
  1159     0072  2844               	goto	l155
  1160     0073  3A01               	xorlw	1	; case 7
  1161     0074  1903               	skipnz
  1162     0075  2849               	goto	l156
  1163     0076  284E               	goto	l1022
  1164     0077                     l158:
  1165     0077  0008               	return
  1166     0078                     __end_of_ioc_init:
  1167                           
  1168                           	psect	text4
  1169     0130                     __ptext4:	
  1170 ;; *************** function _adc_init *****************
  1171 ;; Defined at:
  1172 ;;		line 7 in file "adc.c"
  1173 ;; Parameters:    Size  Location     Type
  1174 ;;  channel         2    4[COMMON] int 
  1175 ;; Auto vars:     Size  Location     Type
  1176 ;;		None
  1177 ;; Return value:  Size  Location     Type
  1178 ;;                  1    wreg      void 
  1179 ;; Registers used:
  1180 ;;		wreg, status,2, status,0
  1181 ;; Tracked objects:
  1182 ;;		On entry : 0/0
  1183 ;;		On exit  : 0/0
  1184 ;;		Unchanged: 0/0
  1185 ;; Data sizes:     COMMON   BANK0   BANK1   BANK3   BANK2
  1186 ;;      Params:         2       0       0       0       0
  1187 ;;      Locals:         0       0       0       0       0
  1188 ;;      Temps:          0       1       0       0       0
  1189 ;;      Totals:         2       1       0       0       0
  1190 ;;Total ram usage:        3 bytes
  1191 ;; Hardware stack levels used: 1
  1192 ;; Hardware stack levels required when called: 3
  1193 ;; This function calls:
  1194 ;;		Nothing
  1195 ;; This function is called by:
  1196 ;;		_main
  1197 ;; This function uses a non-reentrant model
  1198 ;;
  1199                           
  1200     0130                     _adc_init:	
  1201                           ;psect for function _adc_init
  1202                           
  1203     0130                     l984:	
  1204                           ;incstack = 0
  1205                           ; Regs used in _adc_init: [wreg+status,2+status,0]
  1206                           
  1207                           
  1208                           ;adc.c: 8:     ADCON1bits.ADFM = 0;
  1209     0130  1683               	bsf	3,5	;RP0=1, select bank1
  1210     0131  1303               	bcf	3,6	;RP1=0, select bank1
  1211     0132  139F               	bcf	31,7	;volatile
  1212                           
  1213                           ;adc.c: 9:     ADCON1bits.VCFG0 = 0;
  1214     0133  121F               	bcf	31,4	;volatile
  1215                           
  1216                           ;adc.c: 10:     ADCON1bits.VCFG1 = 0;
  1217     0134  129F               	bcf	31,5	;volatile
  1218                           
  1219                           ;adc.c: 12:     ADCON0bits.ADCS0 = 0;
  1220     0135  1283               	bcf	3,5	;RP0=0, select bank0
  1221     0136  1303               	bcf	3,6	;RP1=0, select bank0
  1222     0137  131F               	bcf	31,6	;volatile
  1223                           
  1224                           ;adc.c: 13:     ADCON0bits.ADCS1 = 1;
  1225     0138  179F               	bsf	31,7	;volatile
  1226     0139                     l986:
  1227                           
  1228                           ;adc.c: 14:     ADCON0bits.CHS = channel;
  1229     0139  0874               	movf	adc_init@channel,w
  1230     013A  00A4               	movwf	??_adc_init
  1231     013B  0DA4               	rlf	??_adc_init,f
  1232     013C  0DA4               	rlf	??_adc_init,f
  1233     013D  081F               	movf	31,w	;volatile
  1234     013E  0624               	xorwf	??_adc_init,w
  1235     013F  39C3               	andlw	-61
  1236     0140  0624               	xorwf	??_adc_init,w
  1237     0141  009F               	movwf	31	;volatile
  1238     0142                     l988:
  1239                           
  1240                           ;adc.c: 15:     _delay((unsigned long)((100)*(8000000/4000000.0)));
  1241     0142  3041               	movlw	65
  1242     0143  1283               	bcf	3,5	;RP0=0, select bank0
  1243     0144  1303               	bcf	3,6	;RP1=0, select bank0
  1244     0145  00A4               	movwf	??_adc_init
  1245     0146                     u167:
  1246     0146  0BA4               	decfsz	??_adc_init,f
  1247     0147  2946               	goto	u167
  1248     0148  2949               	nop2
  1249     0149                     l990:
  1250                           
  1251                           ;adc.c: 16:     ADCON0bits.ADON = 1;
  1252     0149  1283               	bcf	3,5	;RP0=0, select bank0
  1253     014A  1303               	bcf	3,6	;RP1=0, select bank0
  1254     014B  141F               	bsf	31,0	;volatile
  1255     014C                     l992:
  1256                           
  1257                           ;adc.c: 18:     ADCON0bits.GO = 1;
  1258     014C  149F               	bsf	31,1	;volatile
  1259     014D                     l51:
  1260     014D  0008               	return
  1261     014E                     __end_of_adc_init:
  1262                           
  1263                           	psect	text5
  1264     0078                     __ptext5:	
  1265 ;; *************** function _isr *****************
  1266 ;; Defined at:
  1267 ;;		line 46 in file "postlab_slave2.c"
  1268 ;; Parameters:    Size  Location     Type
  1269 ;;		None
  1270 ;; Auto vars:     Size  Location     Type
  1271 ;;		None
  1272 ;; Return value:  Size  Location     Type
  1273 ;;                  1    wreg      void 
  1274 ;; Registers used:
  1275 ;;		wreg, status,2, status,0, btemp+1, pclath, cstack
  1276 ;; Tracked objects:
  1277 ;;		On entry : 0/0
  1278 ;;		On exit  : 0/0
  1279 ;;		Unchanged: 0/0
  1280 ;; Data sizes:     COMMON   BANK0   BANK1   BANK3   BANK2
  1281 ;;      Params:         0       0       0       0       0
  1282 ;;      Locals:         0       0       0       0       0
  1283 ;;      Temps:          3       0       0       0       0
  1284 ;;      Totals:         3       0       0       0       0
  1285 ;;Total ram usage:        3 bytes
  1286 ;; Hardware stack levels used: 1
  1287 ;; Hardware stack levels required when called: 2
  1288 ;; This function calls:
  1289 ;;		_spiRead
  1290 ;;		_spiWrite
  1291 ;; This function is called by:
  1292 ;;		Interrupt level 1
  1293 ;; This function uses a non-reentrant model
  1294 ;;
  1295                           
  1296     0078                     _isr:	
  1297                           ;psect for function _isr
  1298                           
  1299     0078                     i1l840:
  1300                           
  1301                           ;postlab_slave2.c: 47:     if(SSPIF == 1){
  1302     0078  1283               	bcf	3,5	;RP0=0, select bank0
  1303     0079  1303               	bcf	3,6	;RP1=0, select bank0
  1304     007A  1D8C               	btfss	12,3	;volatile
  1305     007B  287D               	goto	u5_21
  1306     007C  287E               	goto	u5_20
  1307     007D                     u5_21:
  1308     007D  2899               	goto	i1l852
  1309     007E                     u5_20:
  1310     007E                     i1l842:
  1311                           
  1312                           ;postlab_slave2.c: 48:         turno = spiRead();
  1313     007E  120A  118A  214E  120A  118A  	fcall	_spiRead
  1314     0083  00F6               	movwf	_turno
  1315     0084                     i1l844:
  1316                           
  1317                           ;postlab_slave2.c: 49:         if (turno == 0){
  1318     0084  0876               	movf	_turno,w
  1319     0085  1D03               	btfss	3,2
  1320     0086  2888               	goto	u6_21
  1321     0087  2889               	goto	u6_20
  1322     0088                     u6_21:
  1323     0088  2890               	goto	i1l848
  1324     0089                     u6_20:
  1325     0089                     i1l846:
  1326                           
  1327                           ;postlab_slave2.c: 50:             spiWrite(pot_slave2);
  1328     0089  0878               	movf	_pot_slave2,w
  1329     008A  120A  118A  215E  120A  118A  	fcall	_spiWrite
  1330                           
  1331                           ;postlab_slave2.c: 51:         } else {
  1332     008F  2896               	goto	i1l850
  1333     0090                     i1l848:
  1334                           
  1335                           ;postlab_slave2.c: 52:             spiWrite(contador);
  1336     0090  0877               	movf	_contador,w
  1337     0091  120A  118A  215E  120A  118A  	fcall	_spiWrite
  1338     0096                     i1l850:
  1339                           
  1340                           ;postlab_slave2.c: 54:         SSPIF = 0;
  1341     0096  1283               	bcf	3,5	;RP0=0, select bank0
  1342     0097  1303               	bcf	3,6	;RP1=0, select bank0
  1343     0098  118C               	bcf	12,3	;volatile
  1344     0099                     i1l852:
  1345                           
  1346                           ;postlab_slave2.c: 57:     if (INTCONbits.RBIF){
  1347     0099  1C0B               	btfss	11,0	;volatile
  1348     009A  289C               	goto	u7_21
  1349     009B  289D               	goto	u7_20
  1350     009C                     u7_21:
  1351     009C  28AC               	goto	i1l126
  1352     009D                     u7_20:
  1353     009D                     i1l854:
  1354                           
  1355                           ;postlab_slave2.c: 58:         if(!PORTBbits.RB0) {
  1356     009D  1806               	btfsc	6,0	;volatile
  1357     009E  28A0               	goto	u8_21
  1358     009F  28A1               	goto	u8_20
  1359     00A0                     u8_21:
  1360     00A0  28A5               	goto	i1l858
  1361     00A1                     u8_20:
  1362     00A1                     i1l856:
  1363                           
  1364                           ;postlab_slave2.c: 59:             contador++;
  1365     00A1  3001               	movlw	1
  1366     00A2  00FF               	movwf	btemp+1
  1367     00A3  087F               	movf	btemp+1,w
  1368     00A4  07F7               	addwf	_contador,f
  1369     00A5                     i1l858:
  1370                           
  1371                           ;postlab_slave2.c: 61:         if(!PORTBbits.RB1) {
  1372     00A5  1886               	btfsc	6,1	;volatile
  1373     00A6  28A8               	goto	u9_21
  1374     00A7  28A9               	goto	u9_20
  1375     00A8                     u9_21:
  1376     00A8  28AB               	goto	i1l862
  1377     00A9                     u9_20:
  1378     00A9                     i1l860:
  1379                           
  1380                           ;postlab_slave2.c: 62:             contador--;
  1381     00A9  3001               	movlw	1
  1382     00AA  02F7               	subwf	_contador,f
  1383     00AB                     i1l862:
  1384                           
  1385                           ;postlab_slave2.c: 64:         INTCONbits.RBIF = 0;
  1386     00AB  100B               	bcf	11,0	;volatile
  1387     00AC                     i1l126:
  1388     00AC  0873               	movf	??_isr+2,w
  1389     00AD  00FF               	movwf	btemp+1
  1390     00AE  0872               	movf	??_isr+1,w
  1391     00AF  008A               	movwf	10
  1392     00B0  0E71               	swapf	??_isr,w
  1393     00B1  0083               	movwf	3
  1394     00B2  0EFE               	swapf	btemp,f
  1395     00B3  0E7E               	swapf	btemp,w
  1396     00B4  0009               	retfie
  1397     00B5                     __end_of_isr:
  1398                           
  1399                           	psect	intentry
  1400     0004                     __pintentry:	
  1401                           ;incstack = 0
  1402                           ; Regs used in _isr: [wreg+status,2+status,0+btemp+1+pclath+cstack]
  1403                           
  1404     0004                     interrupt_function:
  1405     007E                     saved_w	set	btemp
  1406     0004  00FE               	movwf	btemp
  1407     0005  0E03               	swapf	3,w
  1408     0006  00F1               	movwf	??_isr
  1409     0007  080A               	movf	10,w
  1410     0008  00F2               	movwf	??_isr+1
  1411     0009  087F               	movf	btemp+1,w
  1412     000A  00F3               	movwf	??_isr+2
  1413     000B  120A  118A  2878   	ljmp	_isr
  1414                           
  1415                           	psect	text6
  1416     015E                     __ptext6:	
  1417 ;; *************** function _spiWrite *****************
  1418 ;; Defined at:
  1419 ;;		line 34 in file "SPI.c"
  1420 ;; Parameters:    Size  Location     Type
  1421 ;;  dat             1    wreg     unsigned char 
  1422 ;; Auto vars:     Size  Location     Type
  1423 ;;  dat             1    0[COMMON] unsigned char 
  1424 ;; Return value:  Size  Location     Type
  1425 ;;                  1    wreg      void 
  1426 ;; Registers used:
  1427 ;;		wreg
  1428 ;; Tracked objects:
  1429 ;;		On entry : 0/0
  1430 ;;		On exit  : 0/0
  1431 ;;		Unchanged: 0/0
  1432 ;; Data sizes:     COMMON   BANK0   BANK1   BANK3   BANK2
  1433 ;;      Params:         0       0       0       0       0
  1434 ;;      Locals:         1       0       0       0       0
  1435 ;;      Temps:          0       0       0       0       0
  1436 ;;      Totals:         1       0       0       0       0
  1437 ;;Total ram usage:        1 bytes
  1438 ;; Hardware stack levels used: 1
  1439 ;; This function calls:
  1440 ;;		Nothing
  1441 ;; This function is called by:
  1442 ;;		_isr
  1443 ;; This function uses a non-reentrant model
  1444 ;;
  1445                           
  1446     015E                     _spiWrite:	
  1447                           ;psect for function _spiWrite
  1448                           
  1449                           
  1450                           ;incstack = 0
  1451                           ; Regs used in _spiWrite: [wreg]
  1452                           ;spiWrite@dat stored from wreg
  1453     015E  00F0               	movwf	spiWrite@dat
  1454     015F                     i1l762:
  1455                           
  1456                           ;SPI.c: 34: void spiWrite(char dat);SPI.c: 35: {;SPI.c: 36:     SSPBUF = dat;
  1457     015F  0870               	movf	spiWrite@dat,w
  1458     0160  1283               	bcf	3,5	;RP0=0, select bank0
  1459     0161  1303               	bcf	3,6	;RP1=0, select bank0
  1460     0162  0093               	movwf	19	;volatile
  1461     0163                     i1l26:
  1462     0163  0008               	return
  1463     0164                     __end_of_spiWrite:
  1464                           
  1465                           	psect	text7
  1466     014E                     __ptext7:	
  1467 ;; *************** function _spiRead *****************
  1468 ;; Defined at:
  1469 ;;		line 47 in file "SPI.c"
  1470 ;; Parameters:    Size  Location     Type
  1471 ;;		None
  1472 ;; Auto vars:     Size  Location     Type
  1473 ;;		None
  1474 ;; Return value:  Size  Location     Type
  1475 ;;                  1    wreg      unsigned char 
  1476 ;; Registers used:
  1477 ;;		wreg, status,2, status,0, pclath, cstack
  1478 ;; Tracked objects:
  1479 ;;		On entry : 0/0
  1480 ;;		On exit  : 0/0
  1481 ;;		Unchanged: 0/0
  1482 ;; Data sizes:     COMMON   BANK0   BANK1   BANK3   BANK2
  1483 ;;      Params:         0       0       0       0       0
  1484 ;;      Locals:         0       0       0       0       0
  1485 ;;      Temps:          0       0       0       0       0
  1486 ;;      Totals:         0       0       0       0       0
  1487 ;;Total ram usage:        0 bytes
  1488 ;; Hardware stack levels used: 1
  1489 ;; Hardware stack levels required when called: 1
  1490 ;; This function calls:
  1491 ;;		_spiReceiveWait
  1492 ;; This function is called by:
  1493 ;;		_isr
  1494 ;; This function uses a non-reentrant model
  1495 ;;
  1496                           
  1497     014E                     _spiRead:	
  1498                           ;psect for function _spiRead
  1499                           
  1500     014E                     i1l764:	
  1501                           ;incstack = 0
  1502                           ; Regs used in _spiRead: [wreg+status,2+status,0+pclath+cstack]
  1503                           
  1504                           
  1505                           ;SPI.c: 49:     spiReceiveWait();
  1506     014E  120A  118A  2157  120A  118A  	fcall	_spiReceiveWait
  1507     0153                     i1l766:
  1508                           
  1509                           ;SPI.c: 50:     return(SSPBUF);
  1510     0153  1283               	bcf	3,5	;RP0=0, select bank0
  1511     0154  1303               	bcf	3,6	;RP1=0, select bank0
  1512     0155  0813               	movf	19,w	;volatile
  1513     0156                     i1l34:
  1514     0156  0008               	return
  1515     0157                     __end_of_spiRead:
  1516                           
  1517                           	psect	text8
  1518     0157                     __ptext8:	
  1519 ;; *************** function _spiReceiveWait *****************
  1520 ;; Defined at:
  1521 ;;		line 29 in file "SPI.c"
  1522 ;; Parameters:    Size  Location     Type
  1523 ;;		None
  1524 ;; Auto vars:     Size  Location     Type
  1525 ;;		None
  1526 ;; Return value:  Size  Location     Type
  1527 ;;                  1    wreg      void 
  1528 ;; Registers used:
  1529 ;;		None
  1530 ;; Tracked objects:
  1531 ;;		On entry : 0/0
  1532 ;;		On exit  : 0/0
  1533 ;;		Unchanged: 0/0
  1534 ;; Data sizes:     COMMON   BANK0   BANK1   BANK3   BANK2
  1535 ;;      Params:         0       0       0       0       0
  1536 ;;      Locals:         0       0       0       0       0
  1537 ;;      Temps:          0       0       0       0       0
  1538 ;;      Totals:         0       0       0       0       0
  1539 ;;Total ram usage:        0 bytes
  1540 ;; Hardware stack levels used: 1
  1541 ;; This function calls:
  1542 ;;		Nothing
  1543 ;; This function is called by:
  1544 ;;		_spiRead
  1545 ;; This function uses a non-reentrant model
  1546 ;;
  1547                           
  1548     0157                     _spiReceiveWait:	
  1549                           ;psect for function _spiReceiveWait
  1550                           
  1551     0157                     i1l760:	
  1552                           ;incstack = 0
  1553                           ; Regs used in _spiReceiveWait: []
  1554                           
  1555     0157                     i1l20:	
  1556                           ;SPI.c: 31:     while ( !SSPSTATbits.BF );
  1557                           
  1558     0157  1683               	bsf	3,5	;RP0=1, select bank1
  1559     0158  1303               	bcf	3,6	;RP1=0, select bank1
  1560     0159  1C14               	btfss	20,0	;volatile
  1561     015A  295C               	goto	u2_21
  1562     015B  295D               	goto	u2_20
  1563     015C                     u2_21:
  1564     015C  2957               	goto	i1l20
  1565     015D                     u2_20:
  1566     015D                     i1l23:
  1567     015D  0008               	return
  1568     015E                     __end_of_spiReceiveWait:
  1569     007E                     btemp	set	126	;btemp
  1570     007E                     wtemp0	set	126
  1571                           
  1572                           	psect	config
  1573                           
  1574                           ;Config register CONFIG1 @ 0x2007
  1575                           ;	Oscillator Selection bits
  1576                           ;	FOSC = INTRC_NOCLKOUT, INTOSCIO oscillator: I/O function on RA6/OSC2/CLKOUT pin, I/O f
      +                          unction on RA7/OSC1/CLKIN
  1577                           ;	Watchdog Timer Enable bit
  1578                           ;	WDTE = OFF, WDT disabled and can be enabled by SWDTEN bit of the WDTCON register
  1579                           ;	Power-up Timer Enable bit
  1580                           ;	PWRTE = OFF, PWRT disabled
  1581                           ;	RE3/MCLR pin function select bit
  1582                           ;	MCLRE = OFF, RE3/MCLR pin function is digital input, MCLR internally tied to VDD
  1583                           ;	Code Protection bit
  1584                           ;	CP = OFF, Program memory code protection is disabled
  1585                           ;	Data Code Protection bit
  1586                           ;	CPD = OFF, Data memory code protection is disabled
  1587                           ;	Brown Out Reset Selection bits
  1588                           ;	BOREN = OFF, BOR disabled
  1589                           ;	Internal External Switchover bit
  1590                           ;	IESO = OFF, Internal/External Switchover mode is disabled
  1591                           ;	Fail-Safe Clock Monitor Enabled bit
  1592                           ;	FCMEN = OFF, Fail-Safe Clock Monitor is disabled
  1593                           ;	Low Voltage Programming Enable bit
  1594                           ;	LVP = OFF, RB3 pin has digital I/O, HV on MCLR must be used for programming
  1595                           ;	In-Circuit Debugger Mode bit
  1596                           ;	DEBUG = 0x1, unprogrammed default
  1597     2007                     	org	8199
  1598     2007  20D4               	dw	8404
  1599                           
  1600                           ;Config register CONFIG2 @ 0x2008
  1601                           ;	Brown-out Reset Selection bit
  1602                           ;	BOR4V = BOR40V, Brown-out Reset set to 4.0V
  1603                           ;	Flash Program Memory Self Write Enable bits
  1604                           ;	WRT = OFF, Write protection off
  1605     2008                     	org	8200
  1606     2008  3FFF               	dw	16383

Data Sizes:
    Strings     0
    Constant    0
    Data        0
    BSS         8
    Persistent  0
    Stack       0

Auto Spaces:
    Space          Size  Autos    Used
    COMMON           14      6      10
    BANK0            80      4       8
    BANK1            80      0       0
    BANK3            96      0       0
    BANK2            96      0       0

Pointer List with Targets:

    None.

Critical Paths under _main in COMMON

    _main->_adc_init
    _main->_ioc_init
    _setup->_spiInit

Critical Paths under _isr in COMMON

    _isr->_spiWrite

Critical Paths under _main in BANK0

    _setup->_spiInit

Critical Paths under _isr in BANK0

    None.

Critical Paths under _main in BANK1

    None.

Critical Paths under _isr in BANK1

    None.

Critical Paths under _main in BANK3

    None.

Critical Paths under _isr in BANK3

    None.

Critical Paths under _main in BANK2

    None.

Critical Paths under _isr in BANK2

    None.

Call Graph Tables:

 ---------------------------------------------------------------------------------
 (Depth) Function   	        Calls       Base Space   Used Autos Params    Refs
 ---------------------------------------------------------------------------------
 (0) _main                                                 1     1      0     599
                                              3 BANK0      1     1      0
                           _adc_init
                           _ioc_init
                              _setup
 ---------------------------------------------------------------------------------
 (1) _setup                                                0     0      0     456
                            _spiInit
 ---------------------------------------------------------------------------------
 (2) _spiInit                                              4     1      3     456
                                              4 COMMON     1     1      0
                                              0 BANK0      3     0      3
 ---------------------------------------------------------------------------------
 (1) _ioc_init                                             3     3      0      22
                                              4 COMMON     2     2      0
                                              0 BANK0      1     1      0
 ---------------------------------------------------------------------------------
 (1) _adc_init                                             3     1      2     121
                                              4 COMMON     2     0      2
                                              0 BANK0      1     1      0
 ---------------------------------------------------------------------------------
 Estimated maximum stack depth 2
 ---------------------------------------------------------------------------------
 (Depth) Function   	        Calls       Base Space   Used Autos Params    Refs
 ---------------------------------------------------------------------------------
 (3) _isr                                                  3     3      0      15
                                              1 COMMON     3     3      0
                            _spiRead
                           _spiWrite
 ---------------------------------------------------------------------------------
 (4) _spiWrite                                             1     1      0      15
                                              0 COMMON     1     1      0
 ---------------------------------------------------------------------------------
 (4) _spiRead                                              0     0      0       0
                     _spiReceiveWait
 ---------------------------------------------------------------------------------
 (5) _spiReceiveWait                                       0     0      0       0
 ---------------------------------------------------------------------------------
 Estimated maximum stack depth 5
 ---------------------------------------------------------------------------------

 Call Graph Graphs:

 _main (ROOT)
   _adc_init
   _ioc_init
   _setup
     _spiInit

 _isr (ROOT)
   _spiRead
     _spiReceiveWait
   _spiWrite

 Address spaces:
Name               Size   Autos  Total    Cost      Usage
BITCOMMON            E      0       0       0        0.0%
EEDATA             100      0       0       0        0.0%
NULL                 0      0       0       0        0.0%
CODE                 0      0       0       0        0.0%
COMMON               E      6       A       1       71.4%
BITSFR0              0      0       0       1        0.0%
SFR0                 0      0       0       1        0.0%
BITSFR1              0      0       0       2        0.0%
SFR1                 0      0       0       2        0.0%
STACK                0      0       0       2        0.0%
ABS                  0      0      12       3        0.0%
BITBANK0            50      0       0       4        0.0%
BITSFR3              0      0       0       4        0.0%
SFR3                 0      0       0       4        0.0%
BANK0               50      4       8       5       10.0%
BITSFR2              0      0       0       5        0.0%
SFR2                 0      0       0       5        0.0%
BITBANK1            50      0       0       6        0.0%
BANK1               50      0       0       7        0.0%
BITBANK3            60      0       0       8        0.0%
BANK3               60      0       0       9        0.0%
BITBANK2            60      0       0      10        0.0%
BANK2               60      0       0      11        0.0%
DATA                 0      0      12      12        0.0%


Microchip Technology PIC Macro Assembler V2.41 build 20230208172133 
Symbol Table                                                                                   Tue Aug 01 19:02:07 2023

                      _z 0079              _SSPSTATbits 0094                       l16 012A  
                     l17 012F                       l51 014D                      l150 002B  
                    l151 0030                      l152 0035                      l153 003A  
                    l154 003F                      l138 0111                      l155 0044  
                    l156 0049                      l148 0026                      l158 0077  
                    l980 0122                      l990 0149                      l982 0129  
                    l974 0113                      l992 014C                      l984 0130  
                    l976 011A                      l986 0139                      l978 0120  
                    l994 00E4                      l988 0142                      l996 00E8  
                    l998 00E9                      u130 011A                      u131 0119  
                    u140 00D4                      u141 00D3                      u157 00DA  
                    u167 0146                      _isr 0078                     l1000 00F6  
                   l1010 00FE                     l1002 00FA                     l1020 0022  
                   l1012 00FF                     l1004 00FB                     l1022 004E  
                   l1014 0102                     l1006 00FC                     l1030 00B5  
                   l1024 0053                     l1016 0105                     l1008 00FD  
                   l1040 00DD                     l1032 00C2                     l1018 0106  
                   l1034 00C8                     l1036 00CE                     l1062 005D  
                   l1038 00D4                     ?_isr 0070                     i1l20 0157  
                   i1l23 015D                     i1l34 0156                     i1l26 0163  
                   u2_20 015D                     u2_21 015C                     u5_20 007E  
                   u5_21 007D                     u6_20 0089                     u6_21 0088  
                   u7_20 009D                     u7_21 009C                     u8_20 00A1  
                   u8_21 00A0                     u9_20 00A9                     u9_21 00A8  
                   _main 00B5                     btemp 007E                     start 000E  
                  ??_isr 0071                    ?_main 0070                    _ANSEL 0188  
                  i1l126 00AC                    i1l760 0157                    i1l840 0078  
                  i1l762 015F                    i1l850 0096                    i1l842 007E  
                  i1l764 014E                    i1l860 00A9                    i1l844 0084  
                  i1l852 0099                    i1l766 0153                    i1l862 00AB  
                  i1l854 009D                    i1l846 0089                    i1l856 00A1  
                  i1l848 0090                    i1l858 00A5                    _PORTB 0006  
                  _PORTD 0008                    _TRISB 0086                    _TRISD 0088  
                  _SSPIF 0063                    _setup 00E4                    _turno 0076  
                  pclath 000A          __end_of_spiInit 0130          __end_of_spiRead 0157  
                  status 0003                    wtemp0 007E              ioc_init@pin 0024  
        __initialization 0011             __end_of_main 00E4                   ??_main 0027  
                 _ADRESH 001E                   ?_setup 0070                   _ANSELH 0189  
       __end_of_adc_init 014E                   _TRISC3 043B                   _TRISC5 043D  
                 _SSPCON 0014                   _SSPBUF 0013         __end_of_ioc_init 0078  
                 saved_w 007E         __end_of_spiWrite 0164                ??_spiInit 0074  
              ??_spiRead 0070  __end_of__initialization 001B           __pcstackCOMMON 0070  
          __end_of_setup 0112               _adc_result 0022           _OPTION_REGbits 0081  
                ??_setup 0075               __pbssBANK0 0020               __pmaintext 00B5  
             __pintentry 0004                ?_adc_init 0074                  _SSPSTAT 0094  
              ?_ioc_init 0070                ?_spiWrite 0070                  _channel 0020  
             ??_adc_init 0024                  __ptext1 00E4                  __ptext2 0112  
                __ptext3 001F                  __ptext4 0130                  __ptext5 0078  
                __ptext6 015E                  __ptext7 014E                  __ptext8 0157  
                _spiInit 0112                  _spiRead 014E     end_of_initialization 001B  
             ??_ioc_init 0074               ??_spiWrite 0070                _PORTBbits 0006  
             _pot_slave2 0078                _TRISAbits 0085              spiWrite@dat 0070  
         _spiReceiveWait 0157      start_initialization 0011              __end_of_isr 00B5  
 __end_of_spiReceiveWait 015E          adc_init@channel 0074              __pbssCOMMON 0076  
              ___latbits 0002            __pcstackBANK0 0024          ?_spiReceiveWait 0070  
               ?_spiInit 0024                 ?_spiRead 0070     spiInit@sTransmitEdge 0026  
      interrupt_function 0004                 _IOCBbits 0096                 _PIE1bits 008C  
     spiInit@sDataSample 0024                 _PIR1bits 000C               _ADCON0bits 001F  
             _ADCON1bits 009F                 _WPUBbits 0095                 _adc_init 0130  
               _contador 0077                 _ioc_init 001F                 _spiWrite 015E  
           spiInit@sType 0074        spiInit@sClockIdle 0025               _INTCONbits 000B  
               intlevel1 0000         ??_spiReceiveWait 0070               _OSCCONbits 008F  
