

Microchip MPLAB XC8 Assembler V2.40 build 20220703182018 
                                                                                               Tue Aug 22 22:42:18 2023

Microchip MPLAB XC8 C Compiler v2.40 (Free license) build 20220703182018 Og1 
     1                           	processor	16F887
     2                           	pagewidth 120
     3                           	opt	flic
     4                           	psect	cinit,global,class=CODE,merge=1,delta=2
     5                           	psect	bssCOMMON,global,class=COMMON,space=1,delta=1,noexec
     6                           	psect	bssBANK0,global,class=BANK0,space=1,delta=1,noexec
     7                           	psect	cstackCOMMON,global,class=COMMON,space=1,delta=1,noexec
     8                           	psect	maintext,global,class=CODE,split=1,delta=2
     9                           	psect	text1,local,class=CODE,merge=1,delta=2
    10                           	psect	text2,local,class=CODE,merge=1,delta=2
    11                           	psect	text3,local,class=CODE,merge=1,delta=2
    12                           	psect	text4,local,class=CODE,merge=1,delta=2
    13                           	psect	intentry,global,class=CODE,delta=2
    14                           	psect	text5,local,class=CODE,merge=1,delta=2
    15                           	psect	idloc,global,abs,ovrld,class=IDLOC,space=5,delta=2,noexec
    16                           	psect	config,global,abs,ovrld,class=CONFIG,space=4,delta=2,noexec
    17                           	dabs	1,0x7E,2
    18     0000                     
    19                           ; Version 2.40
    20                           ; Generated 17/11/2021 GMT
    21                           ; 
    22                           ; Copyright © 2021, Microchip Technology Inc. and its subsidiaries ("Microchip")
    23                           ; All rights reserved.
    24                           ; 
    25                           ; This software is developed by Microchip Technology Inc. and its subsidiaries ("Microch
      +                          ip").
    26                           ; 
    27                           ; Redistribution and use in source and binary forms, with or without modification, are
    28                           ; permitted provided that the following conditions are met:
    29                           ; 
    30                           ;     1. Redistributions of source code must retain the above copyright notice, this lis
      +                          t of
    31                           ;        conditions and the following disclaimer.
    32                           ; 
    33                           ;     2. Redistributions in binary form must reproduce the above copyright notice, this 
      +                          list
    34                           ;        of conditions and the following disclaimer in the documentation and/or other
    35                           ;        materials provided with the distribution. Publication is not required when
    36                           ;        this file is used in an embedded application.
    37                           ; 
    38                           ;     3. Microchip's name may not be used to endorse or promote products derived from th
      +                          is
    39                           ;        software without specific prior written permission.
    40                           ; 
    41                           ; THIS SOFTWARE IS PROVIDED BY MICROCHIP "AS IS" AND ANY EXPRESS OR IMPLIED WARRANTIES,
    42                           ; INCLUDING, BUT NOT LIMITED TO, THE IMPLIED WARRANTIES OF MERCHANTABILITY AND FITNESS F
      +                          OR
    43                           ; PURPOSE ARE DISCLAIMED.  IN NO EVENT SHALL MICROCHIP BE LIABLE FOR ANY DIRECT, INDIREC
      +                          T,
    44                           ; INCIDENTAL, SPECIAL, EXEMPLARY, OR CONSEQUENTIAL DAMAGES (INCLUDING BUT NOT LIMITED TO
    45                           ; PROCUREMENT OF SUBSTITUTE GOODS OR SERVICES; LOSS OF USE, DATA OR PROFITS; OR BUSINESS
    46                           ; INTERRUPTION) HOWSOEVER CAUSED AND ON ANY THEORY OF LIABILITY, WHETHER IN CONTRACT, ST
      +                          RICT
    47                           ; LIABILITY, OR TORT (INCLUDING NEGLIGENCE OR OTHERWISE) ARISING IN ANY WAY OUT OF THE U
      +                          SE OF
    48                           ; THIS SOFTWARE, EVEN IF ADVISED OF THE POSSIBILITY OF SUCH DAMAGE.
    49                           ; 
    50                           ; 
    51                           ; Code-generator required, PIC16F887 Definitions
    52                           ; 
    53                           ; SFR Addresses
    54     0000                     	;# 
    55     0001                     	;# 
    56     0002                     	;# 
    57     0003                     	;# 
    58     0004                     	;# 
    59     0005                     	;# 
    60     0006                     	;# 
    61     0007                     	;# 
    62     0008                     	;# 
    63     0009                     	;# 
    64     000A                     	;# 
    65     000B                     	;# 
    66     000C                     	;# 
    67     000D                     	;# 
    68     000E                     	;# 
    69     000E                     	;# 
    70     000F                     	;# 
    71     0010                     	;# 
    72     0011                     	;# 
    73     0012                     	;# 
    74     0013                     	;# 
    75     0014                     	;# 
    76     0015                     	;# 
    77     0015                     	;# 
    78     0016                     	;# 
    79     0017                     	;# 
    80     0018                     	;# 
    81     0019                     	;# 
    82     001A                     	;# 
    83     001B                     	;# 
    84     001B                     	;# 
    85     001C                     	;# 
    86     001D                     	;# 
    87     001E                     	;# 
    88     001F                     	;# 
    89     0081                     	;# 
    90     0085                     	;# 
    91     0086                     	;# 
    92     0087                     	;# 
    93     0088                     	;# 
    94     0089                     	;# 
    95     008C                     	;# 
    96     008D                     	;# 
    97     008E                     	;# 
    98     008F                     	;# 
    99     0090                     	;# 
   100     0091                     	;# 
   101     0092                     	;# 
   102     0093                     	;# 
   103     0093                     	;# 
   104     0093                     	;# 
   105     0094                     	;# 
   106     0095                     	;# 
   107     0096                     	;# 
   108     0097                     	;# 
   109     0098                     	;# 
   110     0099                     	;# 
   111     009A                     	;# 
   112     009B                     	;# 
   113     009C                     	;# 
   114     009D                     	;# 
   115     009E                     	;# 
   116     009F                     	;# 
   117     0105                     	;# 
   118     0107                     	;# 
   119     0108                     	;# 
   120     0109                     	;# 
   121     010C                     	;# 
   122     010C                     	;# 
   123     010D                     	;# 
   124     010E                     	;# 
   125     010F                     	;# 
   126     0185                     	;# 
   127     0187                     	;# 
   128     0188                     	;# 
   129     0189                     	;# 
   130     018C                     	;# 
   131     018D                     	;# 
   132     0000                     	;# 
   133     0001                     	;# 
   134     0002                     	;# 
   135     0003                     	;# 
   136     0004                     	;# 
   137     0005                     	;# 
   138     0006                     	;# 
   139     0007                     	;# 
   140     0008                     	;# 
   141     0009                     	;# 
   142     000A                     	;# 
   143     000B                     	;# 
   144     000C                     	;# 
   145     000D                     	;# 
   146     000E                     	;# 
   147     000E                     	;# 
   148     000F                     	;# 
   149     0010                     	;# 
   150     0011                     	;# 
   151     0012                     	;# 
   152     0013                     	;# 
   153     0014                     	;# 
   154     0015                     	;# 
   155     0015                     	;# 
   156     0016                     	;# 
   157     0017                     	;# 
   158     0018                     	;# 
   159     0019                     	;# 
   160     001A                     	;# 
   161     001B                     	;# 
   162     001B                     	;# 
   163     001C                     	;# 
   164     001D                     	;# 
   165     001E                     	;# 
   166     001F                     	;# 
   167     0081                     	;# 
   168     0085                     	;# 
   169     0086                     	;# 
   170     0087                     	;# 
   171     0088                     	;# 
   172     0089                     	;# 
   173     008C                     	;# 
   174     008D                     	;# 
   175     008E                     	;# 
   176     008F                     	;# 
   177     0090                     	;# 
   178     0091                     	;# 
   179     0092                     	;# 
   180     0093                     	;# 
   181     0093                     	;# 
   182     0093                     	;# 
   183     0094                     	;# 
   184     0095                     	;# 
   185     0096                     	;# 
   186     0097                     	;# 
   187     0098                     	;# 
   188     0099                     	;# 
   189     009A                     	;# 
   190     009B                     	;# 
   191     009C                     	;# 
   192     009D                     	;# 
   193     009E                     	;# 
   194     009F                     	;# 
   195     0105                     	;# 
   196     0107                     	;# 
   197     0108                     	;# 
   198     0109                     	;# 
   199     010C                     	;# 
   200     010C                     	;# 
   201     010D                     	;# 
   202     010E                     	;# 
   203     010F                     	;# 
   204     0185                     	;# 
   205     0187                     	;# 
   206     0188                     	;# 
   207     0189                     	;# 
   208     018C                     	;# 
   209     018D                     	;# 
   210     0000                     	;# 
   211     0001                     	;# 
   212     0002                     	;# 
   213     0003                     	;# 
   214     0004                     	;# 
   215     0005                     	;# 
   216     0006                     	;# 
   217     0007                     	;# 
   218     0008                     	;# 
   219     0009                     	;# 
   220     000A                     	;# 
   221     000B                     	;# 
   222     000C                     	;# 
   223     000D                     	;# 
   224     000E                     	;# 
   225     000E                     	;# 
   226     000F                     	;# 
   227     0010                     	;# 
   228     0011                     	;# 
   229     0012                     	;# 
   230     0013                     	;# 
   231     0014                     	;# 
   232     0015                     	;# 
   233     0015                     	;# 
   234     0016                     	;# 
   235     0017                     	;# 
   236     0018                     	;# 
   237     0019                     	;# 
   238     001A                     	;# 
   239     001B                     	;# 
   240     001B                     	;# 
   241     001C                     	;# 
   242     001D                     	;# 
   243     001E                     	;# 
   244     001F                     	;# 
   245     0081                     	;# 
   246     0085                     	;# 
   247     0086                     	;# 
   248     0087                     	;# 
   249     0088                     	;# 
   250     0089                     	;# 
   251     008C                     	;# 
   252     008D                     	;# 
   253     008E                     	;# 
   254     008F                     	;# 
   255     0090                     	;# 
   256     0091                     	;# 
   257     0092                     	;# 
   258     0093                     	;# 
   259     0093                     	;# 
   260     0093                     	;# 
   261     0094                     	;# 
   262     0095                     	;# 
   263     0096                     	;# 
   264     0097                     	;# 
   265     0098                     	;# 
   266     0099                     	;# 
   267     009A                     	;# 
   268     009B                     	;# 
   269     009C                     	;# 
   270     009D                     	;# 
   271     009E                     	;# 
   272     009F                     	;# 
   273     0105                     	;# 
   274     0107                     	;# 
   275     0108                     	;# 
   276     0109                     	;# 
   277     010C                     	;# 
   278     010C                     	;# 
   279     010D                     	;# 
   280     010E                     	;# 
   281     010F                     	;# 
   282     0185                     	;# 
   283     0187                     	;# 
   284     0188                     	;# 
   285     0189                     	;# 
   286     018C                     	;# 
   287     018D                     	;# 
   288     0000                     	;# 
   289     0001                     	;# 
   290     0002                     	;# 
   291     0003                     	;# 
   292     0004                     	;# 
   293     0005                     	;# 
   294     0006                     	;# 
   295     0007                     	;# 
   296     0008                     	;# 
   297     0009                     	;# 
   298     000A                     	;# 
   299     000B                     	;# 
   300     000C                     	;# 
   301     000D                     	;# 
   302     000E                     	;# 
   303     000E                     	;# 
   304     000F                     	;# 
   305     0010                     	;# 
   306     0011                     	;# 
   307     0012                     	;# 
   308     0013                     	;# 
   309     0014                     	;# 
   310     0015                     	;# 
   311     0015                     	;# 
   312     0016                     	;# 
   313     0017                     	;# 
   314     0018                     	;# 
   315     0019                     	;# 
   316     001A                     	;# 
   317     001B                     	;# 
   318     001B                     	;# 
   319     001C                     	;# 
   320     001D                     	;# 
   321     001E                     	;# 
   322     001F                     	;# 
   323     0081                     	;# 
   324     0085                     	;# 
   325     0086                     	;# 
   326     0087                     	;# 
   327     0088                     	;# 
   328     0089                     	;# 
   329     008C                     	;# 
   330     008D                     	;# 
   331     008E                     	;# 
   332     008F                     	;# 
   333     0090                     	;# 
   334     0091                     	;# 
   335     0092                     	;# 
   336     0093                     	;# 
   337     0093                     	;# 
   338     0093                     	;# 
   339     0094                     	;# 
   340     0095                     	;# 
   341     0096                     	;# 
   342     0097                     	;# 
   343     0098                     	;# 
   344     0099                     	;# 
   345     009A                     	;# 
   346     009B                     	;# 
   347     009C                     	;# 
   348     009D                     	;# 
   349     009E                     	;# 
   350     009F                     	;# 
   351     0105                     	;# 
   352     0107                     	;# 
   353     0108                     	;# 
   354     0109                     	;# 
   355     010C                     	;# 
   356     010C                     	;# 
   357     010D                     	;# 
   358     010E                     	;# 
   359     010F                     	;# 
   360     0185                     	;# 
   361     0187                     	;# 
   362     0188                     	;# 
   363     0189                     	;# 
   364     018C                     	;# 
   365     018D                     	;# 
   366     0009                     _PORTE	set	9
   367     0008                     _PORTD	set	8
   368     0008                     _PORTDbits	set	8
   369     0006                     _PORTB	set	6
   370     0013                     _SSPBUF	set	19
   371     0014                     _SSPCONbits	set	20
   372     000B                     _INTCONbits	set	11
   373     0014                     _SSPCON	set	20
   374     001E                     _ADRESH	set	30
   375     000C                     _PIR1bits	set	12
   376     001F                     _ADCON0bits	set	31
   377     008F                     _OSCCONbits	set	143
   378     0089                     _TRISE	set	137
   379     0088                     _TRISD	set	136
   380     0086                     _TRISB	set	134
   381     0085                     _TRISAbits	set	133
   382     0094                     _SSPSTATbits	set	148
   383     008C                     _PIE1bits	set	140
   384     0091                     _SSPCON2	set	145
   385     0093                     _SSPADD	set	147
   386     0094                     _SSPSTAT	set	148
   387     0087                     _TRISCbits	set	135
   388     009F                     _ADCON1bits	set	159
   389     04A0                     _BF	set	1184
   390     0189                     _ANSELH	set	393
   391     0188                     _ANSEL	set	392
   392                           
   393                           	psect	cinit
   394     000F                     start_initialization:	
   395                           ; #config settings
   396                           
   397     000F                     __initialization:
   398                           
   399                           ; Clear objects allocated to COMMON
   400     000F  01F8               	clrf	__pbssCOMMON& (0+127)
   401     0010  01F9               	clrf	(__pbssCOMMON+1)& (0+127)
   402     0011  01FA               	clrf	(__pbssCOMMON+2)& (0+127)
   403                           
   404                           ; Clear objects allocated to BANK0
   405     0012  1283               	bcf	3,5	;RP0=0, select bank0
   406     0013  1303               	bcf	3,6	;RP1=0, select bank0
   407     0014  01A0               	clrf	__pbssBANK0& (0+127)
   408     0015  01A1               	clrf	(__pbssBANK0+1)& (0+127)
   409     0016  01A2               	clrf	(__pbssBANK0+2)& (0+127)
   410     0017  01A3               	clrf	(__pbssBANK0+3)& (0+127)
   411     0018                     end_of_initialization:	
   412                           ;End of C runtime variable initialization code
   413                           
   414     0018                     __end_of__initialization:
   415     0018  0183               	clrf	3
   416     0019  120A  118A  28A7   	ljmp	_main	;jump to C main() function
   417                           
   418                           	psect	bssCOMMON
   419     0078                     __pbssCOMMON:
   420     0078                     _dato:
   421     0078                     	ds	1
   422     0079                     _z:
   423     0079                     	ds	1
   424     007A                     _pot2:
   425     007A                     	ds	1
   426                           
   427                           	psect	bssBANK0
   428     0020                     __pbssBANK0:
   429     0020                     _voltaje:
   430     0020                     	ds	4
   431                           
   432                           	psect	cstackCOMMON
   433     0070                     __pcstackCOMMON:
   434     0070                     ?_setup:
   435     0070                     ?_adc_init:	
   436                           ; 1 bytes @ 0x0
   437                           
   438     0070                     ?_I2C_Init_Slave:	
   439                           ; 1 bytes @ 0x0
   440                           
   441     0070                     ?_I2C_Write_Slave:	
   442                           ; 1 bytes @ 0x0
   443                           
   444     0070                     ??_I2C_Write_Slave:	
   445                           ; 1 bytes @ 0x0
   446                           
   447     0070                     ?_isr:	
   448                           ; 1 bytes @ 0x0
   449                           
   450     0070                     ?_main:	
   451                           ; 1 bytes @ 0x0
   452                           
   453     0070                     I2C_Write_Slave@dato_i2c:	
   454                           ; 1 bytes @ 0x0
   455                           
   456                           
   457                           ; 1 bytes @ 0x0
   458     0070                     	ds	1
   459     0071                     ??_isr:
   460                           
   461                           ; 1 bytes @ 0x1
   462     0071                     	ds	3
   463     0074                     ??_adc_init:
   464     0074                     ??_I2C_Init_Slave:	
   465                           ; 1 bytes @ 0x4
   466                           
   467     0074                     I2C_Init_Slave@add_slave:	
   468                           ; 1 bytes @ 0x4
   469                           
   470                           
   471                           ; 1 bytes @ 0x4
   472     0074                     	ds	1
   473     0075                     adc_init@Select:
   474                           
   475                           ; 1 bytes @ 0x5
   476     0075                     	ds	1
   477     0076                     ??_setup:
   478                           
   479                           ; 1 bytes @ 0x6
   480     0076                     	ds	1
   481     0077                     ??_main:
   482                           
   483                           ; 1 bytes @ 0x7
   484     0077                     	ds	1
   485                           
   486                           	psect	maintext
   487     00A7                     __pmaintext:	
   488 ;;
   489 ;;Main: autosize = 0, tempsize = 1, incstack = 0, save=0
   490 ;;
   491 ;; *************** function _main *****************
   492 ;; Defined at:
   493 ;;		line 80 in file "Proyecto1_Slave2.c"
   494 ;; Parameters:    Size  Location     Type
   495 ;;		None
   496 ;; Auto vars:     Size  Location     Type
   497 ;;		None
   498 ;; Return value:  Size  Location     Type
   499 ;;                  1    wreg      void 
   500 ;; Registers used:
   501 ;;		wreg, status,2, status,0, pclath, cstack
   502 ;; Tracked objects:
   503 ;;		On entry : B00/0
   504 ;;		On exit  : 0/0
   505 ;;		Unchanged: 0/0
   506 ;; Data sizes:     COMMON   BANK0   BANK1   BANK3   BANK2
   507 ;;      Params:         0       0       0       0       0
   508 ;;      Locals:         0       0       0       0       0
   509 ;;      Temps:          1       0       0       0       0
   510 ;;      Totals:         1       0       0       0       0
   511 ;;Total ram usage:        1 bytes
   512 ;; Hardware stack levels required when called: 4
   513 ;; This function calls:
   514 ;;		_I2C_Init_Slave
   515 ;;		_setup
   516 ;; This function is called by:
   517 ;;		Startup code after reset
   518 ;; This function uses a non-reentrant model
   519 ;;
   520                           
   521     00A7                     _main:	
   522                           ;psect for function _main
   523                           
   524     00A7                     l932:	
   525                           ;incstack = 0
   526                           ; Regs used in _main: [wreg+status,2+status,0+pclath+cstack]
   527                           
   528                           
   529                           ;Proyecto1_Slave2.c: 81:     setup();
   530     00A7  120A  118A  2073  120A  118A  	fcall	_setup
   531                           
   532                           ;Proyecto1_Slave2.c: 82:     I2C_Init_Slave(0x60);
   533     00AC  3060               	movlw	96
   534     00AD  120A  118A  20CE  120A  118A  	fcall	_I2C_Init_Slave
   535     00B2                     l934:
   536                           
   537                           ;Proyecto1_Slave2.c: 84:         if(ADCON0bits.GO == 0)
   538     00B2  1283               	bcf	3,5	;RP0=0, select bank0
   539     00B3  1303               	bcf	3,6	;RP1=0, select bank0
   540     00B4  189F               	btfsc	31,1	;volatile
   541     00B5  28B7               	goto	u181
   542     00B6  28B8               	goto	u180
   543     00B7                     u181:
   544     00B7  28C1               	goto	l162
   545     00B8                     u180:
   546     00B8                     l936:
   547                           
   548                           ;Proyecto1_Slave2.c: 85:         {;Proyecto1_Slave2.c: 86:             pot2 = ADRESH;
   549     00B8  081E               	movf	30,w	;volatile
   550     00B9  00FA               	movwf	_pot2
   551                           
   552                           ;Proyecto1_Slave2.c: 88:             _delay((unsigned long)((50)*(8000000/4000000.0)));
   553     00BA  3021               	movlw	33
   554     00BB  00F7               	movwf	??_main
   555     00BC                     u207:
   556     00BC  0BF7               	decfsz	??_main,f
   557     00BD  28BC               	goto	u207
   558     00BE                     l938:
   559                           
   560                           ;Proyecto1_Slave2.c: 89:             ADCON0bits.GO = 1;
   561     00BE  1283               	bcf	3,5	;RP0=0, select bank0
   562     00BF  1303               	bcf	3,6	;RP1=0, select bank0
   563     00C0  149F               	bsf	31,1	;volatile
   564     00C1                     l162:	
   565                           ;Proyecto1_Slave2.c: 90:         }
   566                           
   567                           
   568                           ;Proyecto1_Slave2.c: 91:         if (pot2 >= 100){
   569     00C1  3064               	movlw	100
   570     00C2  027A               	subwf	_pot2,w
   571     00C3  1C03               	skipc
   572     00C4  28C6               	goto	u191
   573     00C5  28C7               	goto	u190
   574     00C6                     u191:
   575     00C6  28C9               	goto	l163
   576     00C7                     u190:
   577     00C7                     l940:
   578                           
   579                           ;Proyecto1_Slave2.c: 92:             PORTDbits.RD0 = 1;
   580     00C7  1408               	bsf	8,0	;volatile
   581                           
   582                           ;Proyecto1_Slave2.c: 93:         }
   583     00C8  28B2               	goto	l934
   584     00C9                     l163:	
   585                           ;Proyecto1_Slave2.c: 94:         else{
   586                           
   587                           
   588                           ;Proyecto1_Slave2.c: 95:             PORTDbits.RD0 = 0;
   589     00C9  1008               	bcf	8,0	;volatile
   590     00CA  28B2               	goto	l934
   591     00CB  120A  118A  280C   	ljmp	start
   592     00CE                     __end_of_main:
   593                           
   594                           	psect	text1
   595     0073                     __ptext1:	
   596 ;; *************** function _setup *****************
   597 ;; Defined at:
   598 ;;		line 103 in file "Proyecto1_Slave2.c"
   599 ;; Parameters:    Size  Location     Type
   600 ;;		None
   601 ;; Auto vars:     Size  Location     Type
   602 ;;		None
   603 ;; Return value:  Size  Location     Type
   604 ;;                  1    wreg      void 
   605 ;; Registers used:
   606 ;;		wreg, status,2, status,0, pclath, cstack
   607 ;; Tracked objects:
   608 ;;		On entry : 0/0
   609 ;;		On exit  : 0/0
   610 ;;		Unchanged: 0/0
   611 ;; Data sizes:     COMMON   BANK0   BANK1   BANK3   BANK2
   612 ;;      Params:         0       0       0       0       0
   613 ;;      Locals:         0       0       0       0       0
   614 ;;      Temps:          1       0       0       0       0
   615 ;;      Totals:         1       0       0       0       0
   616 ;;Total ram usage:        1 bytes
   617 ;; Hardware stack levels used: 1
   618 ;; Hardware stack levels required when called: 3
   619 ;; This function calls:
   620 ;;		_adc_init
   621 ;; This function is called by:
   622 ;;		_main
   623 ;; This function uses a non-reentrant model
   624 ;;
   625                           
   626     0073                     _setup:	
   627                           ;psect for function _setup
   628                           
   629     0073                     l794:	
   630                           ;incstack = 0
   631                           ; Regs used in _setup: [wreg+status,2+status,0+pclath+cstack]
   632                           
   633                           
   634                           ;Proyecto1_Slave2.c: 104:     ANSEL = 0x01;
   635     0073  3001               	movlw	1
   636     0074  1683               	bsf	3,5	;RP0=1, select bank3
   637     0075  1703               	bsf	3,6	;RP1=1, select bank3
   638     0076  0088               	movwf	8	;volatile
   639     0077                     l796:
   640                           
   641                           ;Proyecto1_Slave2.c: 105:     ANSELH = 0x00;
   642     0077  0189               	clrf	9	;volatile
   643     0078                     l798:
   644                           
   645                           ;Proyecto1_Slave2.c: 107:     TRISAbits.TRISA0 = 1;
   646     0078  1683               	bsf	3,5	;RP0=1, select bank1
   647     0079  1303               	bcf	3,6	;RP1=0, select bank1
   648     007A  1405               	bsf	5,0	;volatile
   649     007B                     l800:
   650                           
   651                           ;Proyecto1_Slave2.c: 110:     TRISB = 0;
   652     007B  0186               	clrf	6	;volatile
   653     007C                     l802:
   654                           
   655                           ;Proyecto1_Slave2.c: 111:     TRISD = 0;
   656     007C  0188               	clrf	8	;volatile
   657     007D                     l804:
   658                           
   659                           ;Proyecto1_Slave2.c: 113:     PORTB = 0;
   660     007D  1283               	bcf	3,5	;RP0=0, select bank0
   661     007E  1303               	bcf	3,6	;RP1=0, select bank0
   662     007F  0186               	clrf	6	;volatile
   663     0080                     l806:
   664                           
   665                           ;Proyecto1_Slave2.c: 114:     PORTD = 0;
   666     0080  0188               	clrf	8	;volatile
   667     0081                     l808:
   668                           
   669                           ;Proyecto1_Slave2.c: 116:     TRISE = 0;
   670     0081  1683               	bsf	3,5	;RP0=1, select bank1
   671     0082  1303               	bcf	3,6	;RP1=0, select bank1
   672     0083  0189               	clrf	9	;volatile
   673     0084                     l810:
   674                           
   675                           ;Proyecto1_Slave2.c: 117:     PORTE = 0;
   676     0084  1283               	bcf	3,5	;RP0=0, select bank0
   677     0085  1303               	bcf	3,6	;RP1=0, select bank0
   678     0086  0189               	clrf	9	;volatile
   679     0087                     l812:
   680                           
   681                           ;Proyecto1_Slave2.c: 120:     adc_init(1);
   682     0087  3001               	movlw	1
   683     0088  120A  118A  20E8  120A  118A  	fcall	_adc_init
   684     008D                     l814:
   685                           
   686                           ;Proyecto1_Slave2.c: 121:     ADCON0bits.CHS = 0;
   687     008D  30C3               	movlw	-61
   688     008E  1283               	bcf	3,5	;RP0=0, select bank0
   689     008F  1303               	bcf	3,6	;RP1=0, select bank0
   690     0090  059F               	andwf	31,f	;volatile
   691     0091                     l816:
   692                           
   693                           ;Proyecto1_Slave2.c: 122:     _delay((unsigned long)((100)*(8000000/4000000.0)));
   694     0091  3042               	movlw	66
   695     0092  00F6               	movwf	??_setup
   696     0093                     u217:
   697     0093  0BF6               	decfsz	??_setup,f
   698     0094  2893               	goto	u217
   699     0095  0000               	nop
   700     0096                     l818:
   701                           
   702                           ;Proyecto1_Slave2.c: 124:     ADCON0bits.GO = 1;
   703     0096  1283               	bcf	3,5	;RP0=0, select bank0
   704     0097  1303               	bcf	3,6	;RP1=0, select bank0
   705     0098  149F               	bsf	31,1	;volatile
   706     0099                     l820:
   707                           
   708                           ;Proyecto1_Slave2.c: 127:     OSCCONbits.IRCF = 0b111;
   709     0099  3070               	movlw	112
   710     009A  1683               	bsf	3,5	;RP0=1, select bank1
   711     009B  1303               	bcf	3,6	;RP1=0, select bank1
   712     009C  048F               	iorwf	15,f	;volatile
   713     009D                     l822:
   714                           
   715                           ;Proyecto1_Slave2.c: 128:     OSCCONbits.SCS = 1;
   716     009D  140F               	bsf	15,0	;volatile
   717     009E                     l824:
   718                           
   719                           ;Proyecto1_Slave2.c: 131:     INTCONbits.GIE = 1;
   720     009E  178B               	bsf	11,7	;volatile
   721     009F                     l826:
   722                           
   723                           ;Proyecto1_Slave2.c: 132:     INTCONbits.PEIE = 1;
   724     009F  170B               	bsf	11,6	;volatile
   725     00A0                     l828:
   726                           
   727                           ;Proyecto1_Slave2.c: 133:     PIR1bits.SSPIF = 0;
   728     00A0  1283               	bcf	3,5	;RP0=0, select bank0
   729     00A1  1303               	bcf	3,6	;RP1=0, select bank0
   730     00A2  118C               	bcf	12,3	;volatile
   731     00A3                     l830:
   732                           
   733                           ;Proyecto1_Slave2.c: 134:     PIE1bits.SSPIE = 1;
   734     00A3  1683               	bsf	3,5	;RP0=1, select bank1
   735     00A4  1303               	bcf	3,6	;RP1=0, select bank1
   736     00A5  158C               	bsf	12,3	;volatile
   737     00A6                     l170:
   738     00A6  0008               	return
   739     00A7                     __end_of_setup:
   740                           
   741                           	psect	text2
   742     00E8                     __ptext2:	
   743 ;; *************** function _adc_init *****************
   744 ;; Defined at:
   745 ;;		line 8 in file "adc.c"
   746 ;; Parameters:    Size  Location     Type
   747 ;;  Select          1    wreg     unsigned char 
   748 ;; Auto vars:     Size  Location     Type
   749 ;;  Select          1    5[COMMON] unsigned char 
   750 ;; Return value:  Size  Location     Type
   751 ;;                  1    wreg      void 
   752 ;; Registers used:
   753 ;;		wreg, status,2, status,0
   754 ;; Tracked objects:
   755 ;;		On entry : 0/0
   756 ;;		On exit  : 0/0
   757 ;;		Unchanged: 0/0
   758 ;; Data sizes:     COMMON   BANK0   BANK1   BANK3   BANK2
   759 ;;      Params:         0       0       0       0       0
   760 ;;      Locals:         1       0       0       0       0
   761 ;;      Temps:          1       0       0       0       0
   762 ;;      Totals:         2       0       0       0       0
   763 ;;Total ram usage:        2 bytes
   764 ;; Hardware stack levels used: 1
   765 ;; Hardware stack levels required when called: 2
   766 ;; This function calls:
   767 ;;		Nothing
   768 ;; This function is called by:
   769 ;;		_setup
   770 ;; This function uses a non-reentrant model
   771 ;;
   772                           
   773     00E8                     _adc_init:	
   774                           ;psect for function _adc_init
   775                           
   776                           
   777                           ;incstack = 0
   778                           ; Regs used in _adc_init: [wreg+status,2+status,0]
   779                           ;adc_init@Select stored from wreg
   780     00E8  00F5               	movwf	adc_init@Select
   781     00E9                     l762:
   782                           
   783                           ;adc.c: 10:     ADCON0bits.ADCS = 0b10;
   784     00E9  1283               	bcf	3,5	;RP0=0, select bank0
   785     00EA  1303               	bcf	3,6	;RP1=0, select bank0
   786     00EB  081F               	movf	31,w	;volatile
   787     00EC  393F               	andlw	-193
   788     00ED  3880               	iorlw	128
   789     00EE  009F               	movwf	31	;volatile
   790     00EF                     l764:
   791                           
   792                           ;adc.c: 11:     ADCON0bits.ADON = Select;
   793     00EF  0C75               	rrf	adc_init@Select,w
   794     00F0  1C03               	skipc
   795     00F1  101F               	bcf	31,0	;volatile
   796     00F2  1803               	skipnc
   797     00F3  141F               	bsf	31,0	;volatile
   798     00F4                     l766:
   799                           
   800                           ;adc.c: 12:     ADCON1bits.ADFM = 0;
   801     00F4  1683               	bsf	3,5	;RP0=1, select bank1
   802     00F5  1303               	bcf	3,6	;RP1=0, select bank1
   803     00F6  139F               	bcf	31,7	;volatile
   804     00F7                     l768:
   805                           
   806                           ;adc.c: 13:     ADCON1bits.VCFG0 = 0;
   807     00F7  121F               	bcf	31,4	;volatile
   808     00F8                     l770:
   809                           
   810                           ;adc.c: 14:     ADCON1bits.VCFG1 = 0;
   811     00F8  129F               	bcf	31,5	;volatile
   812     00F9                     l772:
   813                           
   814                           ;adc.c: 15:     _delay((unsigned long)((50)*(8000000/4000000.0)));
   815     00F9  3021               	movlw	33
   816     00FA  00F4               	movwf	??_adc_init
   817     00FB                     u227:
   818     00FB  0BF4               	decfsz	??_adc_init,f
   819     00FC  28FB               	goto	u227
   820     00FD                     l774:
   821                           
   822                           ;adc.c: 16:     ADCON0bits.GO = 1;
   823     00FD  1283               	bcf	3,5	;RP0=0, select bank0
   824     00FE  1303               	bcf	3,6	;RP1=0, select bank0
   825     00FF  149F               	bsf	31,1	;volatile
   826     0100                     l13:
   827     0100  0008               	return
   828     0101                     __end_of_adc_init:
   829                           
   830                           	psect	text3
   831     00CE                     __ptext3:	
   832 ;; *************** function _I2C_Init_Slave *****************
   833 ;; Defined at:
   834 ;;		line 74 in file "I2C.c"
   835 ;; Parameters:    Size  Location     Type
   836 ;;  add_slave       1    wreg     unsigned char 
   837 ;; Auto vars:     Size  Location     Type
   838 ;;  add_slave       1    4[COMMON] unsigned char 
   839 ;; Return value:  Size  Location     Type
   840 ;;                  1    wreg      void 
   841 ;; Registers used:
   842 ;;		wreg
   843 ;; Tracked objects:
   844 ;;		On entry : 0/0
   845 ;;		On exit  : 0/0
   846 ;;		Unchanged: 0/0
   847 ;; Data sizes:     COMMON   BANK0   BANK1   BANK3   BANK2
   848 ;;      Params:         0       0       0       0       0
   849 ;;      Locals:         1       0       0       0       0
   850 ;;      Temps:          0       0       0       0       0
   851 ;;      Totals:         1       0       0       0       0
   852 ;;Total ram usage:        1 bytes
   853 ;; Hardware stack levels used: 1
   854 ;; Hardware stack levels required when called: 2
   855 ;; This function calls:
   856 ;;		Nothing
   857 ;; This function is called by:
   858 ;;		_main
   859 ;; This function uses a non-reentrant model
   860 ;;
   861                           
   862     00CE                     _I2C_Init_Slave:	
   863                           ;psect for function _I2C_Init_Slave
   864                           
   865                           
   866                           ;incstack = 0
   867                           ; Regs used in _I2C_Init_Slave: [wreg]
   868                           ;I2C_Init_Slave@add_slave stored from wreg
   869     00CE  00F4               	movwf	I2C_Init_Slave@add_slave
   870     00CF                     l776:
   871                           
   872                           ;I2C.c: 74: void I2C_Init_Slave(unsigned char add_slave);I2C.c: 75: {;I2C.c: 76:     TRI
      +                          SCbits.TRISC3 = 1;
   873     00CF  1683               	bsf	3,5	;RP0=1, select bank1
   874     00D0  1303               	bcf	3,6	;RP1=0, select bank1
   875     00D1  1587               	bsf	7,3	;volatile
   876                           
   877                           ;I2C.c: 77:     TRISCbits.TRISC4 = 1;
   878     00D2  1607               	bsf	7,4	;volatile
   879     00D3                     l778:
   880                           
   881                           ;I2C.c: 78:     SSPSTAT = 0x80;
   882     00D3  3080               	movlw	128
   883     00D4  0094               	movwf	20	;volatile
   884                           
   885                           ;I2C.c: 79:     SSPADD = add_slave;
   886     00D5  0874               	movf	I2C_Init_Slave@add_slave,w
   887     00D6  0093               	movwf	19	;volatile
   888                           
   889                           ;I2C.c: 80:     SSPCON = 0x36;
   890     00D7  3036               	movlw	54
   891     00D8  1283               	bcf	3,5	;RP0=0, select bank0
   892     00D9  1303               	bcf	3,6	;RP1=0, select bank0
   893     00DA  0094               	movwf	20	;volatile
   894                           
   895                           ;I2C.c: 81:     SSPCON2 = 0x01;
   896     00DB  3001               	movlw	1
   897     00DC  1683               	bsf	3,5	;RP0=1, select bank1
   898     00DD  1303               	bcf	3,6	;RP1=0, select bank1
   899     00DE  0091               	movwf	17	;volatile
   900     00DF                     l780:
   901                           
   902                           ;I2C.c: 82:     INTCONbits.GIE = 1;
   903     00DF  178B               	bsf	11,7	;volatile
   904     00E0                     l782:
   905                           
   906                           ;I2C.c: 83:     INTCONbits.PEIE = 1;
   907     00E0  170B               	bsf	11,6	;volatile
   908     00E1                     l784:
   909                           
   910                           ;I2C.c: 84:     PIR1bits.SSPIF = 0;
   911     00E1  1283               	bcf	3,5	;RP0=0, select bank0
   912     00E2  1303               	bcf	3,6	;RP1=0, select bank0
   913     00E3  118C               	bcf	12,3	;volatile
   914     00E4                     l786:
   915                           
   916                           ;I2C.c: 85:     PIE1bits.SSPIE = 1;
   917     00E4  1683               	bsf	3,5	;RP0=1, select bank1
   918     00E5  1303               	bcf	3,6	;RP1=0, select bank1
   919     00E6  158C               	bsf	12,3	;volatile
   920     00E7                     l52:
   921     00E7  0008               	return
   922     00E8                     __end_of_I2C_Init_Slave:
   923                           
   924                           	psect	text4
   925     001C                     __ptext4:	
   926 ;; *************** function _isr *****************
   927 ;; Defined at:
   928 ;;		line 47 in file "Proyecto1_Slave2.c"
   929 ;; Parameters:    Size  Location     Type
   930 ;;		None
   931 ;; Auto vars:     Size  Location     Type
   932 ;;		None
   933 ;; Return value:  Size  Location     Type
   934 ;;                  1    wreg      void 
   935 ;; Registers used:
   936 ;;		wreg, status,2, status,0, pclath, cstack
   937 ;; Tracked objects:
   938 ;;		On entry : 0/0
   939 ;;		On exit  : 0/0
   940 ;;		Unchanged: 0/0
   941 ;; Data sizes:     COMMON   BANK0   BANK1   BANK3   BANK2
   942 ;;      Params:         0       0       0       0       0
   943 ;;      Locals:         0       0       0       0       0
   944 ;;      Temps:          3       0       0       0       0
   945 ;;      Totals:         3       0       0       0       0
   946 ;;Total ram usage:        3 bytes
   947 ;; Hardware stack levels used: 1
   948 ;; Hardware stack levels required when called: 1
   949 ;; This function calls:
   950 ;;		_I2C_Write_Slave
   951 ;; This function is called by:
   952 ;;		Interrupt level 1
   953 ;; This function uses a non-reentrant model
   954 ;;
   955                           
   956     001C                     _isr:	
   957                           ;psect for function _isr
   958                           
   959     001C                     i1l900:
   960                           
   961                           ;Proyecto1_Slave2.c: 48:    if(PIR1bits.SSPIF == 1){
   962     001C  1283               	bcf	3,5	;RP0=0, select bank0
   963     001D  1303               	bcf	3,6	;RP1=0, select bank0
   964     001E  1D8C               	btfss	12,3	;volatile
   965     001F  2821               	goto	u9_21
   966     0020  2822               	goto	u9_20
   967     0021                     u9_21:
   968     0021  286C               	goto	i1l156
   969     0022                     u9_20:
   970     0022                     i1l902:
   971                           
   972                           ;Proyecto1_Slave2.c: 50:         SSPCONbits.CKP = 0;
   973     0022  1214               	bcf	20,4	;volatile
   974                           
   975                           ;Proyecto1_Slave2.c: 52:         if ((SSPCONbits.SSPOV) || (SSPCONbits.WCOL)){
   976     0023  1B14               	btfsc	20,6	;volatile
   977     0024  2826               	goto	u10_21
   978     0025  2827               	goto	u10_20
   979     0026                     u10_21:
   980     0026  282B               	goto	i1l906
   981     0027                     u10_20:
   982     0027                     i1l904:
   983     0027  1F94               	btfss	20,7	;volatile
   984     0028  282A               	goto	u11_21
   985     0029  282B               	goto	u11_20
   986     002A                     u11_21:
   987     002A  2830               	goto	i1l914
   988     002B                     u11_20:
   989     002B                     i1l906:
   990                           
   991                           ;Proyecto1_Slave2.c: 53:             z = SSPBUF;
   992     002B  0813               	movf	19,w	;volatile
   993     002C  00F9               	movwf	_z
   994     002D                     i1l908:
   995                           
   996                           ;Proyecto1_Slave2.c: 54:             SSPCONbits.SSPOV = 0;
   997     002D  1314               	bcf	20,6	;volatile
   998     002E                     i1l910:
   999                           
  1000                           ;Proyecto1_Slave2.c: 55:             SSPCONbits.WCOL = 0;
  1001     002E  1394               	bcf	20,7	;volatile
  1002     002F                     i1l912:
  1003                           
  1004                           ;Proyecto1_Slave2.c: 56:             SSPCONbits.CKP = 1;
  1005     002F  1614               	bsf	20,4	;volatile
  1006     0030                     i1l914:
  1007                           
  1008                           ;Proyecto1_Slave2.c: 59:         if(!SSPSTATbits.D_nA && !SSPSTATbits.R_nW) {
  1009     0030  1683               	bsf	3,5	;RP0=1, select bank1
  1010     0031  1303               	bcf	3,6	;RP1=0, select bank1
  1011     0032  1A94               	btfsc	20,5	;volatile
  1012     0033  2835               	goto	u12_21
  1013     0034  2836               	goto	u12_20
  1014     0035                     u12_21:
  1015     0035  2850               	goto	i1l147
  1016     0036                     u12_20:
  1017     0036                     i1l916:
  1018     0036  1914               	btfsc	20,2	;volatile
  1019     0037  2839               	goto	u13_21
  1020     0038  283A               	goto	u13_20
  1021     0039                     u13_21:
  1022     0039  2850               	goto	i1l147
  1023     003A                     u13_20:
  1024     003A                     i1l918:
  1025                           
  1026                           ;Proyecto1_Slave2.c: 61:             z = SSPBUF;
  1027     003A  1283               	bcf	3,5	;RP0=0, select bank0
  1028     003B  1303               	bcf	3,6	;RP1=0, select bank0
  1029     003C  0813               	movf	19,w	;volatile
  1030     003D  00F9               	movwf	_z
  1031     003E                     i1l920:
  1032                           
  1033                           ;Proyecto1_Slave2.c: 63:             PIR1bits.SSPIF = 0;
  1034     003E  118C               	bcf	12,3	;volatile
  1035     003F                     i1l922:
  1036                           
  1037                           ;Proyecto1_Slave2.c: 64:             SSPCONbits.CKP = 1;
  1038     003F  1614               	bsf	20,4	;volatile
  1039     0040                     i1l148:	
  1040                           ;Proyecto1_Slave2.c: 65:             while(!SSPSTATbits.BF);
  1041                           
  1042     0040  1683               	bsf	3,5	;RP0=1, select bank1
  1043     0041  1303               	bcf	3,6	;RP1=0, select bank1
  1044     0042  1C14               	btfss	20,0	;volatile
  1045     0043  2845               	goto	u14_21
  1046     0044  2846               	goto	u14_20
  1047     0045                     u14_21:
  1048     0045  2840               	goto	i1l148
  1049     0046                     u14_20:
  1050     0046                     i1l924:
  1051                           
  1052                           ;Proyecto1_Slave2.c: 66:             PORTB = SSPBUF;
  1053     0046  1283               	bcf	3,5	;RP0=0, select bank0
  1054     0047  1303               	bcf	3,6	;RP1=0, select bank0
  1055     0048  0813               	movf	19,w	;volatile
  1056     0049  0086               	movwf	6	;volatile
  1057                           
  1058                           ;Proyecto1_Slave2.c: 67:             _delay((unsigned long)((250)*(8000000/4000000.0)));
  1059     004A  30A6               	movlw	166
  1060     004B  00F1               	movwf	??_isr
  1061     004C                     u23_27:
  1062     004C  0BF1               	decfsz	??_isr,f
  1063     004D  284C               	goto	u23_27
  1064     004E  0000               	nop
  1065                           
  1066                           ;Proyecto1_Slave2.c: 69:         }else if(!SSPSTATbits.D_nA && SSPSTATbits.R_nW){
  1067     004F  2869               	goto	i1l151
  1068     0050                     i1l147:
  1069     0050  1A94               	btfsc	20,5	;volatile
  1070     0051  2853               	goto	u15_21
  1071     0052  2854               	goto	u15_20
  1072     0053                     u15_21:
  1073     0053  2869               	goto	i1l151
  1074     0054                     u15_20:
  1075     0054                     i1l926:
  1076     0054  1D14               	btfss	20,2	;volatile
  1077     0055  2857               	goto	u16_21
  1078     0056  2858               	goto	u16_20
  1079     0057                     u16_21:
  1080     0057  2869               	goto	i1l151
  1081     0058                     u16_20:
  1082     0058                     i1l928:
  1083                           
  1084                           ;Proyecto1_Slave2.c: 70:             I2C_Write_Slave(pot2);
  1085     0058  087A               	movf	_pot2,w
  1086     0059  120A  118A  2101  120A  118A  	fcall	_I2C_Write_Slave
  1087     005E                     i1l930:
  1088                           
  1089                           ;Proyecto1_Slave2.c: 71:             _delay((unsigned long)((250)*(8000000/4000000.0)));
  1090     005E  30A6               	movlw	166
  1091     005F  00F1               	movwf	??_isr
  1092     0060                     u24_27:
  1093     0060  0BF1               	decfsz	??_isr,f
  1094     0061  2860               	goto	u24_27
  1095     0062  0000               	nop
  1096     0063                     i1l153:	
  1097                           ;Proyecto1_Slave2.c: 72:             while(SSPSTATbits.BF);
  1098                           
  1099     0063  1683               	bsf	3,5	;RP0=1, select bank1
  1100     0064  1303               	bcf	3,6	;RP1=0, select bank1
  1101     0065  1814               	btfsc	20,0	;volatile
  1102     0066  2868               	goto	u17_21
  1103     0067  2869               	goto	u17_20
  1104     0068                     u17_21:
  1105     0068  2863               	goto	i1l153
  1106     0069                     u17_20:
  1107     0069                     i1l151:
  1108                           
  1109                           ;Proyecto1_Slave2.c: 75:         PIR1bits.SSPIF = 0;
  1110     0069  1283               	bcf	3,5	;RP0=0, select bank0
  1111     006A  1303               	bcf	3,6	;RP1=0, select bank0
  1112     006B  118C               	bcf	12,3	;volatile
  1113     006C                     i1l156:
  1114     006C  0873               	movf	??_isr+2,w
  1115     006D  008A               	movwf	10
  1116     006E  0E72               	swapf	??_isr+1,w
  1117     006F  0083               	movwf	3
  1118     0070  0EFE               	swapf	btemp,f
  1119     0071  0E7E               	swapf	btemp,w
  1120     0072  0009               	retfie
  1121     0073                     __end_of_isr:
  1122                           
  1123                           	psect	intentry
  1124     0004                     __pintentry:	
  1125                           ;incstack = 0
  1126                           ; Regs used in _isr: [wreg+status,2+status,0+pclath+cstack]
  1127                           
  1128     0004                     interrupt_function:
  1129     007E                     saved_w	set	btemp
  1130     0004  00FE               	movwf	btemp
  1131     0005  0E03               	swapf	3,w
  1132     0006  00F2               	movwf	??_isr+1
  1133     0007  080A               	movf	10,w
  1134     0008  00F3               	movwf	??_isr+2
  1135     0009  120A  118A  281C   	ljmp	_isr
  1136                           
  1137                           	psect	text5
  1138     0101                     __ptext5:	
  1139 ;; *************** function _I2C_Write_Slave *****************
  1140 ;; Defined at:
  1141 ;;		line 126 in file "I2C.c"
  1142 ;; Parameters:    Size  Location     Type
  1143 ;;  dato_i2c        1    wreg     unsigned char 
  1144 ;; Auto vars:     Size  Location     Type
  1145 ;;  dato_i2c        1    0[COMMON] unsigned char 
  1146 ;;  z               2    0        short 
  1147 ;; Return value:  Size  Location     Type
  1148 ;;                  1    wreg      void 
  1149 ;; Registers used:
  1150 ;;		wreg
  1151 ;; Tracked objects:
  1152 ;;		On entry : 0/0
  1153 ;;		On exit  : 0/0
  1154 ;;		Unchanged: 0/0
  1155 ;; Data sizes:     COMMON   BANK0   BANK1   BANK3   BANK2
  1156 ;;      Params:         0       0       0       0       0
  1157 ;;      Locals:         1       0       0       0       0
  1158 ;;      Temps:          0       0       0       0       0
  1159 ;;      Totals:         1       0       0       0       0
  1160 ;;Total ram usage:        1 bytes
  1161 ;; Hardware stack levels used: 1
  1162 ;; This function calls:
  1163 ;;		Nothing
  1164 ;; This function is called by:
  1165 ;;		_isr
  1166 ;; This function uses a non-reentrant model
  1167 ;;
  1168                           
  1169     0101                     _I2C_Write_Slave:	
  1170                           ;psect for function _I2C_Write_Slave
  1171                           
  1172                           
  1173                           ;incstack = 0
  1174                           ; Regs used in _I2C_Write_Slave: [wreg]
  1175                           ;I2C_Write_Slave@dato_i2c stored from wreg
  1176     0101  00F0               	movwf	I2C_Write_Slave@dato_i2c
  1177     0102                     i1l788:
  1178     0102  1283               	bcf	3,5	;RP0=0, select bank0
  1179     0103  1303               	bcf	3,6	;RP1=0, select bank0
  1180     0104  0813               	movf	19,w	;volatile
  1181     0105                     i1l790:
  1182                           
  1183                           ;I2C.c: 130:     BF = 0;
  1184     0105  1683               	bsf	3,5	;RP0=1, select bank1
  1185     0106  1303               	bcf	3,6	;RP1=0, select bank1
  1186     0107  1014               	bcf	20,0	;volatile
  1187                           
  1188                           ;I2C.c: 131:     SSPBUF = dato_i2c;
  1189     0108  0870               	movf	I2C_Write_Slave@dato_i2c,w
  1190     0109  1283               	bcf	3,5	;RP0=0, select bank0
  1191     010A  1303               	bcf	3,6	;RP1=0, select bank0
  1192     010B  0093               	movwf	19	;volatile
  1193     010C                     i1l792:
  1194                           
  1195                           ;I2C.c: 132:     SSPCONbits.CKP = 1;
  1196     010C  1614               	bsf	20,4	;volatile
  1197     010D                     i1l79:	
  1198                           ;I2C.c: 133:     while(SSPSTATbits.BF == 1);
  1199                           
  1200     010D  1683               	bsf	3,5	;RP0=1, select bank1
  1201     010E  1303               	bcf	3,6	;RP1=0, select bank1
  1202     010F  1814               	btfsc	20,0	;volatile
  1203     0110  2912               	goto	u1_21
  1204     0111  2913               	goto	u1_20
  1205     0112                     u1_21:
  1206     0112  290D               	goto	i1l79
  1207     0113                     u1_20:
  1208     0113                     i1l82:
  1209     0113  0008               	return
  1210     0114                     __end_of_I2C_Write_Slave:
  1211     007E                     btemp	set	126	;btemp
  1212     007E                     wtemp0	set	126
  1213                           
  1214                           	psect	idloc
  1215                           
  1216                           ;Config register IDLOC0 @ 0x2000
  1217                           ;	unspecified, using default values
  1218     2000                     	org	8192
  1219     2000  3FFF               	dw	16383
  1220                           
  1221                           ;Config register IDLOC1 @ 0x2001
  1222                           ;	unspecified, using default values
  1223     2001                     	org	8193
  1224     2001  3FFF               	dw	16383
  1225                           
  1226                           ;Config register IDLOC2 @ 0x2002
  1227                           ;	unspecified, using default values
  1228     2002                     	org	8194
  1229     2002  3FFF               	dw	16383
  1230                           
  1231                           ;Config register IDLOC3 @ 0x2003
  1232                           ;	unspecified, using default values
  1233     2003                     	org	8195
  1234     2003  3FFF               	dw	16383
  1235                           
  1236                           	psect	config
  1237                           
  1238                           ;Config register CONFIG1 @ 0x2007
  1239                           ;	Oscillator Selection bits
  1240                           ;	FOSC = INTRC_NOCLKOUT, INTOSCIO oscillator: I/O function on RA6/OSC2/CLKOUT pin, I/O f
      +                          unction on RA7/OSC1/CLKIN
  1241                           ;	Watchdog Timer Enable bit
  1242                           ;	WDTE = OFF, WDT disabled and can be enabled by SWDTEN bit of the WDTCON register
  1243                           ;	Power-up Timer Enable bit
  1244                           ;	PWRTE = OFF, PWRT disabled
  1245                           ;	RE3/MCLR pin function select bit
  1246                           ;	MCLRE = OFF, RE3/MCLR pin function is digital input, MCLR internally tied to VDD
  1247                           ;	Code Protection bit
  1248                           ;	CP = OFF, Program memory code protection is disabled
  1249                           ;	Data Code Protection bit
  1250                           ;	CPD = OFF, Data memory code protection is disabled
  1251                           ;	Brown Out Reset Selection bits
  1252                           ;	BOREN = OFF, BOR disabled
  1253                           ;	Internal External Switchover bit
  1254                           ;	IESO = OFF, Internal/External Switchover mode is disabled
  1255                           ;	Fail-Safe Clock Monitor Enabled bit
  1256                           ;	FCMEN = OFF, Fail-Safe Clock Monitor is disabled
  1257                           ;	Low Voltage Programming Enable bit
  1258                           ;	LVP = OFF, RB3 pin has digital I/O, HV on MCLR must be used for programming
  1259                           ;	In-Circuit Debugger Mode bit
  1260                           ;	DEBUG = 0x1, unprogramme  1261     2007                     	org	8199
  1262     2007  20D4               	dw	8404
  1263                           
  1264                           ;Config register CONFIG2 @ 0x2008
  1265                           ;	Brown-out Reset Selection bit
  1266                           ;	BOR4V = BOR40V, Brown-out Reset set to 4.0V
  1267                           ;	Flash Program Memory Self Write Enable bits
  1268                           ;	WRT = OFF, Write protection off
  1269     2008                     	org	8200
  1270     2008  3FFF               	dw	16383

Data Sizes:
    Strings     0
    Constant    0
    Data        0
    BSS         7
    Persistent  0
    Stack       0

Auto Spaces:
    Space          Size  Autos    Used
    COMMON           14      8      11
    BANK0            80      0       4
    BANK1            80      0       0
    BANK3            96      0       0
    BANK2            96      0       0

Pointer List with Targets:

    None.

Critical Paths under _main in COMMON

    _main->_setup
    _setup->_adc_init

Critical Paths under _isr in COMMON

    _isr->_I2C_Write_Slave

Critical Paths under _main in BANK0

    None.

Critical Paths under _isr in BANK0

    None.

Critical Paths under _main in BANK1

    None.

Critical Paths under _isr in BANK1

    None.

Critical Paths under _main in BANK3

    None.

Critical Paths under _isr in BANK3

    None.

Critical Paths under _main in BANK2

    None.

Critical Paths under _isr in BANK2

    None.

Call Graph Tables:

 ---------------------------------------------------------------------------------
 (Depth) Function   	        Calls       Base Space   Used Autos Params    Refs
 ---------------------------------------------------------------------------------
 (0) _main                                                 1     1      0      30
                                              7 COMMON     1     1      0
                     _I2C_Init_Slave
                              _setup
 ---------------------------------------------------------------------------------
 (1) _setup                                                1     1      0      15
                                              6 COMMON     1     1      0
                           _adc_init
 ---------------------------------------------------------------------------------
 (2) _adc_init                                             2     2      0      15
                                              4 COMMON     2     2      0
 ---------------------------------------------------------------------------------
 (1) _I2C_Init_Slave                                       1     1      0      15
                                              4 COMMON     1     1      0
 ---------------------------------------------------------------------------------
 Estimated maximum stack depth 2
 ---------------------------------------------------------------------------------
 (Depth) Function   	        Calls       Base Space   Used Autos Params    Refs
 ---------------------------------------------------------------------------------
 (3) _isr                                                  3     3      0      15
                                              1 COMMON     3     3      0
                    _I2C_Write_Slave
 ---------------------------------------------------------------------------------
 (4) _I2C_Write_Slave                                      3     3      0      15
                                              0 COMMON     1     1      0
 ---------------------------------------------------------------------------------
 Estimated maximum stack depth 4
 ---------------------------------------------------------------------------------

 Call Graph Graphs:

 _main (ROOT)
   _I2C_Init_Slave
   _setup
     _adc_init

 _isr (ROOT)
   _I2C_Write_Slave

 Address spaces:
Name               Size   Autos  Total    Cost      Usage
BITCOMMON            E      0       0       0        0.0%
EEDATA             100      0       0       0        0.0%
NULL                 0      0       0       0        0.0%
CODE                 0      0       0       0        0.0%
COMMON               E      8       B       1       78.6%
BITSFR0              0      0       0       1        0.0%
SFR0                 0      0       0       1        0.0%
BITSFR1              0      0       0       2        0.0%
SFR1                 0      0       0       2        0.0%
STACK                0      0       0       2        0.0%
ABS                  0      0       F       3        0.0%
BITBANK0            50      0       0       4        0.0%
BITSFR3              0      0       0       4        0.0%
SFR3                 0      0       0       4        0.0%
BANK0               50      0       4       5        5.0%
BITSFR2              0      0       0       5        0.0%
SFR2                 0      0       0       5        0.0%
BITBANK1            50      0       0       6        0.0%
BANK1               50      0       0       7        0.0%
BITBANK3            60      0       0       8        0.0%
BANK3               60      0       0       9        0.0%
BITBANK2            60      0       0      10        0.0%
BANK2               60      0       0      11        0.0%
DATA                 0      0       F      12        0.0%


Microchip Technology PIC Macro Assembler V2.40 build 20220703182018 
Symbol Table                                                                                   Tue Aug 22 22:42:18 2023

                      _z 0079              _SSPSTATbits 0094                       l13 0100  
                     _BF 04A0                       l52 00E7                      l170 00A6  
                    l162 00C1                      l163 00C9                      l800 007B  
                    l810 0084                      l802 007C                      l820 0099  
                    l812 0087                      l804 007D                      l830 00A3  
                    l822 009D                      l814 008D                      l806 0080  
                    l824 009E                      l816 0091                      l808 0081  
                    l770 00F8                      l762 00E9                      l826 009F  
                    l818 0096                      l780 00DF                      l772 00F9  
                    l764 00EF                      l828 00A0                      l940 00C7  
                    l932 00A7                      l782 00E0                      l774 00FD  
                    l766 00F4                      l934 00B2                      l784 00E1  
                    l776 00CF                      l768 00F7                      l936 00B8  
                    l786 00E4                      l778 00D3                      l794 0073  
                    l938 00BE                      l796 0077                      l798 0078  
                    u207 00BC                      u217 0093                      u227 00FB  
                    u180 00B8                      u181 00B7                      u190 00C7  
                    u191 00C6                      _isr 001C                     ?_isr 0070  
                   i1l82 0113                     i1l79 010D                     u1_20 0113  
                   u1_21 0112                     u9_20 0022                     u9_21 0021  
                   _dato 0078                     _main 00A7                     _pot2 007A  
                   btemp 007E                     start 000C                    ??_isr 0071  
                  ?_main 0070                    _ANSEL 0188          _I2C_Write_Slave 0101  
                  i1l151 0069                    i1l153 0063                    i1l147 0050  
                  i1l148 0040                    i1l156 006C                    i1l900 001C  
                  i1l910 002E                    i1l902 0022                    i1l920 003E  
                  i1l912 002F                    i1l904 0027                    i1l930 005E  
                  i1l922 003F                    i1l914 0030                    i1l906 002B  
                  i1l924 0046                    i1l916 0036                    i1l908 002D  
                  i1l790 0105                    i1l926 0054                    i1l918 003A  
                  i1l792 010C                    i1l928 0058                    i1l788 0102  
                  u10_20 0027                    u10_21 0026                    u11_20 002B  
                  u11_21 002A                    u12_20 0036                    u12_21 0035  
                  u13_20 003A                    u13_21 0039                    u14_20 0046  
                  u14_21 0045                    u15_20 0054                    u15_21 0053  
                  u23_27 004C                    u16_20 0058                    u16_21 0057  
                  u24_27 0060                    u17_20 0069                    u17_21 0068  
                  _PORTB 0006                    _PORTD 0008                    _PORTE 0009  
                  _TRISB 0086                    _TRISD 0088                    _TRISE 0089  
                  _setup 0073                    pclath 000A                    status 0003  
                  wtemp0 007E          __initialization 000F             __end_of_main 00CE  
                 ??_main 0077                   _ADRESH 001E                   ?_setup 0070  
                 _ANSELH 0189         __end_of_adc_init 0101                   _SSPADD 0093  
                 _SSPCON 0014                   _SSPBUF 0013  __end_of_I2C_Write_Slave 0114  
I2C_Write_Slave@dato_i2c 0070                   saved_w 007E  __end_of__initialization 0018  
         __pcstackCOMMON 0070            __end_of_setup 00A7           adc_init@Select 0075  
                ??_setup 0076               __pbssBANK0 0020               __pmaintext 00A7  
       ?_I2C_Write_Slave 0070               __pintentry 0004                ?_adc_init 0070  
                _SSPCON2 0091                  _SSPSTAT 0094           _I2C_Init_Slave 00CE  
             ??_adc_init 0074                  __ptext1 0073                  __ptext2 00E8  
                __ptext3 00CE                  __ptext4 001C                  __ptext5 0101  
                _voltaje 0020     end_of_initialization 0018   __end_of_I2C_Init_Slave 00E8  
              _PORTDbits 0008                _TRISAbits 0085                _TRISCbits 0087  
        ?_I2C_Init_Slave 0070      start_initialization 000F              __end_of_isr 0073  
            __pbssCOMMON 0078                ___latbits 0002        interrupt_function 0004  
               _PIE1bits 008C                 _PIR1bits 000C               _ADCON0bits 001F  
             _ADCON1bits 009F         ??_I2C_Init_Slave 0074                 _adc_init 00E8  
      ??_I2C_Write_Slave 0070               _INTCONbits 000B                 intlevel1 0000  
             _OSCCONbits 008F  I2C_Init_Slave@add_slave 0074               _SSPCONbits 0014  
